DEB [20180115-02:07:15.336] thr=1   paramiko.transport: starting thread (client mode): 0x9a9d0470
DEB [20180115-02:07:15.336] thr=1   paramiko.transport: Local version/idstring: SSH-2.0-paramiko_2.4.0
DEB [20180115-02:07:15.356] thr=1   paramiko.transport: Remote version/idstring: SSH-2.0-OpenSSH_5.3
INF [20180115-02:07:15.356] thr=1   paramiko.transport: Connected (version 2.0, client OpenSSH_5.3)
DEB [20180115-02:07:15.365] thr=1   paramiko.transport: kex algos:['diffie-hellman-group-exchange-sha256', 'diffie-hellman-group-exchange-sha1', 'diffie-hellman-group14-sha1', 'diffie-hellman-group1-sha1'] server key:['ssh-rsa', 'ssh-dss'] client encrypt:['aes128-ctr', 'aes192-ctr', 'aes256-ctr', 'arcfour256', 'arcfour128', 'aes128-cbc', '3des-cbc', 'blowfish-cbc', 'cast128-cbc', 'aes192-cbc', 'aes256-cbc', 'arcfour', 'rijndael-cbc@lysator.liu.se'] server encrypt:['aes128-ctr', 'aes192-ctr', 'aes256-ctr', 'arcfour256', 'arcfour128', 'aes128-cbc', '3des-cbc', 'blowfish-cbc', 'cast128-cbc', 'aes192-cbc', 'aes256-cbc', 'arcfour', 'rijndael-cbc@lysator.liu.se'] client mac:['hmac-md5', 'hmac-sha1', 'umac-64@openssh.com', 'hmac-ripemd160', 'hmac-ripemd160@openssh.com', 'hmac-sha1-96', 'hmac-md5-96'] server mac:['hmac-md5', 'hmac-sha1', 'umac-64@openssh.com', 'hmac-ripemd160', 'hmac-ripemd160@openssh.com', 'hmac-sha1-96', 'hmac-md5-96'] client compress:['none', 'zlib@openssh.com'] server compress:['none', 'zlib@openssh.com'] client lang:[''] server lang:[''] kex follows?False
DEB [20180115-02:07:15.365] thr=1   paramiko.transport: Kex agreed: diffie-hellman-group-exchange-sha256
DEB [20180115-02:07:15.366] thr=1   paramiko.transport: HostKey agreed: ssh-rsa
DEB [20180115-02:07:15.366] thr=1   paramiko.transport: Cipher agreed: aes128-ctr
DEB [20180115-02:07:15.366] thr=1   paramiko.transport: MAC agreed: hmac-sha1
DEB [20180115-02:07:15.366] thr=1   paramiko.transport: Compression agreed: none
DEB [20180115-02:07:15.372] thr=1   paramiko.transport: Got server p (2048 bits)
DEB [20180115-02:07:15.538] thr=1   paramiko.transport: kex engine KexGexSHA256 specified hash_algo <built-in function openssl_sha256>
DEB [20180115-02:07:15.538] thr=1   paramiko.transport: Switch to new keys ...
DEB [20180115-02:07:15.539] thr=2   paramiko.transport: Attempting password auth...
DEB [20180115-02:07:15.590] thr=1   paramiko.transport: userauth is OK
INF [20180115-02:07:15.620] thr=1   paramiko.transport: Authentication (password) successful!
DEB [20180115-02:07:15.620] thr=2   paramiko.transport: [chan 0] Max packet in: 32768 bytes
DEB [20180115-02:07:15.626] thr=1   paramiko.transport: [chan 0] Max packet out: 32768 bytes
DEB [20180115-02:07:15.626] thr=1   paramiko.transport: Secsh channel 0 opened.
DEB [20180115-02:07:15.637] thr=1   paramiko.transport: [chan 0] Sesch channel 0 request ok
INF [20180115-02:07:15.674] thr=2   paramiko.transport.sftp: [chan 0] Opened sftp connection (server version 3)
DEB [20180115-02:07:15.675] thr=2   paramiko.transport.sftp: [chan 0] open(b'/home/nasinha/cases/Teradata_02008743/ODBC_set.zip', 'rb')
DEB [20180115-02:07:15.681] thr=2   paramiko.transport.sftp: [chan 0] open(b'/home/nasinha/cases/Teradata_02008743/ODBC_set.zip', 'rb') -> 00000000
INF [20180115-02:07:15.687] thr=2   paramiko.transport.sftp: [chan 0] sftp session closed.
DEB [20180115-02:07:15.687] thr=2   paramiko.transport: [chan 0] EOF sent (0)
DEB [20180115-02:07:15.693] thr=1   paramiko.transport: [chan 0] EOF received (0)
DEB [20180115-02:07:15.720] thr=3   paramiko.transport: starting thread (client mode): 0x9abf3d68
DEB [20180115-02:07:15.720] thr=4   paramiko.transport: starting thread (client mode): 0x9abdffd0
DEB [20180115-02:07:15.720] thr=5   paramiko.transport: starting thread (client mode): 0x9abdfeb8
DEB [20180115-02:07:15.722] thr=6   paramiko.transport: starting thread (client mode): 0x9abfd7f0
DEB [20180115-02:07:15.722] thr=7   paramiko.transport: starting thread (client mode): 0x9abf33c8
DEB [20180115-02:07:15.723] thr=8   paramiko.transport: starting thread (client mode): 0x9abf3630
DEB [20180115-02:07:15.723] thr=9   paramiko.transport: starting thread (client mode): 0x9abf3550
DEB [20180115-02:07:15.723] thr=10  paramiko.transport: starting thread (client mode): 0x9abf3128
DEB [20180115-02:07:15.723] thr=3   paramiko.transport: Local version/idstring: SSH-2.0-paramiko_2.4.0
DEB [20180115-02:07:15.724] thr=11  paramiko.transport: starting thread (client mode): 0x9abf3898
DEB [20180115-02:07:15.724] thr=12  paramiko.transport: starting thread (client mode): 0x9abfd2b0
DEB [20180115-02:07:15.724] thr=13  paramiko.transport: starting thread (client mode): 0x9abf3a58
DEB [20180115-02:07:15.724] thr=14  paramiko.transport: starting thread (client mode): 0x9abfd4a8
DEB [20180115-02:07:15.725] thr=15  paramiko.transport: starting thread (client mode): 0x9abf37b8
DEB [20180115-02:07:15.726] thr=16  paramiko.transport: starting thread (client mode): 0x9abf3be0
DEB [20180115-02:07:15.728] thr=17  paramiko.transport: starting thread (client mode): 0x9abf3198
DEB [20180115-02:07:15.728] thr=18  paramiko.transport: starting thread (client mode): 0x9abfdac8
DEB [20180115-02:07:15.728] thr=19  paramiko.transport: starting thread (client mode): 0x9ac034e0
DEB [20180115-02:07:15.729] thr=20  paramiko.transport: starting thread (client mode): 0x9abfdcc0
DEB [20180115-02:07:15.729] thr=21  paramiko.transport: starting thread (client mode): 0x9abfd470
DEB [20180115-02:07:15.730] thr=22  paramiko.transport: starting thread (client mode): 0x9abfd128
DEB [20180115-02:07:15.730] thr=23  paramiko.transport: starting thread (client mode): 0x9ac03668
DEB [20180115-02:07:15.730] thr=24  paramiko.transport: starting thread (client mode): 0x9ac03358
DEB [20180115-02:07:15.730] thr=25  paramiko.transport: starting thread (client mode): 0x9abfd940
DEB [20180115-02:07:15.730] thr=26  paramiko.transport: starting thread (client mode): 0x9ac03a20
DEB [20180115-02:07:15.731] thr=4   paramiko.transport: Local version/idstring: SSH-2.0-paramiko_2.4.0
DEB [20180115-02:07:15.731] thr=27  paramiko.transport: starting thread (client mode): 0x9abfdc50
DEB [20180115-02:07:15.731] thr=28  paramiko.transport: starting thread (client mode): 0x9abf3f60
DEB [20180115-02:07:15.731] thr=29  paramiko.transport: starting thread (client mode): 0x9ac036d8
DEB [20180115-02:07:15.732] thr=30  paramiko.transport: starting thread (client mode): 0x9ac031d0
DEB [20180115-02:07:15.732] thr=31  paramiko.transport: starting thread (client mode): 0x9ac03be0
DEB [20180115-02:07:15.732] thr=32  paramiko.transport: starting thread (client mode): 0x9ac03048
DEB [20180115-02:07:15.733] thr=5   paramiko.transport: Local version/idstring: SSH-2.0-paramiko_2.4.0
DEB [20180115-02:07:15.733] thr=6   paramiko.transport: Local version/idstring: SSH-2.0-paramiko_2.4.0
DEB [20180115-02:07:15.733] thr=8   paramiko.transport: Local version/idstring: SSH-2.0-paramiko_2.4.0
DEB [20180115-02:07:15.733] thr=7   paramiko.transport: Local version/idstring: SSH-2.0-paramiko_2.4.0
DEB [20180115-02:07:15.733] thr=9   paramiko.transport: Local version/idstring: SSH-2.0-paramiko_2.4.0
DEB [20180115-02:07:15.734] thr=10  paramiko.transport: Local version/idstring: SSH-2.0-paramiko_2.4.0
DEB [20180115-02:07:15.734] thr=11  paramiko.transport: Local version/idstring: SSH-2.0-paramiko_2.4.0
DEB [20180115-02:07:15.734] thr=12  paramiko.transport: Local version/idstring: SSH-2.0-paramiko_2.4.0
DEB [20180115-02:07:15.734] thr=13  paramiko.transport: Local version/idstring: SSH-2.0-paramiko_2.4.0
DEB [20180115-02:07:15.734] thr=14  paramiko.transport: Local version/idstring: SSH-2.0-paramiko_2.4.0
DEB [20180115-02:07:15.734] thr=15  paramiko.transport: Local version/idstring: SSH-2.0-paramiko_2.4.0
DEB [20180115-02:07:15.735] thr=16  paramiko.transport: Local version/idstring: SSH-2.0-paramiko_2.4.0
DEB [20180115-02:07:15.735] thr=17  paramiko.transport: Local version/idstring: SSH-2.0-paramiko_2.4.0
DEB [20180115-02:07:15.735] thr=18  paramiko.transport: Local version/idstring: SSH-2.0-paramiko_2.4.0
DEB [20180115-02:07:15.735] thr=19  paramiko.transport: Local version/idstring: SSH-2.0-paramiko_2.4.0
DEB [20180115-02:07:15.735] thr=20  paramiko.transport: Local version/idstring: SSH-2.0-paramiko_2.4.0
DEB [20180115-02:07:15.735] thr=21  paramiko.transport: Local version/idstring: SSH-2.0-paramiko_2.4.0
DEB [20180115-02:07:15.735] thr=22  paramiko.transport: Local version/idstring: SSH-2.0-paramiko_2.4.0
DEB [20180115-02:07:15.736] thr=23  paramiko.transport: Local version/idstring: SSH-2.0-paramiko_2.4.0
DEB [20180115-02:07:15.736] thr=24  paramiko.transport: Local version/idstring: SSH-2.0-paramiko_2.4.0
DEB [20180115-02:07:15.736] thr=25  paramiko.transport: Local version/idstring: SSH-2.0-paramiko_2.4.0
DEB [20180115-02:07:15.736] thr=26  paramiko.transport: Local version/idstring: SSH-2.0-paramiko_2.4.0
DEB [20180115-02:07:15.736] thr=27  paramiko.transport: Local version/idstring: SSH-2.0-paramiko_2.4.0
DEB [20180115-02:07:15.736] thr=3   paramiko.transport: Remote version/idstring: SSH-2.0-OpenSSH_5.3
DEB [20180115-02:07:15.736] thr=29  paramiko.transport: Local version/idstring: SSH-2.0-paramiko_2.4.0
DEB [20180115-02:07:15.736] thr=28  paramiko.transport: Local version/idstring: SSH-2.0-paramiko_2.4.0
DEB [20180115-02:07:15.736] thr=30  paramiko.transport: Local version/idstring: SSH-2.0-paramiko_2.4.0
DEB [20180115-02:07:15.736] thr=4   paramiko.transport: Remote version/idstring: SSH-2.0-OpenSSH_5.3
DEB [20180115-02:07:15.736] thr=31  paramiko.transport: Local version/idstring: SSH-2.0-paramiko_2.4.0
DEB [20180115-02:07:15.736] thr=5   paramiko.transport: Remote version/idstring: SSH-2.0-OpenSSH_5.3
ERR [20180115-02:07:15.737] thr=6   paramiko.transport: Exception: Error reading SSH protocol banner
DEB [20180115-02:07:15.737] thr=32  paramiko.transport: Local version/idstring: SSH-2.0-paramiko_2.4.0
DEB [20180115-02:07:15.737] thr=8   paramiko.transport: Remote version/idstring: SSH-2.0-OpenSSH_5.3
DEB [20180115-02:07:15.737] thr=7   paramiko.transport: Remote version/idstring: SSH-2.0-OpenSSH_5.3
DEB [20180115-02:07:15.737] thr=9   paramiko.transport: Remote version/idstring: SSH-2.0-OpenSSH_5.3
DEB [20180115-02:07:15.738] thr=10  paramiko.transport: Remote version/idstring: SSH-2.0-OpenSSH_5.3
ERR [20180115-02:07:15.738] thr=11  paramiko.transport: Exception: Error reading SSH protocol banner
ERR [20180115-02:07:15.738] thr=12  paramiko.transport: Exception: Error reading SSH protocol banner
ERR [20180115-02:07:15.738] thr=13  paramiko.transport: Exception: Error reading SSH protocol banner
ERR [20180115-02:07:15.738] thr=14  paramiko.transport: Exception: Error reading SSH protocol banner
DEB [20180115-02:07:15.738] thr=15  paramiko.transport: Remote version/idstring: SSH-2.0-OpenSSH_5.3
ERR [20180115-02:07:15.738] thr=16  paramiko.transport: Exception: Error reading SSH protocol banner
DEB [20180115-02:07:15.738] thr=17  paramiko.transport: Remote version/idstring: SSH-2.0-OpenSSH_5.3
ERR [20180115-02:07:15.739] thr=18  paramiko.transport: Exception: Error reading SSH protocol banner
ERR [20180115-02:07:15.739] thr=19  paramiko.transport: Exception: Error reading SSH protocol banner
ERR [20180115-02:07:15.739] thr=20  paramiko.transport: Exception: Error reading SSH protocol banner
ERR [20180115-02:07:15.739] thr=21  paramiko.transport: Exception: Error reading SSH protocol banner
ERR [20180115-02:07:15.740] thr=22  paramiko.transport: Exception: Error reading SSH protocol banner
ERR [20180115-02:07:15.740] thr=23  paramiko.transport: Exception: Error reading SSH protocol banner
ERR [20180115-02:07:15.740] thr=24  paramiko.transport: Exception: Error reading SSH protocol banner
ERR [20180115-02:07:15.740] thr=25  paramiko.transport: Exception: Error reading SSH protocol banner
ERR [20180115-02:07:15.740] thr=26  paramiko.transport: Exception: Error reading SSH protocol banner
ERR [20180115-02:07:15.740] thr=27  paramiko.transport: Exception: Error reading SSH protocol banner
INF [20180115-02:07:15.740] thr=3   paramiko.transport: Connected (version 2.0, client OpenSSH_5.3)
ERR [20180115-02:07:15.740] thr=29  paramiko.transport: Exception: Error reading SSH protocol banner
DEB [20180115-02:07:15.740] thr=28  paramiko.transport: Remote version/idstring: SSH-2.0-OpenSSH_5.3
ERR [20180115-02:07:15.740] thr=30  paramiko.transport: Exception: Error reading SSH protocol banner
INF [20180115-02:07:15.740] thr=4   paramiko.transport: Connected (version 2.0, client OpenSSH_5.3)
ERR [20180115-02:07:15.741] thr=31  paramiko.transport: Exception: Error reading SSH protocol banner
INF [20180115-02:07:15.741] thr=5   paramiko.transport: Connected (version 2.0, client OpenSSH_5.3)
INF [20180115-02:07:15.741] thr=8   paramiko.transport: Connected (version 2.0, client OpenSSH_5.3)
ERR [20180115-02:07:15.741] thr=32  paramiko.transport: Exception: Error reading SSH protocol banner
INF [20180115-02:07:15.741] thr=7   paramiko.transport: Connected (version 2.0, client OpenSSH_5.3)
INF [20180115-02:07:15.742] thr=9   paramiko.transport: Connected (version 2.0, client OpenSSH_5.3)
ERR [20180115-02:07:15.742] thr=6   paramiko.transport: Traceback (most recent call last):
INF [20180115-02:07:15.742] thr=10  paramiko.transport: Connected (version 2.0, client OpenSSH_5.3)
ERR [20180115-02:07:15.743] thr=11  paramiko.transport: Traceback (most recent call last):
ERR [20180115-02:07:15.744] thr=12  paramiko.transport: Traceback (most recent call last):
INF [20180115-02:07:15.744] thr=15  paramiko.transport: Connected (version 2.0, client OpenSSH_5.3)
ERR [20180115-02:07:15.744] thr=13  paramiko.transport: Traceback (most recent call last):
ERR [20180115-02:07:15.744] thr=14  paramiko.transport: Traceback (most recent call last):
INF [20180115-02:07:15.745] thr=17  paramiko.transport: Connected (version 2.0, client OpenSSH_5.3)
ERR [20180115-02:07:15.745] thr=16  paramiko.transport: Traceback (most recent call last):
ERR [20180115-02:07:15.746] thr=18  paramiko.transport: Traceback (most recent call last):
ERR [20180115-02:07:15.746] thr=19  paramiko.transport: Traceback (most recent call last):
ERR [20180115-02:07:15.746] thr=20  paramiko.transport: Traceback (most recent call last):
ERR [20180115-02:07:15.746] thr=21  paramiko.transport: Traceback (most recent call last):
ERR [20180115-02:07:15.747] thr=22  paramiko.transport: Traceback (most recent call last):
ERR [20180115-02:07:15.747] thr=23  paramiko.transport: Traceback (most recent call last):
ERR [20180115-02:07:15.747] thr=24  paramiko.transport: Traceback (most recent call last):
ERR [20180115-02:07:15.748] thr=25  paramiko.transport: Traceback (most recent call last):
ERR [20180115-02:07:15.748] thr=26  paramiko.transport: Traceback (most recent call last):
INF [20180115-02:07:15.748] thr=28  paramiko.transport: Connected (version 2.0, client OpenSSH_5.3)
ERR [20180115-02:07:15.749] thr=27  paramiko.transport: Traceback (most recent call last):
ERR [20180115-02:07:15.749] thr=29  paramiko.transport: Traceback (most recent call last):
ERR [20180115-02:07:15.750] thr=30  paramiko.transport: Traceback (most recent call last):
ERR [20180115-02:07:15.751] thr=31  paramiko.transport: Traceback (most recent call last):
ERR [20180115-02:07:15.752] thr=32  paramiko.transport: Traceback (most recent call last):
ERR [20180115-02:07:15.752] thr=6   paramiko.transport:   File "site-packages\paramiko\transport.py", line 2003, in _check_banner
ERR [20180115-02:07:15.752] thr=11  paramiko.transport:   File "site-packages\paramiko\transport.py", line 2003, in _check_banner
ERR [20180115-02:07:15.752] thr=12  paramiko.transport:   File "site-packages\paramiko\transport.py", line 2003, in _check_banner
ERR [20180115-02:07:15.753] thr=13  paramiko.transport:   File "site-packages\paramiko\transport.py", line 2003, in _check_banner
ERR [20180115-02:07:15.753] thr=14  paramiko.transport:   File "site-packages\paramiko\transport.py", line 2003, in _check_banner
ERR [20180115-02:07:15.753] thr=16  paramiko.transport:   File "site-packages\paramiko\transport.py", line 2003, in _check_banner
ERR [20180115-02:07:15.754] thr=18  paramiko.transport:   File "site-packages\paramiko\transport.py", line 2003, in _check_banner
ERR [20180115-02:07:15.754] thr=19  paramiko.transport:   File "site-packages\paramiko\transport.py", line 2003, in _check_banner
ERR [20180115-02:07:15.754] thr=20  paramiko.transport:   File "site-packages\paramiko\transport.py", line 2003, in _check_banner
ERR [20180115-02:07:15.754] thr=21  paramiko.transport:   File "site-packages\paramiko\transport.py", line 2003, in _check_banner
ERR [20180115-02:07:15.754] thr=22  paramiko.transport:   File "site-packages\paramiko\transport.py", line 2003, in _check_banner
ERR [20180115-02:07:15.754] thr=23  paramiko.transport:   File "site-packages\paramiko\transport.py", line 2003, in _check_banner
ERR [20180115-02:07:15.754] thr=24  paramiko.transport:   File "site-packages\paramiko\transport.py", line 2003, in _check_banner
ERR [20180115-02:07:15.754] thr=25  paramiko.transport:   File "site-packages\paramiko\transport.py", line 2003, in _check_banner
ERR [20180115-02:07:15.754] thr=26  paramiko.transport:   File "site-packages\paramiko\transport.py", line 2003, in _check_banner
ERR [20180115-02:07:15.755] thr=27  paramiko.transport:   File "site-packages\paramiko\transport.py", line 2003, in _check_banner
ERR [20180115-02:07:15.755] thr=29  paramiko.transport:   File "site-packages\paramiko\transport.py", line 2003, in _check_banner
ERR [20180115-02:07:15.755] thr=30  paramiko.transport:   File "site-packages\paramiko\transport.py", line 2003, in _check_banner
ERR [20180115-02:07:15.755] thr=31  paramiko.transport:   File "site-packages\paramiko\transport.py", line 2003, in _check_banner
ERR [20180115-02:07:15.755] thr=32  paramiko.transport:   File "site-packages\paramiko\transport.py", line 2003, in _check_banner
ERR [20180115-02:07:15.755] thr=6   paramiko.transport:   File "site-packages\paramiko\packet.py", line 353, in readline
ERR [20180115-02:07:15.756] thr=11  paramiko.transport:   File "site-packages\paramiko\packet.py", line 353, in readline
ERR [20180115-02:07:15.756] thr=12  paramiko.transport:   File "site-packages\paramiko\packet.py", line 353, in readline
ERR [20180115-02:07:15.756] thr=13  paramiko.transport:   File "site-packages\paramiko\packet.py", line 353, in readline
ERR [20180115-02:07:15.756] thr=14  paramiko.transport:   File "site-packages\paramiko\packet.py", line 353, in readline
ERR [20180115-02:07:15.756] thr=16  paramiko.transport:   File "site-packages\paramiko\packet.py", line 353, in readline
ERR [20180115-02:07:15.756] thr=18  paramiko.transport:   File "site-packages\paramiko\packet.py", line 353, in readline
ERR [20180115-02:07:15.756] thr=19  paramiko.transport:   File "site-packages\paramiko\packet.py", line 353, in readline
ERR [20180115-02:07:15.756] thr=20  paramiko.transport:   File "site-packages\paramiko\packet.py", line 353, in readline
ERR [20180115-02:07:15.756] thr=21  paramiko.transport:   File "site-packages\paramiko\packet.py", line 353, in readline
ERR [20180115-02:07:15.756] thr=22  paramiko.transport:   File "site-packages\paramiko\packet.py", line 353, in readline
ERR [20180115-02:07:15.756] thr=23  paramiko.transport:   File "site-packages\paramiko\packet.py", line 353, in readline
ERR [20180115-02:07:15.756] thr=24  paramiko.transport:   File "site-packages\paramiko\packet.py", line 353, in readline
ERR [20180115-02:07:15.756] thr=25  paramiko.transport:   File "site-packages\paramiko\packet.py", line 353, in readline
ERR [20180115-02:07:15.756] thr=26  paramiko.transport:   File "site-packages\paramiko\packet.py", line 353, in readline
ERR [20180115-02:07:15.756] thr=27  paramiko.transport:   File "site-packages\paramiko\packet.py", line 353, in readline
ERR [20180115-02:07:15.756] thr=29  paramiko.transport:   File "site-packages\paramiko\packet.py", line 353, in readline
ERR [20180115-02:07:15.756] thr=30  paramiko.transport:   File "site-packages\paramiko\packet.py", line 353, in readline
ERR [20180115-02:07:15.756] thr=31  paramiko.transport:   File "site-packages\paramiko\packet.py", line 353, in readline
ERR [20180115-02:07:15.757] thr=32  paramiko.transport:   File "site-packages\paramiko\packet.py", line 353, in readline
ERR [20180115-02:07:15.757] thr=6   paramiko.transport:   File "site-packages\paramiko\packet.py", line 542, in _read_timeout
ERR [20180115-02:07:15.757] thr=11  paramiko.transport:   File "site-packages\paramiko\packet.py", line 542, in _read_timeout
ERR [20180115-02:07:15.757] thr=12  paramiko.transport:   File "site-packages\paramiko\packet.py", line 542, in _read_timeout
ERR [20180115-02:07:15.758] thr=13  paramiko.transport:   File "site-packages\paramiko\packet.py", line 542, in _read_timeout
ERR [20180115-02:07:15.758] thr=14  paramiko.transport:   File "site-packages\paramiko\packet.py", line 542, in _read_timeout
ERR [20180115-02:07:15.758] thr=16  paramiko.transport:   File "site-packages\paramiko\packet.py", line 542, in _read_timeout
ERR [20180115-02:07:15.758] thr=18  paramiko.transport:   File "site-packages\paramiko\packet.py", line 542, in _read_timeout
ERR [20180115-02:07:15.758] thr=19  paramiko.transport:   File "site-packages\paramiko\packet.py", line 542, in _read_timeout
ERR [20180115-02:07:15.758] thr=20  paramiko.transport:   File "site-packages\paramiko\packet.py", line 542, in _read_timeout
ERR [20180115-02:07:15.758] thr=21  paramiko.transport:   File "site-packages\paramiko\packet.py", line 542, in _read_timeout
ERR [20180115-02:07:15.758] thr=22  paramiko.transport:   File "site-packages\paramiko\packet.py", line 542, in _read_timeout
ERR [20180115-02:07:15.759] thr=23  paramiko.transport:   File "site-packages\paramiko\packet.py", line 542, in _read_timeout
ERR [20180115-02:07:15.759] thr=24  paramiko.transport:   File "site-packages\paramiko\packet.py", line 542, in _read_timeout
ERR [20180115-02:07:15.759] thr=25  paramiko.transport:   File "site-packages\paramiko\packet.py", line 542, in _read_timeout
ERR [20180115-02:07:15.759] thr=26  paramiko.transport:   File "site-packages\paramiko\packet.py", line 542, in _read_timeout
ERR [20180115-02:07:15.759] thr=27  paramiko.transport:   File "site-packages\paramiko\packet.py", line 542, in _read_timeout
DEB [20180115-02:07:15.759] thr=3   paramiko.transport: kex algos:['diffie-hellman-group-exchange-sha256', 'diffie-hellman-group-exchange-sha1', 'diffie-hellman-group14-sha1', 'diffie-hellman-group1-sha1'] server key:['ssh-rsa', 'ssh-dss'] client encrypt:['aes128-ctr', 'aes192-ctr', 'aes256-ctr', 'arcfour256', 'arcfour128', 'aes128-cbc', '3des-cbc', 'blowfish-cbc', 'cast128-cbc', 'aes192-cbc', 'aes256-cbc', 'arcfour', 'rijndael-cbc@lysator.liu.se'] server encrypt:['aes128-ctr', 'aes192-ctr', 'aes256-ctr', 'arcfour256', 'arcfour128', 'aes128-cbc', '3des-cbc', 'blowfish-cbc', 'cast128-cbc', 'aes192-cbc', 'aes256-cbc', 'arcfour', 'rijndael-cbc@lysator.liu.se'] client mac:['hmac-md5', 'hmac-sha1', 'umac-64@openssh.com', 'hmac-ripemd160', 'hmac-ripemd160@openssh.com', 'hmac-sha1-96', 'hmac-md5-96'] server mac:['hmac-md5', 'hmac-sha1', 'umac-64@openssh.com', 'hmac-ripemd160', 'hmac-ripemd160@openssh.com', 'hmac-sha1-96', 'hmac-md5-96'] client compress:['none', 'zlib@openssh.com'] server compress:['none', 'zlib@openssh.com'] client lang:[''] server lang:[''] kex follows?False
ERR [20180115-02:07:15.759] thr=29  paramiko.transport:   File "site-packages\paramiko\packet.py", line 542, in _read_timeout
ERR [20180115-02:07:15.759] thr=30  paramiko.transport:   File "site-packages\paramiko\packet.py", line 542, in _read_timeout
ERR [20180115-02:07:15.759] thr=31  paramiko.transport:   File "site-packages\paramiko\packet.py", line 542, in _read_timeout
ERR [20180115-02:07:15.759] thr=32  paramiko.transport:   File "site-packages\paramiko\packet.py", line 542, in _read_timeout
DEB [20180115-02:07:15.760] thr=4   paramiko.transport: kex algos:['diffie-hellman-group-exchange-sha256', 'diffie-hellman-group-exchange-sha1', 'diffie-hellman-group14-sha1', 'diffie-hellman-group1-sha1'] server key:['ssh-rsa', 'ssh-dss'] client encrypt:['aes128-ctr', 'aes192-ctr', 'aes256-ctr', 'arcfour256', 'arcfour128', 'aes128-cbc', '3des-cbc', 'blowfish-cbc', 'cast128-cbc', 'aes192-cbc', 'aes256-cbc', 'arcfour', 'rijndael-cbc@lysator.liu.se'] server encrypt:['aes128-ctr', 'aes192-ctr', 'aes256-ctr', 'arcfour256', 'arcfour128', 'aes128-cbc', '3des-cbc', 'blowfish-cbc', 'cast128-cbc', 'aes192-cbc', 'aes256-cbc', 'arcfour', 'rijndael-cbc@lysator.liu.se'] client mac:['hmac-md5', 'hmac-sha1', 'umac-64@openssh.com', 'hmac-ripemd160', 'hmac-ripemd160@openssh.com', 'hmac-sha1-96', 'hmac-md5-96'] server mac:['hmac-md5', 'hmac-sha1', 'umac-64@openssh.com', 'hmac-ripemd160', 'hmac-ripemd160@openssh.com', 'hmac-sha1-96', 'hmac-md5-96'] client compress:['none', 'zlib@openssh.com'] server compress:['none', 'zlib@openssh.com'] client lang:[''] server lang:[''] kex follows?False
ERR [20180115-02:07:15.760] thr=6   paramiko.transport: EOFError
DEB [20180115-02:07:15.760] thr=5   paramiko.transport: kex algos:['diffie-hellman-group-exchange-sha256', 'diffie-hellman-group-exchange-sha1', 'diffie-hellman-group14-sha1', 'diffie-hellman-group1-sha1'] server key:['ssh-rsa', 'ssh-dss'] client encrypt:['aes128-ctr', 'aes192-ctr', 'aes256-ctr', 'arcfour256', 'arcfour128', 'aes128-cbc', '3des-cbc', 'blowfish-cbc', 'cast128-cbc', 'aes192-cbc', 'aes256-cbc', 'arcfour', 'rijndael-cbc@lysator.liu.se'] server encrypt:['aes128-ctr', 'aes192-ctr', 'aes256-ctr', 'arcfour256', 'arcfour128', 'aes128-cbc', '3des-cbc', 'blowfish-cbc', 'cast128-cbc', 'aes192-cbc', 'aes256-cbc', 'arcfour', 'rijndael-cbc@lysator.liu.se'] client mac:['hmac-md5', 'hmac-sha1', 'umac-64@openssh.com', 'hmac-ripemd160', 'hmac-ripemd160@openssh.com', 'hmac-sha1-96', 'hmac-md5-96'] server mac:['hmac-md5', 'hmac-sha1', 'umac-64@openssh.com', 'hmac-ripemd160', 'hmac-ripemd160@openssh.com', 'hmac-sha1-96', 'hmac-md5-96'] client compress:['none', 'zlib@openssh.com'] server compress:['none', 'zlib@openssh.com'] client lang:[''] server lang:[''] kex follows?False
ERR [20180115-02:07:15.760] thr=11  paramiko.transport: EOFError
ERR [20180115-02:07:15.760] thr=12  paramiko.transport: EOFError
ERR [20180115-02:07:15.760] thr=13  paramiko.transport: EOFError
ERR [20180115-02:07:15.760] thr=14  paramiko.transport: EOFError
ERR [20180115-02:07:15.760] thr=16  paramiko.transport: EOFError
ERR [20180115-02:07:15.760] thr=18  paramiko.transport: EOFError
ERR [20180115-02:07:15.761] thr=19  paramiko.transport: EOFError
ERR [20180115-02:07:15.761] thr=20  paramiko.transport: EOFError
ERR [20180115-02:07:15.761] thr=21  paramiko.transport: EOFError
ERR [20180115-02:07:15.761] thr=22  paramiko.transport: EOFError
ERR [20180115-02:07:15.761] thr=23  paramiko.transport: EOFError
ERR [20180115-02:07:15.761] thr=24  paramiko.transport: EOFError
ERR [20180115-02:07:15.761] thr=25  paramiko.transport: EOFError
ERR [20180115-02:07:15.761] thr=26  paramiko.transport: EOFError
ERR [20180115-02:07:15.761] thr=27  paramiko.transport: EOFError
DEB [20180115-02:07:15.761] thr=3   paramiko.transport: Kex agreed: diffie-hellman-group-exchange-sha256
ERR [20180115-02:07:15.762] thr=29  paramiko.transport: EOFError
ERR [20180115-02:07:15.762] thr=30  paramiko.transport: EOFError
ERR [20180115-02:07:15.762] thr=31  paramiko.transport: EOFError
ERR [20180115-02:07:15.762] thr=32  paramiko.transport: EOFError
DEB [20180115-02:07:15.762] thr=4   paramiko.transport: Kex agreed: diffie-hellman-group-exchange-sha256
ERR [20180115-02:07:15.762] thr=6   paramiko.transport: 
DEB [20180115-02:07:15.762] thr=5   paramiko.transport: Kex agreed: diffie-hellman-group-exchange-sha256
ERR [20180115-02:07:15.762] thr=11  paramiko.transport: 
ERR [20180115-02:07:15.762] thr=12  paramiko.transport: 
ERR [20180115-02:07:15.762] thr=13  paramiko.transport: 
ERR [20180115-02:07:15.762] thr=14  paramiko.transport: 
ERR [20180115-02:07:15.762] thr=16  paramiko.transport: 
ERR [20180115-02:07:15.763] thr=18  paramiko.transport: 
ERR [20180115-02:07:15.763] thr=19  paramiko.transport: 
ERR [20180115-02:07:15.763] thr=20  paramiko.transport: 
ERR [20180115-02:07:15.763] thr=21  paramiko.transport: 
ERR [20180115-02:07:15.763] thr=22  paramiko.transport: 
ERR [20180115-02:07:15.763] thr=23  paramiko.transport: 
ERR [20180115-02:07:15.763] thr=24  paramiko.transport: 
ERR [20180115-02:07:15.763] thr=25  paramiko.transport: 
ERR [20180115-02:07:15.763] thr=26  paramiko.transport: 
ERR [20180115-02:07:15.763] thr=27  paramiko.transport: 
DEB [20180115-02:07:15.763] thr=3   paramiko.transport: HostKey agreed: ssh-rsa
ERR [20180115-02:07:15.763] thr=29  paramiko.transport: 
ERR [20180115-02:07:15.764] thr=30  paramiko.transport: 
ERR [20180115-02:07:15.764] thr=31  paramiko.transport: 
ERR [20180115-02:07:15.764] thr=32  paramiko.transport: 
DEB [20180115-02:07:15.764] thr=4   paramiko.transport: HostKey agreed: ssh-rsa
ERR [20180115-02:07:15.764] thr=6   paramiko.transport: During handling of the above exception, another exception occurred:
DEB [20180115-02:07:15.764] thr=5   paramiko.transport: HostKey agreed: ssh-rsa
ERR [20180115-02:07:15.764] thr=11  paramiko.transport: During handling of the above exception, another exception occurred:
ERR [20180115-02:07:15.764] thr=12  paramiko.transport: During handling of the above exception, another exception occurred:
ERR [20180115-02:07:15.764] thr=13  paramiko.transport: During handling of the above exception, another exception occurred:
ERR [20180115-02:07:15.764] thr=14  paramiko.transport: During handling of the above exception, another exception occurred:
ERR [20180115-02:07:15.764] thr=16  paramiko.transport: During handling of the above exception, another exception occurred:
ERR [20180115-02:07:15.764] thr=18  paramiko.transport: During handling of the above exception, another exception occurred:
ERR [20180115-02:07:15.765] thr=19  paramiko.transport: During handling of the above exception, another exception occurred:
ERR [20180115-02:07:15.765] thr=20  paramiko.transport: During handling of the above exception, another exception occurred:
ERR [20180115-02:07:15.765] thr=21  paramiko.transport: During handling of the above exception, another exception occurred:
DEB [20180115-02:07:15.765] thr=7   paramiko.transport: kex algos:['diffie-hellman-group-exchange-sha256', 'diffie-hellman-group-exchange-sha1', 'diffie-hellman-group14-sha1', 'diffie-hellman-group1-sha1'] server key:['ssh-rsa', 'ssh-dss'] client encrypt:['aes128-ctr', 'aes192-ctr', 'aes256-ctr', 'arcfour256', 'arcfour128', 'aes128-cbc', '3des-cbc', 'blowfish-cbc', 'cast128-cbc', 'aes192-cbc', 'aes256-cbc', 'arcfour', 'rijndael-cbc@lysator.liu.se'] server encrypt:['aes128-ctr', 'aes192-ctr', 'aes256-ctr', 'arcfour256', 'arcfour128', 'aes128-cbc', '3des-cbc', 'blowfish-cbc', 'cast128-cbc', 'aes192-cbc', 'aes256-cbc', 'arcfour', 'rijndael-cbc@lysator.liu.se'] client mac:['hmac-md5', 'hmac-sha1', 'umac-64@openssh.com', 'hmac-ripemd160', 'hmac-ripemd160@openssh.com', 'hmac-sha1-96', 'hmac-md5-96'] server mac:['hmac-md5', 'hmac-sha1', 'umac-64@openssh.com', 'hmac-ripemd160', 'hmac-ripemd160@openssh.com', 'hmac-sha1-96', 'hmac-md5-96'] client compress:['none', 'zlib@openssh.com'] server compress:['none', 'zlib@openssh.com'] client lang:[''] server lang:[''] kex follows?False
DEB [20180115-02:07:15.765] thr=8   paramiko.transport: kex algos:['diffie-hellman-group-exchange-sha256', 'diffie-hellman-group-exchange-sha1', 'diffie-hellman-group14-sha1', 'diffie-hellman-group1-sha1'] server key:['ssh-rsa', 'ssh-dss'] client encrypt:['aes128-ctr', 'aes192-ctr', 'aes256-ctr', 'arcfour256', 'arcfour128', 'aes128-cbc', '3des-cbc', 'blowfish-cbc', 'cast128-cbc', 'aes192-cbc', 'aes256-cbc', 'arcfour', 'rijndael-cbc@lysator.liu.se'] server encrypt:['aes128-ctr', 'aes192-ctr', 'aes256-ctr', 'arcfour256', 'arcfour128', 'aes128-cbc', '3des-cbc', 'blowfish-cbc', 'cast128-cbc', 'aes192-cbc', 'aes256-cbc', 'arcfour', 'rijndael-cbc@lysator.liu.se'] client mac:['hmac-md5', 'hmac-sha1', 'umac-64@openssh.com', 'hmac-ripemd160', 'hmac-ripemd160@openssh.com', 'hmac-sha1-96', 'hmac-md5-96'] server mac:['hmac-md5', 'hmac-sha1', 'umac-64@openssh.com', 'hmac-ripemd160', 'hmac-ripemd160@openssh.com', 'hmac-sha1-96', 'hmac-md5-96'] client compress:['none', 'zlib@openssh.com'] server compress:['none', 'zlib@openssh.com'] client lang:[''] server lang:[''] kex follows?False
DEB [20180115-02:07:15.766] thr=10  paramiko.transport: kex algos:['diffie-hellman-group-exchange-sha256', 'diffie-hellman-group-exchange-sha1', 'diffie-hellman-group14-sha1', 'diffie-hellman-group1-sha1'] server key:['ssh-rsa', 'ssh-dss'] client encrypt:['aes128-ctr', 'aes192-ctr', 'aes256-ctr', 'arcfour256', 'arcfour128', 'aes128-cbc', '3des-cbc', 'blowfish-cbc', 'cast128-cbc', 'aes192-cbc', 'aes256-cbc', 'arcfour', 'rijndael-cbc@lysator.liu.se'] server encrypt:['aes128-ctr', 'aes192-ctr', 'aes256-ctr', 'arcfour256', 'arcfour128', 'aes128-cbc', '3des-cbc', 'blowfish-cbc', 'cast128-cbc', 'aes192-cbc', 'aes256-cbc', 'arcfour', 'rijndael-cbc@lysator.liu.se'] client mac:['hmac-md5', 'hmac-sha1', 'umac-64@openssh.com', 'hmac-ripemd160', 'hmac-ripemd160@openssh.com', 'hmac-sha1-96', 'hmac-md5-96'] server mac:['hmac-md5', 'hmac-sha1', 'umac-64@openssh.com', 'hmac-ripemd160', 'hmac-ripemd160@openssh.com', 'hmac-sha1-96', 'hmac-md5-96'] client compress:['none', 'zlib@openssh.com'] server compress:['none', 'zlib@openssh.com'] client lang:[''] server lang:[''] kex follows?False
DEB [20180115-02:07:15.766] thr=9   paramiko.transport: kex algos:['diffie-hellman-group-exchange-sha256', 'diffie-hellman-group-exchange-sha1', 'diffie-hellman-group14-sha1', 'diffie-hellman-group1-sha1'] server key:['ssh-rsa', 'ssh-dss'] client encrypt:['aes128-ctr', 'aes192-ctr', 'aes256-ctr', 'arcfour256', 'arcfour128', 'aes128-cbc', '3des-cbc', 'blowfish-cbc', 'cast128-cbc', 'aes192-cbc', 'aes256-cbc', 'arcfour', 'rijndael-cbc@lysator.liu.se'] server encrypt:['aes128-ctr', 'aes192-ctr', 'aes256-ctr', 'arcfour256', 'arcfour128', 'aes128-cbc', '3des-cbc', 'blowfish-cbc', 'cast128-cbc', 'aes192-cbc', 'aes256-cbc', 'arcfour', 'rijndael-cbc@lysator.liu.se'] client mac:['hmac-md5', 'hmac-sha1', 'umac-64@openssh.com', 'hmac-ripemd160', 'hmac-ripemd160@openssh.com', 'hmac-sha1-96', 'hmac-md5-96'] server mac:['hmac-md5', 'hmac-sha1', 'umac-64@openssh.com', 'hmac-ripemd160', 'hmac-ripemd160@openssh.com', 'hmac-sha1-96', 'hmac-md5-96'] client compress:['none', 'zlib@openssh.com'] server compress:['none', 'zlib@openssh.com'] client lang:[''] server lang:[''] kex follows?False
ERR [20180115-02:07:15.766] thr=22  paramiko.transport: During handling of the above exception, another exception occurred:
ERR [20180115-02:07:15.766] thr=23  paramiko.transport: During handling of the above exception, another exception occurred:
DEB [20180115-02:07:15.766] thr=15  paramiko.transport: kex algos:['diffie-hellman-group-exchange-sha256', 'diffie-hellman-group-exchange-sha1', 'diffie-hellman-group14-sha1', 'diffie-hellman-group1-sha1'] server key:['ssh-rsa', 'ssh-dss'] client encrypt:['aes128-ctr', 'aes192-ctr', 'aes256-ctr', 'arcfour256', 'arcfour128', 'aes128-cbc', '3des-cbc', 'blowfish-cbc', 'cast128-cbc', 'aes192-cbc', 'aes256-cbc', 'arcfour', 'rijndael-cbc@lysator.liu.se'] server encrypt:['aes128-ctr', 'aes192-ctr', 'aes256-ctr', 'arcfour256', 'arcfour128', 'aes128-cbc', '3des-cbc', 'blowfish-cbc', 'cast128-cbc', 'aes192-cbc', 'aes256-cbc', 'arcfour', 'rijndael-cbc@lysator.liu.se'] client mac:['hmac-md5', 'hmac-sha1', 'umac-64@openssh.com', 'hmac-ripemd160', 'hmac-ripemd160@openssh.com', 'hmac-sha1-96', 'hmac-md5-96'] server mac:['hmac-md5', 'hmac-sha1', 'umac-64@openssh.com', 'hmac-ripemd160', 'hmac-ripemd160@openssh.com', 'hmac-sha1-96', 'hmac-md5-96'] client compress:['none', 'zlib@openssh.com'] server compress:['none', 'zlib@openssh.com'] client lang:[''] server lang:[''] kex follows?False
DEB [20180115-02:07:15.766] thr=17  paramiko.transport: kex algos:['diffie-hellman-group-exchange-sha256', 'diffie-hellman-group-exchange-sha1', 'diffie-hellman-group14-sha1', 'diffie-hellman-group1-sha1'] server key:['ssh-rsa', 'ssh-dss'] client encrypt:['aes128-ctr', 'aes192-ctr', 'aes256-ctr', 'arcfour256', 'arcfour128', 'aes128-cbc', '3des-cbc', 'blowfish-cbc', 'cast128-cbc', 'aes192-cbc', 'aes256-cbc', 'arcfour', 'rijndael-cbc@lysator.liu.se'] server encrypt:['aes128-ctr', 'aes192-ctr', 'aes256-ctr', 'arcfour256', 'arcfour128', 'aes128-cbc', '3des-cbc', 'blowfish-cbc', 'cast128-cbc', 'aes192-cbc', 'aes256-cbc', 'arcfour', 'rijndael-cbc@lysator.liu.se'] client mac:['hmac-md5', 'hmac-sha1', 'umac-64@openssh.com', 'hmac-ripemd160', 'hmac-ripemd160@openssh.com', 'hmac-sha1-96', 'hmac-md5-96'] server mac:['hmac-md5', 'hmac-sha1', 'umac-64@openssh.com', 'hmac-ripemd160', 'hmac-ripemd160@openssh.com', 'hmac-sha1-96', 'hmac-md5-96'] client compress:['none', 'zlib@openssh.com'] server compress:['none', 'zlib@openssh.com'] client lang:[''] server lang:[''] kex follows?False
DEB [20180115-02:07:15.767] thr=28  paramiko.transport: kex algos:['diffie-hellman-group-exchange-sha256', 'diffie-hellman-group-exchange-sha1', 'diffie-hellman-group14-sha1', 'diffie-hellman-group1-sha1'] server key:['ssh-rsa', 'ssh-dss'] client encrypt:['aes128-ctr', 'aes192-ctr', 'aes256-ctr', 'arcfour256', 'arcfour128', 'aes128-cbc', '3des-cbc', 'blowfish-cbc', 'cast128-cbc', 'aes192-cbc', 'aes256-cbc', 'arcfour', 'rijndael-cbc@lysator.liu.se'] server encrypt:['aes128-ctr', 'aes192-ctr', 'aes256-ctr', 'arcfour256', 'arcfour128', 'aes128-cbc', '3des-cbc', 'blowfish-cbc', 'cast128-cbc', 'aes192-cbc', 'aes256-cbc', 'arcfour', 'rijndael-cbc@lysator.liu.se'] client mac:['hmac-md5', 'hmac-sha1', 'umac-64@openssh.com', 'hmac-ripemd160', 'hmac-ripemd160@openssh.com', 'hmac-sha1-96', 'hmac-md5-96'] server mac:['hmac-md5', 'hmac-sha1', 'umac-64@openssh.com', 'hmac-ripemd160', 'hmac-ripemd160@openssh.com', 'hmac-sha1-96', 'hmac-md5-96'] client compress:['none', 'zlib@openssh.com'] server compress:['none', 'zlib@openssh.com'] client lang:[''] server lang:[''] kex follows?False
ERR [20180115-02:07:15.767] thr=24  paramiko.transport: During handling of the above exception, another exception occurred:
ERR [20180115-02:07:15.767] thr=25  paramiko.transport: During handling of the above exception, another exception occurred:
ERR [20180115-02:07:15.767] thr=26  paramiko.transport: During handling of the above exception, another exception occurred:
ERR [20180115-02:07:15.767] thr=27  paramiko.transport: During handling of the above exception, another exception occurred:
DEB [20180115-02:07:15.767] thr=3   paramiko.transport: Cipher agreed: aes128-ctr
ERR [20180115-02:07:15.768] thr=29  paramiko.transport: During handling of the above exception, another exception occurred:
ERR [20180115-02:07:15.768] thr=30  paramiko.transport: During handling of the above exception, another exception occurred:
ERR [20180115-02:07:15.768] thr=31  paramiko.transport: During handling of the above exception, another exception occurred:
ERR [20180115-02:07:15.768] thr=32  paramiko.transport: During handling of the above exception, another exception occurred:
DEB [20180115-02:07:15.768] thr=4   paramiko.transport: Cipher agreed: aes128-ctr
ERR [20180115-02:07:15.768] thr=6   paramiko.transport: 
DEB [20180115-02:07:15.768] thr=5   paramiko.transport: Cipher agreed: aes128-ctr
ERR [20180115-02:07:15.768] thr=11  paramiko.transport: 
ERR [20180115-02:07:15.768] thr=12  paramiko.transport: 
ERR [20180115-02:07:15.768] thr=13  paramiko.transport: 
ERR [20180115-02:07:15.768] thr=14  paramiko.transport: 
ERR [20180115-02:07:15.769] thr=16  paramiko.transport: 
ERR [20180115-02:07:15.769] thr=18  paramiko.transport: 
ERR [20180115-02:07:15.769] thr=19  paramiko.transport: 
ERR [20180115-02:07:15.769] thr=20  paramiko.transport: 
ERR [20180115-02:07:15.769] thr=21  paramiko.transport: 
DEB [20180115-02:07:15.769] thr=7   paramiko.transport: Kex agreed: diffie-hellman-group-exchange-sha256
DEB [20180115-02:07:15.769] thr=8   paramiko.transport: Kex agreed: diffie-hellman-group-exchange-sha256
DEB [20180115-02:07:15.769] thr=10  paramiko.transport: Kex agreed: diffie-hellman-group-exchange-sha256
DEB [20180115-02:07:15.769] thr=9   paramiko.transport: Kex agreed: diffie-hellman-group-exchange-sha256
ERR [20180115-02:07:15.770] thr=22  paramiko.transport: 
ERR [20180115-02:07:15.770] thr=23  paramiko.transport: 
DEB [20180115-02:07:15.770] thr=15  paramiko.transport: Kex agreed: diffie-hellman-group-exchange-sha256
DEB [20180115-02:07:15.770] thr=17  paramiko.transport: Kex agreed: diffie-hellman-group-exchange-sha256
DEB [20180115-02:07:15.770] thr=28  paramiko.transport: Kex agreed: diffie-hellman-group-exchange-sha256
ERR [20180115-02:07:15.770] thr=24  paramiko.transport: 
ERR [20180115-02:07:15.770] thr=25  paramiko.transport: 
ERR [20180115-02:07:15.770] thr=26  paramiko.transport: 
ERR [20180115-02:07:15.770] thr=27  paramiko.transport: 
DEB [20180115-02:07:15.771] thr=3   paramiko.transport: MAC agreed: hmac-sha1
ERR [20180115-02:07:15.771] thr=29  paramiko.transport: 
ERR [20180115-02:07:15.771] thr=30  paramiko.transport: 
ERR [20180115-02:07:15.771] thr=31  paramiko.transport: 
ERR [20180115-02:07:15.771] thr=32  paramiko.transport: 
DEB [20180115-02:07:15.771] thr=4   paramiko.transport: MAC agreed: hmac-sha1
ERR [20180115-02:07:15.771] thr=6   paramiko.transport: Traceback (most recent call last):
DEB [20180115-02:07:15.771] thr=5   paramiko.transport: MAC agreed: hmac-sha1
ERR [20180115-02:07:15.771] thr=11  paramiko.transport: Traceback (most recent call last):
ERR [20180115-02:07:15.771] thr=12  paramiko.transport: Traceback (most recent call last):
ERR [20180115-02:07:15.771] thr=13  paramiko.transport: Traceback (most recent call last):
ERR [20180115-02:07:15.772] thr=14  paramiko.transport: Traceback (most recent call last):
ERR [20180115-02:07:15.772] thr=16  paramiko.transport: Traceback (most recent call last):
ERR [20180115-02:07:15.772] thr=18  paramiko.transport: Traceback (most recent call last):
ERR [20180115-02:07:15.772] thr=19  paramiko.transport: Traceback (most recent call last):
ERR [20180115-02:07:15.772] thr=20  paramiko.transport: Traceback (most recent call last):
ERR [20180115-02:07:15.772] thr=21  paramiko.transport: Traceback (most recent call last):
DEB [20180115-02:07:15.772] thr=7   paramiko.transport: HostKey agreed: ssh-rsa
DEB [20180115-02:07:15.772] thr=8   paramiko.transport: HostKey agreed: ssh-rsa
DEB [20180115-02:07:15.772] thr=10  paramiko.transport: HostKey agreed: ssh-rsa
DEB [20180115-02:07:15.772] thr=9   paramiko.transport: HostKey agreed: ssh-rsa
ERR [20180115-02:07:15.772] thr=22  paramiko.transport: Traceback (most recent call last):
ERR [20180115-02:07:15.772] thr=23  paramiko.transport: Traceback (most recent call last):
DEB [20180115-02:07:15.773] thr=15  paramiko.transport: HostKey agreed: ssh-rsa
DEB [20180115-02:07:15.773] thr=17  paramiko.transport: HostKey agreed: ssh-rsa
DEB [20180115-02:07:15.773] thr=28  paramiko.transport: HostKey agreed: ssh-rsa
ERR [20180115-02:07:15.773] thr=24  paramiko.transport: Traceback (most recent call last):
ERR [20180115-02:07:15.773] thr=25  paramiko.transport: Traceback (most recent call last):
ERR [20180115-02:07:15.773] thr=26  paramiko.transport: Traceback (most recent call last):
ERR [20180115-02:07:15.773] thr=27  paramiko.transport: Traceback (most recent call last):
DEB [20180115-02:07:15.773] thr=3   paramiko.transport: Compression agreed: none
ERR [20180115-02:07:15.773] thr=29  paramiko.transport: Traceback (most recent call last):
ERR [20180115-02:07:15.773] thr=30  paramiko.transport: Traceback (most recent call last):
ERR [20180115-02:07:15.774] thr=31  paramiko.transport: Traceback (most recent call last):
ERR [20180115-02:07:15.774] thr=32  paramiko.transport: Traceback (most recent call last):
DEB [20180115-02:07:15.774] thr=4   paramiko.transport: Compression agreed: none
ERR [20180115-02:07:15.774] thr=6   paramiko.transport:   File "site-packages\paramiko\transport.py", line 1856, in run
DEB [20180115-02:07:15.774] thr=5   paramiko.transport: Compression agreed: none
ERR [20180115-02:07:15.774] thr=11  paramiko.transport:   File "site-packages\paramiko\transport.py", line 1856, in run
ERR [20180115-02:07:15.774] thr=12  paramiko.transport:   File "site-packages\paramiko\transport.py", line 1856, in run
ERR [20180115-02:07:15.774] thr=13  paramiko.transport:   File "site-packages\paramiko\transport.py", line 1856, in run
ERR [20180115-02:07:15.774] thr=14  paramiko.transport:   File "site-packages\paramiko\transport.py", line 1856, in run
ERR [20180115-02:07:15.774] thr=16  paramiko.transport:   File "site-packages\paramiko\transport.py", line 1856, in run
ERR [20180115-02:07:15.775] thr=18  paramiko.transport:   File "site-packages\paramiko\transport.py", line 1856, in run
ERR [20180115-02:07:15.775] thr=19  paramiko.transport:   File "site-packages\paramiko\transport.py", line 1856, in run
ERR [20180115-02:07:15.775] thr=20  paramiko.transport:   File "site-packages\paramiko\transport.py", line 1856, in run
ERR [20180115-02:07:15.775] thr=21  paramiko.transport:   File "site-packages\paramiko\transport.py", line 1856, in run
DEB [20180115-02:07:15.775] thr=7   paramiko.transport: Cipher agreed: aes128-ctr
DEB [20180115-02:07:15.775] thr=8   paramiko.transport: Cipher agreed: aes128-ctr
DEB [20180115-02:07:15.775] thr=10  paramiko.transport: Cipher agreed: aes128-ctr
DEB [20180115-02:07:15.775] thr=9   paramiko.transport: Cipher agreed: aes128-ctr
ERR [20180115-02:07:15.775] thr=22  paramiko.transport:   File "site-packages\paramiko\transport.py", line 1856, in run
ERR [20180115-02:07:15.775] thr=23  paramiko.transport:   File "site-packages\paramiko\transport.py", line 1856, in run
DEB [20180115-02:07:15.776] thr=15  paramiko.transport: Cipher agreed: aes128-ctr
DEB [20180115-02:07:15.776] thr=17  paramiko.transport: Cipher agreed: aes128-ctr
DEB [20180115-02:07:15.776] thr=28  paramiko.transport: Cipher agreed: aes128-ctr
ERR [20180115-02:07:15.776] thr=24  paramiko.transport:   File "site-packages\paramiko\transport.py", line 1856, in run
ERR [20180115-02:07:15.776] thr=25  paramiko.transport:   File "site-packages\paramiko\transport.py", line 1856, in run
ERR [20180115-02:07:15.776] thr=26  paramiko.transport:   File "site-packages\paramiko\transport.py", line 1856, in run
ERR [20180115-02:07:15.776] thr=27  paramiko.transport:   File "site-packages\paramiko\transport.py", line 1856, in run
ERR [20180115-02:07:15.776] thr=29  paramiko.transport:   File "site-packages\paramiko\transport.py", line 1856, in run
ERR [20180115-02:07:15.776] thr=30  paramiko.transport:   File "site-packages\paramiko\transport.py", line 1856, in run
ERR [20180115-02:07:15.776] thr=31  paramiko.transport:   File "site-packages\paramiko\transport.py", line 1856, in run
ERR [20180115-02:07:15.777] thr=32  paramiko.transport:   File "site-packages\paramiko\transport.py", line 1856, in run
ERR [20180115-02:07:15.777] thr=6   paramiko.transport:   File "site-packages\paramiko\transport.py", line 2008, in _check_banner
ERR [20180115-02:07:15.777] thr=11  paramiko.transport:   File "site-packages\paramiko\transport.py", line 2008, in _check_banner
ERR [20180115-02:07:15.777] thr=12  paramiko.transport:   File "site-packages\paramiko\transport.py", line 2008, in _check_banner
ERR [20180115-02:07:15.777] thr=13  paramiko.transport:   File "site-packages\paramiko\transport.py", line 2008, in _check_banner
ERR [20180115-02:07:15.777] thr=14  paramiko.transport:   File "site-packages\paramiko\transport.py", line 2008, in _check_banner
ERR [20180115-02:07:15.778] thr=16  paramiko.transport:   File "site-packages\paramiko\transport.py", line 2008, in _check_banner
ERR [20180115-02:07:15.778] thr=18  paramiko.transport:   File "site-packages\paramiko\transport.py", line 2008, in _check_banner
ERR [20180115-02:07:15.778] thr=19  paramiko.transport:   File "site-packages\paramiko\transport.py", line 2008, in _check_banner
ERR [20180115-02:07:15.778] thr=20  paramiko.transport:   File "site-packages\paramiko\transport.py", line 2008, in _check_banner
ERR [20180115-02:07:15.778] thr=21  paramiko.transport:   File "site-packages\paramiko\transport.py", line 2008, in _check_banner
DEB [20180115-02:07:15.778] thr=7   paramiko.transport: MAC agreed: hmac-sha1
DEB [20180115-02:07:15.778] thr=8   paramiko.transport: MAC agreed: hmac-sha1
DEB [20180115-02:07:15.778] thr=10  paramiko.transport: MAC agreed: hmac-sha1
DEB [20180115-02:07:15.778] thr=9   paramiko.transport: MAC agreed: hmac-sha1
ERR [20180115-02:07:15.779] thr=22  paramiko.transport:   File "site-packages\paramiko\transport.py", line 2008, in _check_banner
ERR [20180115-02:07:15.779] thr=23  paramiko.transport:   File "site-packages\paramiko\transport.py", line 2008, in _check_banner
DEB [20180115-02:07:15.779] thr=15  paramiko.transport: MAC agreed: hmac-sha1
DEB [20180115-02:07:15.779] thr=17  paramiko.transport: MAC agreed: hmac-sha1
DEB [20180115-02:07:15.779] thr=28  paramiko.transport: MAC agreed: hmac-sha1
ERR [20180115-02:07:15.779] thr=24  paramiko.transport:   File "site-packages\paramiko\transport.py", line 2008, in _check_banner
ERR [20180115-02:07:15.779] thr=25  paramiko.transport:   File "site-packages\paramiko\transport.py", line 2008, in _check_banner
ERR [20180115-02:07:15.779] thr=26  paramiko.transport:   File "site-packages\paramiko\transport.py", line 2008, in _check_banner
ERR [20180115-02:07:15.779] thr=27  paramiko.transport:   File "site-packages\paramiko\transport.py", line 2008, in _check_banner
ERR [20180115-02:07:15.779] thr=29  paramiko.transport:   File "site-packages\paramiko\transport.py", line 2008, in _check_banner
ERR [20180115-02:07:15.780] thr=30  paramiko.transport:   File "site-packages\paramiko\transport.py", line 2008, in _check_banner
ERR [20180115-02:07:15.780] thr=31  paramiko.transport:   File "site-packages\paramiko\transport.py", line 2008, in _check_banner
ERR [20180115-02:07:15.780] thr=32  paramiko.transport:   File "site-packages\paramiko\transport.py", line 2008, in _check_banner
ERR [20180115-02:07:15.780] thr=6   paramiko.transport: paramiko.ssh_exception.SSHException: Error reading SSH protocol banner
ERR [20180115-02:07:15.780] thr=11  paramiko.transport: paramiko.ssh_exception.SSHException: Error reading SSH protocol banner
ERR [20180115-02:07:15.780] thr=12  paramiko.transport: paramiko.ssh_exception.SSHException: Error reading SSH protocol banner
ERR [20180115-02:07:15.780] thr=13  paramiko.transport: paramiko.ssh_exception.SSHException: Error reading SSH protocol banner
ERR [20180115-02:07:15.780] thr=14  paramiko.transport: paramiko.ssh_exception.SSHException: Error reading SSH protocol banner
ERR [20180115-02:07:15.780] thr=16  paramiko.transport: paramiko.ssh_exception.SSHException: Error reading SSH protocol banner
ERR [20180115-02:07:15.780] thr=18  paramiko.transport: paramiko.ssh_exception.SSHException: Error reading SSH protocol banner
ERR [20180115-02:07:15.780] thr=19  paramiko.transport: paramiko.ssh_exception.SSHException: Error reading SSH protocol banner
ERR [20180115-02:07:15.780] thr=20  paramiko.transport: paramiko.ssh_exception.SSHException: Error reading SSH protocol banner
ERR [20180115-02:07:15.780] thr=21  paramiko.transport: paramiko.ssh_exception.SSHException: Error reading SSH protocol banner
DEB [20180115-02:07:15.781] thr=7   paramiko.transport: Compression agreed: none
DEB [20180115-02:07:15.781] thr=8   paramiko.transport: Compression agreed: none
DEB [20180115-02:07:15.781] thr=10  paramiko.transport: Compression agreed: none
DEB [20180115-02:07:15.781] thr=9   paramiko.transport: Compression agreed: none
ERR [20180115-02:07:15.781] thr=22  paramiko.transport: paramiko.ssh_exception.SSHException: Error reading SSH protocol banner
ERR [20180115-02:07:15.781] thr=23  paramiko.transport: paramiko.ssh_exception.SSHException: Error reading SSH protocol banner
DEB [20180115-02:07:15.781] thr=15  paramiko.transport: Compression agreed: none
DEB [20180115-02:07:15.781] thr=17  paramiko.transport: Compression agreed: none
DEB [20180115-02:07:15.781] thr=28  paramiko.transport: Compression agreed: none
ERR [20180115-02:07:15.781] thr=24  paramiko.transport: paramiko.ssh_exception.SSHException: Error reading SSH protocol banner
ERR [20180115-02:07:15.781] thr=25  paramiko.transport: paramiko.ssh_exception.SSHException: Error reading SSH protocol banner
ERR [20180115-02:07:15.782] thr=26  paramiko.transport: paramiko.ssh_exception.SSHException: Error reading SSH protocol banner
ERR [20180115-02:07:15.782] thr=27  paramiko.transport: paramiko.ssh_exception.SSHException: Error reading SSH protocol banner
ERR [20180115-02:07:15.782] thr=29  paramiko.transport: paramiko.ssh_exception.SSHException: Error reading SSH protocol banner
ERR [20180115-02:07:15.782] thr=30  paramiko.transport: paramiko.ssh_exception.SSHException: Error reading SSH protocol banner
ERR [20180115-02:07:15.782] thr=31  paramiko.transport: paramiko.ssh_exception.SSHException: Error reading SSH protocol banner
ERR [20180115-02:07:15.782] thr=32  paramiko.transport: paramiko.ssh_exception.SSHException: Error reading SSH protocol banner
ERR [20180115-02:07:15.782] thr=6   paramiko.transport: 
ERR [20180115-02:07:15.782] thr=11  paramiko.transport: 
ERR [20180115-02:07:15.782] thr=12  paramiko.transport: 
ERR [20180115-02:07:15.782] thr=13  paramiko.transport: 
ERR [20180115-02:07:15.782] thr=14  paramiko.transport: 
ERR [20180115-02:07:15.782] thr=16  paramiko.transport: 
ERR [20180115-02:07:15.783] thr=18  paramiko.transport: 
ERR [20180115-02:07:15.783] thr=19  paramiko.transport: 
ERR [20180115-02:07:15.783] thr=20  paramiko.transport: 
ERR [20180115-02:07:15.783] thr=21  paramiko.transport: 
ERR [20180115-02:07:15.784] thr=22  paramiko.transport: 
ERR [20180115-02:07:15.784] thr=23  paramiko.transport: 
ERR [20180115-02:07:15.785] thr=24  paramiko.transport: 
ERR [20180115-02:07:15.785] thr=25  paramiko.transport: 
ERR [20180115-02:07:15.785] thr=26  paramiko.transport: 
ERR [20180115-02:07:15.785] thr=27  paramiko.transport: 
DEB [20180115-02:07:15.785] thr=5   paramiko.transport: Got server p (2048 bits)
ERR [20180115-02:07:15.785] thr=29  paramiko.transport: 
DEB [20180115-02:07:15.786] thr=3   paramiko.transport: Got server p (2048 bits)
ERR [20180115-02:07:15.786] thr=30  paramiko.transport: 
DEB [20180115-02:07:15.786] thr=4   paramiko.transport: Got server p (2048 bits)
ERR [20180115-02:07:15.786] thr=31  paramiko.transport: 
ERR [20180115-02:07:15.786] thr=32  paramiko.transport: 
DEB [20180115-02:07:15.819] thr=7   paramiko.transport: Got server p (2048 bits)
DEB [20180115-02:07:15.820] thr=9   paramiko.transport: Got server p (2048 bits)
DEB [20180115-02:07:15.820] thr=10  paramiko.transport: Got server p (2048 bits)
DEB [20180115-02:07:15.820] thr=17  paramiko.transport: Got server p (2048 bits)
DEB [20180115-02:07:15.820] thr=8   paramiko.transport: Got server p (2048 bits)
DEB [20180115-02:07:15.820] thr=15  paramiko.transport: Got server p (2048 bits)
DEB [20180115-02:07:15.820] thr=28  paramiko.transport: Got server p (2048 bits)
DEB [20180115-02:07:16.366] thr=5   paramiko.transport: kex engine KexGexSHA256 specified hash_algo <built-in function openssl_sha256>
DEB [20180115-02:07:16.406] thr=4   paramiko.transport: kex engine KexGexSHA256 specified hash_algo <built-in function openssl_sha256>
DEB [20180115-02:07:16.443] thr=3   paramiko.transport: kex engine KexGexSHA256 specified hash_algo <built-in function openssl_sha256>
DEB [20180115-02:07:16.444] thr=5   paramiko.transport: Switch to new keys ...
DEB [20180115-02:07:16.482] thr=9   paramiko.transport: kex engine KexGexSHA256 specified hash_algo <built-in function openssl_sha256>
DEB [20180115-02:07:16.483] thr=3   paramiko.transport: Switch to new keys ...
DEB [20180115-02:07:16.484] thr=33  paramiko.transport: Attempting password auth...
DEB [20180115-02:07:16.484] thr=34  paramiko.transport: Attempting password auth...
DEB [20180115-02:07:16.484] thr=4   paramiko.transport: Switch to new keys ...
DEB [20180115-02:07:16.484] thr=17  paramiko.transport: kex engine KexGexSHA256 specified hash_algo <built-in function openssl_sha256>
DEB [20180115-02:07:16.484] thr=8   paramiko.transport: kex engine KexGexSHA256 specified hash_algo <built-in function openssl_sha256>
DEB [20180115-02:07:16.484] thr=7   paramiko.transport: kex engine KexGexSHA256 specified hash_algo <built-in function openssl_sha256>
DEB [20180115-02:07:16.485] thr=9   paramiko.transport: Switch to new keys ...
DEB [20180115-02:07:16.485] thr=10  paramiko.transport: kex engine KexGexSHA256 specified hash_algo <built-in function openssl_sha256>
DEB [20180115-02:07:16.485] thr=15  paramiko.transport: kex engine KexGexSHA256 specified hash_algo <built-in function openssl_sha256>
DEB [20180115-02:07:16.486] thr=35  paramiko.transport: Attempting password auth...
DEB [20180115-02:07:16.486] thr=17  paramiko.transport: Switch to new keys ...
DEB [20180115-02:07:16.486] thr=36  paramiko.transport: Attempting password auth...
DEB [20180115-02:07:16.488] thr=8   paramiko.transport: Switch to new keys ...
DEB [20180115-02:07:16.488] thr=7   paramiko.transport: Switch to new keys ...
DEB [20180115-02:07:16.488] thr=28  paramiko.transport: kex engine KexGexSHA256 specified hash_algo <built-in function openssl_sha256>
DEB [20180115-02:07:16.489] thr=10  paramiko.transport: Switch to new keys ...
DEB [20180115-02:07:16.489] thr=15  paramiko.transport: Switch to new keys ...
DEB [20180115-02:07:16.489] thr=37  paramiko.transport: Attempting password auth...
DEB [20180115-02:07:16.490] thr=38  paramiko.transport: Attempting password auth...
DEB [20180115-02:07:16.490] thr=39  paramiko.transport: Attempting password auth...
DEB [20180115-02:07:16.491] thr=28  paramiko.transport: Switch to new keys ...
DEB [20180115-02:07:16.491] thr=40  paramiko.transport: Attempting password auth...
DEB [20180115-02:07:16.491] thr=41  paramiko.transport: Attempting password auth...
DEB [20180115-02:07:16.492] thr=42  paramiko.transport: Attempting password auth...
DEB [20180115-02:07:16.494] thr=5   paramiko.transport: userauth is OK
DEB [20180115-02:07:16.495] thr=4   paramiko.transport: userauth is OK
DEB [20180115-02:07:16.498] thr=3   paramiko.transport: userauth is OK
DEB [20180115-02:07:16.498] thr=9   paramiko.transport: userauth is OK
INF [20180115-02:07:16.506] thr=5   paramiko.transport: Authentication (password) successful!
DEB [20180115-02:07:16.507] thr=33  paramiko.transport: [chan 0] Max packet in: 32768 bytes
INF [20180115-02:07:16.508] thr=4   paramiko.transport: Authentication (password) successful!
DEB [20180115-02:07:16.508] thr=35  paramiko.transport: [chan 0] Max packet in: 32768 bytes
INF [20180115-02:07:16.513] thr=3   paramiko.transport: Authentication (password) successful!
DEB [20180115-02:07:16.513] thr=34  paramiko.transport: [chan 0] Max packet in: 32768 bytes
INF [20180115-02:07:16.515] thr=9   paramiko.transport: Authentication (password) successful!
DEB [20180115-02:07:16.515] thr=36  paramiko.transport: [chan 0] Max packet in: 32768 bytes
DEB [20180115-02:07:16.530] thr=5   paramiko.transport: [chan 0] Max packet out: 32768 bytes
DEB [20180115-02:07:16.530] thr=5   paramiko.transport: Secsh channel 0 opened.
DEB [20180115-02:07:16.530] thr=4   paramiko.transport: [chan 0] Max packet out: 32768 bytes
DEB [20180115-02:07:16.530] thr=4   paramiko.transport: Secsh channel 0 opened.
DEB [20180115-02:07:16.531] thr=3   paramiko.transport: [chan 0] Max packet out: 32768 bytes
DEB [20180115-02:07:16.531] thr=3   paramiko.transport: Secsh channel 0 opened.
DEB [20180115-02:07:16.546] thr=9   paramiko.transport: [chan 0] Max packet out: 32768 bytes
DEB [20180115-02:07:16.546] thr=8   paramiko.transport: userauth is OK
DEB [20180115-02:07:16.546] thr=9   paramiko.transport: Secsh channel 0 opened.
DEB [20180115-02:07:16.550] thr=7   paramiko.transport: userauth is OK
DEB [20180115-02:07:16.550] thr=10  paramiko.transport: userauth is OK
DEB [20180115-02:07:16.550] thr=17  paramiko.transport: userauth is OK
DEB [20180115-02:07:16.550] thr=15  paramiko.transport: userauth is OK
DEB [20180115-02:07:16.551] thr=5   paramiko.transport: [chan 0] Sesch channel 0 request ok
DEB [20180115-02:07:16.551] thr=4   paramiko.transport: [chan 0] Sesch channel 0 request ok
DEB [20180115-02:07:16.552] thr=28  paramiko.transport: userauth is OK
DEB [20180115-02:07:16.552] thr=3   paramiko.transport: [chan 0] Sesch channel 0 request ok
DEB [20180115-02:07:16.553] thr=9   paramiko.transport: [chan 0] Sesch channel 0 request ok
INF [20180115-02:07:16.559] thr=8   paramiko.transport: Authentication (password) successful!
DEB [20180115-02:07:16.559] thr=38  paramiko.transport: [chan 0] Max packet in: 32768 bytes
INF [20180115-02:07:16.563] thr=7   paramiko.transport: Authentication (password) successful!
DEB [20180115-02:07:16.564] thr=39  paramiko.transport: [chan 0] Max packet in: 32768 bytes
INF [20180115-02:07:16.564] thr=10  paramiko.transport: Authentication (password) successful!
DEB [20180115-02:07:16.565] thr=40  paramiko.transport: [chan 0] Max packet in: 32768 bytes
INF [20180115-02:07:16.565] thr=17  paramiko.transport: Authentication (password) successful!
INF [20180115-02:07:16.565] thr=28  paramiko.transport: Authentication (password) successful!
DEB [20180115-02:07:16.565] thr=37  paramiko.transport: [chan 0] Max packet in: 32768 bytes
DEB [20180115-02:07:16.566] thr=42  paramiko.transport: [chan 0] Max packet in: 32768 bytes
INF [20180115-02:07:16.566] thr=15  paramiko.transport: Authentication (password) successful!
DEB [20180115-02:07:16.566] thr=41  paramiko.transport: [chan 0] Max packet in: 32768 bytes
DEB [20180115-02:07:16.577] thr=8   paramiko.transport: [chan 0] Max packet out: 32768 bytes
DEB [20180115-02:07:16.577] thr=8   paramiko.transport: Secsh channel 0 opened.
DEB [20180115-02:07:16.583] thr=7   paramiko.transport: [chan 0] Max packet out: 32768 bytes
DEB [20180115-02:07:16.583] thr=7   paramiko.transport: Secsh channel 0 opened.
DEB [20180115-02:07:16.583] thr=8   paramiko.transport: [chan 0] Sesch channel 0 request ok
DEB [20180115-02:07:16.584] thr=15  paramiko.transport: [chan 0] Max packet out: 32768 bytes
DEB [20180115-02:07:16.585] thr=15  paramiko.transport: Secsh channel 0 opened.
INF [20180115-02:07:16.585] thr=33  paramiko.transport.sftp: [chan 0] Opened sftp connection (server version 3)
DEB [20180115-02:07:16.585] thr=33  paramiko.transport.sftp: [chan 0] open(b'/home/nasinha/cases/Teradata_02008743/ODBC_set.zip', 'r')
DEB [20180115-02:07:16.587] thr=10  paramiko.transport: [chan 0] Max packet out: 32768 bytes
DEB [20180115-02:07:16.587] thr=10  paramiko.transport: Secsh channel 0 opened.
DEB [20180115-02:07:16.588] thr=28  paramiko.transport: [chan 0] Max packet out: 32768 bytes
DEB [20180115-02:07:16.588] thr=28  paramiko.transport: Secsh channel 0 opened.
INF [20180115-02:07:16.590] thr=36  paramiko.transport.sftp: [chan 0] Opened sftp connection (server version 3)
DEB [20180115-02:07:16.590] thr=36  paramiko.transport.sftp: [chan 0] open(b'/home/nasinha/cases/Teradata_02008743/ODBC_set.zip', 'r')
DEB [20180115-02:07:16.591] thr=17  paramiko.transport: [chan 0] Max packet out: 32768 bytes
DEB [20180115-02:07:16.591] thr=17  paramiko.transport: Secsh channel 0 opened.
DEB [20180115-02:07:16.591] thr=7   paramiko.transport: [chan 0] Sesch channel 0 request ok
DEB [20180115-02:07:16.591] thr=33  paramiko.transport.sftp: [chan 0] open(b'/home/nasinha/cases/Teradata_02008743/ODBC_set.zip', 'r') -> 00000000
DEB [20180115-02:07:16.592] thr=15  paramiko.transport: [chan 0] Sesch channel 0 request ok
DEB [20180115-02:07:16.592] thr=33  paramiko.transport.sftp: [chan 0] readv(b'00000000', [(0, 1219244)])
INF [20180115-02:07:16.594] thr=35  paramiko.transport.sftp: [chan 0] Opened sftp connection (server version 3)
DEB [20180115-02:07:16.594] thr=10  paramiko.transport: [chan 0] Sesch channel 0 request ok
DEB [20180115-02:07:16.594] thr=35  paramiko.transport.sftp: [chan 0] open(b'/home/nasinha/cases/Teradata_02008743/ODBC_set.zip', 'r')
DEB [20180115-02:07:16.596] thr=36  paramiko.transport.sftp: [chan 0] open(b'/home/nasinha/cases/Teradata_02008743/ODBC_set.zip', 'r') -> 00000000
INF [20180115-02:07:16.596] thr=34  paramiko.transport.sftp: [chan 0] Opened sftp connection (server version 3)
DEB [20180115-02:07:16.596] thr=28  paramiko.transport: [chan 0] Sesch channel 0 request ok
DEB [20180115-02:07:16.596] thr=34  paramiko.transport.sftp: [chan 0] open(b'/home/nasinha/cases/Teradata_02008743/ODBC_set.zip', 'r')
DEB [20180115-02:07:16.598] thr=36  paramiko.transport.sftp: [chan 0] readv(b'00000000', [(6096220, 1219244)])
DEB [20180115-02:07:16.598] thr=17  paramiko.transport: [chan 0] Sesch channel 0 request ok
DEB [20180115-02:07:16.609] thr=35  paramiko.transport.sftp: [chan 0] open(b'/home/nasinha/cases/Teradata_02008743/ODBC_set.zip', 'r') -> 00000000
DEB [20180115-02:07:16.610] thr=34  paramiko.transport.sftp: [chan 0] open(b'/home/nasinha/cases/Teradata_02008743/ODBC_set.zip', 'r') -> 00000000
DEB [20180115-02:07:16.611] thr=35  paramiko.transport.sftp: [chan 0] readv(b'00000000', [(1219244, 1219244)])
DEB [20180115-02:07:16.611] thr=34  paramiko.transport.sftp: [chan 0] readv(b'00000000', [(13411684, 1219244)])
INF [20180115-02:07:16.622] thr=38  paramiko.transport.sftp: [chan 0] Opened sftp connection (server version 3)
DEB [20180115-02:07:16.622] thr=38  paramiko.transport.sftp: [chan 0] open(b'/home/nasinha/cases/Teradata_02008743/ODBC_set.zip', 'r')
INF [20180115-02:07:16.634] thr=42  paramiko.transport.sftp: [chan 0] Opened sftp connection (server version 3)
DEB [20180115-02:07:16.634] thr=42  paramiko.transport.sftp: [chan 0] open(b'/home/nasinha/cases/Teradata_02008743/ODBC_set.zip', 'r')
INF [20180115-02:07:16.634] thr=41  paramiko.transport.sftp: [chan 0] Opened sftp connection (server version 3)
DEB [20180115-02:07:16.635] thr=41  paramiko.transport.sftp: [chan 0] open(b'/home/nasinha/cases/Teradata_02008743/ODBC_set.zip', 'r')
INF [20180115-02:07:16.639] thr=39  paramiko.transport.sftp: [chan 0] Opened sftp connection (server version 3)
DEB [20180115-02:07:16.639] thr=39  paramiko.transport.sftp: [chan 0] open(b'/home/nasinha/cases/Teradata_02008743/ODBC_set.zip', 'r')
INF [20180115-02:07:16.643] thr=40  paramiko.transport.sftp: [chan 0] Opened sftp connection (server version 3)
DEB [20180115-02:07:16.644] thr=40  paramiko.transport.sftp: [chan 0] open(b'/home/nasinha/cases/Teradata_02008743/ODBC_set.zip', 'r')
DEB [20180115-02:07:16.684] thr=42  paramiko.transport.sftp: [chan 0] open(b'/home/nasinha/cases/Teradata_02008743/ODBC_set.zip', 'r') -> 00000000
DEB [20180115-02:07:16.684] thr=41  paramiko.transport.sftp: [chan 0] open(b'/home/nasinha/cases/Teradata_02008743/ODBC_set.zip', 'r') -> 00000000
DEB [20180115-02:07:16.685] thr=40  paramiko.transport.sftp: [chan 0] open(b'/home/nasinha/cases/Teradata_02008743/ODBC_set.zip', 'r') -> 00000000
DEB [20180115-02:07:16.685] thr=42  paramiko.transport.sftp: [chan 0] readv(b'00000000', [(14630928, 1219244)])
DEB [20180115-02:07:16.686] thr=40  paramiko.transport.sftp: [chan 0] readv(b'00000000', [(2438488, 1219244)])
DEB [20180115-02:07:16.686] thr=41  paramiko.transport.sftp: [chan 0] readv(b'00000000', [(8534708, 1219244)])
DEB [20180115-02:07:16.687] thr=39  paramiko.transport.sftp: [chan 0] open(b'/home/nasinha/cases/Teradata_02008743/ODBC_set.zip', 'r') -> 00000000
DEB [20180115-02:07:16.688] thr=38  paramiko.transport.sftp: [chan 0] open(b'/home/nasinha/cases/Teradata_02008743/ODBC_set.zip', 'r') -> 00000000
INF [20180115-02:07:16.688] thr=37  paramiko.transport.sftp: [chan 0] Opened sftp connection (server version 3)
DEB [20180115-02:07:16.689] thr=37  paramiko.transport.sftp: [chan 0] open(b'/home/nasinha/cases/Teradata_02008743/ODBC_set.zip', 'r')
DEB [20180115-02:07:16.689] thr=39  paramiko.transport.sftp: [chan 0] readv(b'00000000', [(4876976, 1219244)])
DEB [20180115-02:07:16.690] thr=38  paramiko.transport.sftp: [chan 0] readv(b'00000000', [(7315464, 1219244)])
DEB [20180115-02:07:16.792] thr=37  paramiko.transport.sftp: [chan 0] open(b'/home/nasinha/cases/Teradata_02008743/ODBC_set.zip', 'r') -> 00000000
DEB [20180115-02:07:16.794] thr=37  paramiko.transport.sftp: [chan 0] readv(b'00000000', [(3657732, 1219244)])
INF [20180115-02:07:27.410] thr=33  paramiko.transport.sftp: [chan 0] sftp session closed.
DEB [20180115-02:07:27.410] thr=33  paramiko.transport: [chan 0] EOF sent (0)
DEB [20180115-02:07:27.411] thr=33  paramiko.transport.sftp: [chan 0] close(00000000)
INF [20180115-02:07:29.158] thr=36  paramiko.transport.sftp: [chan 0] sftp session closed.
DEB [20180115-02:07:29.158] thr=36  paramiko.transport: [chan 0] EOF sent (0)
DEB [20180115-02:07:29.159] thr=36  paramiko.transport.sftp: [chan 0] close(00000000)
INF [20180115-02:07:29.172] thr=40  paramiko.transport.sftp: [chan 0] sftp session closed.
DEB [20180115-02:07:29.173] thr=40  paramiko.transport: [chan 0] EOF sent (0)
DEB [20180115-02:07:29.174] thr=40  paramiko.transport.sftp: [chan 0] close(00000000)
INF [20180115-02:07:29.223] thr=35  paramiko.transport.sftp: [chan 0] sftp session closed.
DEB [20180115-02:07:29.223] thr=35  paramiko.transport: [chan 0] EOF sent (0)
DEB [20180115-02:07:29.224] thr=35  paramiko.transport.sftp: [chan 0] close(00000000)
DEB [20180115-02:07:29.590] thr=9   paramiko.transport: [chan 0] EOF received (0)
DEB [20180115-02:07:29.591] thr=10  paramiko.transport: [chan 0] EOF received (0)
DEB [20180115-02:07:29.591] thr=4   paramiko.transport: [chan 0] EOF received (0)
INF [20180115-02:07:32.781] thr=39  paramiko.transport.sftp: [chan 0] sftp session closed.
DEB [20180115-02:07:32.781] thr=39  paramiko.transport: [chan 0] EOF sent (0)
DEB [20180115-02:07:32.782] thr=39  paramiko.transport.sftp: [chan 0] close(00000000)
DEB [20180115-02:07:33.252] thr=7   paramiko.transport: [chan 0] EOF received (0)
INF [20180115-02:07:33.284] thr=34  paramiko.transport.sftp: [chan 0] sftp session closed.
DEB [20180115-02:07:33.284] thr=34  paramiko.transport: [chan 0] EOF sent (0)
DEB [20180115-02:07:33.285] thr=34  paramiko.transport.sftp: [chan 0] close(00000000)
DEB [20180115-02:07:33.601] thr=3   paramiko.transport: [chan 0] EOF received (0)
INF [20180115-02:07:34.065] thr=37  paramiko.transport.sftp: [chan 0] sftp session closed.
DEB [20180115-02:07:34.065] thr=37  paramiko.transport: [chan 0] EOF sent (0)
DEB [20180115-02:07:34.066] thr=37  paramiko.transport.sftp: [chan 0] close(00000000)
INF [20180115-02:07:34.136] thr=42  paramiko.transport.sftp: [chan 0] sftp session closed.
DEB [20180115-02:07:34.136] thr=42  paramiko.transport: [chan 0] EOF sent (0)
DEB [20180115-02:07:34.137] thr=42  paramiko.transport.sftp: [chan 0] close(00000000)
INF [20180115-02:07:34.176] thr=38  paramiko.transport.sftp: [chan 0] sftp session closed.
DEB [20180115-02:07:34.176] thr=38  paramiko.transport: [chan 0] EOF sent (0)
DEB [20180115-02:07:34.177] thr=38  paramiko.transport.sftp: [chan 0] close(00000000)
DEB [20180115-02:07:34.192] thr=17  paramiko.transport: [chan 0] EOF received (0)
DEB [20180115-02:07:34.193] thr=28  paramiko.transport: [chan 0] EOF received (0)
INF [20180115-02:07:34.194] thr=41  paramiko.transport.sftp: [chan 0] sftp session closed.
DEB [20180115-02:07:34.194] thr=41  paramiko.transport: [chan 0] EOF sent (0)
DEB [20180115-02:07:34.195] thr=41  paramiko.transport.sftp: [chan 0] close(00000000)
DEB [20180115-02:07:34.206] thr=8   paramiko.transport: [chan 0] EOF received (0)
DEB [20180115-02:07:34.207] thr=43  paramiko.transport: starting thread (client mode): 0x9ad40198
DEB [20180115-02:07:34.207] thr=44  paramiko.transport: starting thread (client mode): 0x9ad59908
DEB [20180115-02:07:34.207] thr=45  paramiko.transport: starting thread (client mode): 0x9ad60b70
DEB [20180115-02:07:34.207] thr=15  paramiko.transport: [chan 0] EOF received (0)
DEB [20180115-02:07:34.208] thr=46  paramiko.transport: starting thread (client mode): 0x9ad59dd8
DEB [20180115-02:07:34.208] thr=43  paramiko.transport: Local version/idstring: SSH-2.0-paramiko_2.4.0
DEB [20180115-02:07:34.208] thr=45  paramiko.transport: Local version/idstring: SSH-2.0-paramiko_2.4.0
DEB [20180115-02:07:34.208] thr=44  paramiko.transport: Local version/idstring: SSH-2.0-paramiko_2.4.0
DEB [20180115-02:07:34.209] thr=46  paramiko.transport: Local version/idstring: SSH-2.0-paramiko_2.4.0
DEB [20180115-02:07:34.211] thr=47  paramiko.transport: starting thread (client mode): 0x9ad57e80
DEB [20180115-02:07:34.211] thr=48  paramiko.transport: starting thread (client mode): 0x9ad598d0
DEB [20180115-02:07:34.212] thr=49  paramiko.transport: starting thread (client mode): 0x9ad57c18
DEB [20180115-02:07:34.212] thr=50  paramiko.transport: starting thread (client mode): 0x9ad57b38
DEB [20180115-02:07:34.212] thr=51  paramiko.transport: starting thread (client mode): 0x9ad577f0
DEB [20180115-02:07:34.213] thr=52  paramiko.transport: starting thread (client mode): 0x9ad579b0
DEB [20180115-02:07:34.213] thr=53  paramiko.transport: starting thread (client mode): 0x9ad57ba8
DEB [20180115-02:07:34.213] thr=47  paramiko.transport: Local version/idstring: SSH-2.0-paramiko_2.4.0
DEB [20180115-02:07:34.213] thr=54  paramiko.transport: starting thread (client mode): 0x9ad57da0
DEB [20180115-02:07:34.213] thr=55  paramiko.transport: starting thread (client mode): 0x9ad1e208
DEB [20180115-02:07:34.213] thr=56  paramiko.transport: starting thread (client mode): 0x9ad577b8
DEB [20180115-02:07:34.214] thr=57  paramiko.transport: starting thread (client mode): 0x9ad1e0f0
DEB [20180115-02:07:34.214] thr=58  paramiko.transport: starting thread (client mode): 0x9ad1e7f0
DEB [20180115-02:07:34.214] thr=48  paramiko.transport: Local version/idstring: SSH-2.0-paramiko_2.4.0
DEB [20180115-02:07:34.214] thr=59  paramiko.transport: starting thread (client mode): 0x9ad1e358
DEB [20180115-02:07:34.215] thr=60  paramiko.transport: starting thread (client mode): 0x9ad1e588
DEB [20180115-02:07:34.215] thr=61  paramiko.transport: starting thread (client mode): 0x9ad1e470
DEB [20180115-02:07:34.215] thr=62  paramiko.transport: starting thread (client mode): 0x9ad1e6d8
DEB [20180115-02:07:34.215] thr=49  paramiko.transport: Local version/idstring: SSH-2.0-paramiko_2.4.0
DEB [20180115-02:07:34.215] thr=50  paramiko.transport: Local version/idstring: SSH-2.0-paramiko_2.4.0
DEB [20180115-02:07:34.215] thr=51  paramiko.transport: Local version/idstring: SSH-2.0-paramiko_2.4.0
DEB [20180115-02:07:34.215] thr=52  paramiko.transport: Local version/idstring: SSH-2.0-paramiko_2.4.0
DEB [20180115-02:07:34.215] thr=53  paramiko.transport: Local version/idstring: SSH-2.0-paramiko_2.4.0
DEB [20180115-02:07:34.215] thr=54  paramiko.transport: Local version/idstring: SSH-2.0-paramiko_2.4.0
DEB [20180115-02:07:34.215] thr=55  paramiko.transport: Local version/idstring: SSH-2.0-paramiko_2.4.0
DEB [20180115-02:07:34.217] thr=56  paramiko.transport: Local version/idstring: SSH-2.0-paramiko_2.4.0
DEB [20180115-02:07:34.217] thr=57  paramiko.transport: Local version/idstring: SSH-2.0-paramiko_2.4.0
DEB [20180115-02:07:34.217] thr=58  paramiko.transport: Local version/idstring: SSH-2.0-paramiko_2.4.0
DEB [20180115-02:07:34.217] thr=59  paramiko.transport: Local version/idstring: SSH-2.0-paramiko_2.4.0
DEB [20180115-02:07:34.217] thr=60  paramiko.transport: Local version/idstring: SSH-2.0-paramiko_2.4.0
DEB [20180115-02:07:34.217] thr=61  paramiko.transport: Local version/idstring: SSH-2.0-paramiko_2.4.0
DEB [20180115-02:07:34.217] thr=62  paramiko.transport: Local version/idstring: SSH-2.0-paramiko_2.4.0
ERR [20180115-02:07:34.218] thr=51  paramiko.transport: Exception: Error reading SSH protocol banner
ERR [20180115-02:07:34.218] thr=54  paramiko.transport: Exception: Error reading SSH protocol banner
ERR [20180115-02:07:34.218] thr=55  paramiko.transport: Exception: Error reading SSH protocol banner
ERR [20180115-02:07:34.218] thr=56  paramiko.transport: Exception: Error reading SSH protocol banner
ERR [20180115-02:07:34.218] thr=57  paramiko.transport: Exception: Error reading SSH protocol banner
ERR [20180115-02:07:34.218] thr=59  paramiko.transport: Exception: Error reading SSH protocol banner
ERR [20180115-02:07:34.219] thr=51  paramiko.transport: Traceback (most recent call last):
ERR [20180115-02:07:34.219] thr=54  paramiko.transport: Traceback (most recent call last):
ERR [20180115-02:07:34.219] thr=55  paramiko.transport: Traceback (most recent call last):
ERR [20180115-02:07:34.220] thr=60  paramiko.transport: Exception: Error reading SSH protocol banner
ERR [20180115-02:07:34.220] thr=62  paramiko.transport: Exception: Error reading SSH protocol banner
ERR [20180115-02:07:34.220] thr=56  paramiko.transport: Traceback (most recent call last):
ERR [20180115-02:07:34.220] thr=58  paramiko.transport: Exception: Error reading SSH protocol banner
ERR [20180115-02:07:34.220] thr=61  paramiko.transport: Exception: Error reading SSH protocol banner
ERR [20180115-02:07:34.220] thr=51  paramiko.transport:   File "site-packages\paramiko\transport.py", line 2003, in _check_banner
DEB [20180115-02:07:34.220] thr=43  paramiko.transport: Remote version/idstring: SSH-2.0-OpenSSH_5.3
ERR [20180115-02:07:34.221] thr=54  paramiko.transport:   File "site-packages\paramiko\transport.py", line 2003, in _check_banner
ERR [20180115-02:07:34.221] thr=59  paramiko.transport: Traceback (most recent call last):
ERR [20180115-02:07:34.221] thr=55  paramiko.transport:   File "site-packages\paramiko\transport.py", line 2003, in _check_banner
ERR [20180115-02:07:34.221] thr=57  paramiko.transport: Traceback (most recent call last):
ERR [20180115-02:07:34.221] thr=56  paramiko.transport:   File "site-packages\paramiko\transport.py", line 2003, in _check_banner
ERR [20180115-02:07:34.221] thr=60  paramiko.transport: Traceback (most recent call last):
ERR [20180115-02:07:34.222] thr=62  paramiko.transport: Traceback (most recent call last):
ERR [20180115-02:07:34.222] thr=51  paramiko.transport:   File "site-packages\paramiko\packet.py", line 353, in readline
INF [20180115-02:07:34.222] thr=43  paramiko.transport: Connected (version 2.0, client OpenSSH_5.3)
ERR [20180115-02:07:34.222] thr=58  paramiko.transport: Traceback (most recent call last):
ERR [20180115-02:07:34.222] thr=54  paramiko.transport:   File "site-packages\paramiko\packet.py", line 353, in readline
ERR [20180115-02:07:34.222] thr=61  paramiko.transport: Traceback (most recent call last):
ERR [20180115-02:07:34.222] thr=59  paramiko.transport:   File "site-packages\paramiko\transport.py", line 2003, in _check_banner
ERR [20180115-02:07:34.222] thr=55  paramiko.transport:   File "site-packages\paramiko\packet.py", line 353, in readline
ERR [20180115-02:07:34.222] thr=57  paramiko.transport:   File "site-packages\paramiko\transport.py", line 2003, in _check_banner
ERR [20180115-02:07:34.222] thr=56  paramiko.transport:   File "site-packages\paramiko\packet.py", line 353, in readline
ERR [20180115-02:07:34.222] thr=60  paramiko.transport:   File "site-packages\paramiko\transport.py", line 2003, in _check_banner
ERR [20180115-02:07:34.223] thr=62  paramiko.transport:   File "site-packages\paramiko\transport.py", line 2003, in _check_banner
ERR [20180115-02:07:34.223] thr=51  paramiko.transport:   File "site-packages\paramiko\packet.py", line 542, in _read_timeout
ERR [20180115-02:07:34.223] thr=58  paramiko.transport:   File "site-packages\paramiko\transport.py", line 2003, in _check_banner
ERR [20180115-02:07:34.223] thr=54  paramiko.transport:   File "site-packages\paramiko\packet.py", line 542, in _read_timeout
ERR [20180115-02:07:34.223] thr=61  paramiko.transport:   File "site-packages\paramiko\transport.py", line 2003, in _check_banner
ERR [20180115-02:07:34.223] thr=59  paramiko.transport:   File "site-packages\paramiko\packet.py", line 353, in readline
ERR [20180115-02:07:34.223] thr=55  paramiko.transport:   File "site-packages\paramiko\packet.py", line 542, in _read_timeout
ERR [20180115-02:07:34.223] thr=57  paramiko.transport:   File "site-packages\paramiko\packet.py", line 353, in readline
ERR [20180115-02:07:34.223] thr=56  paramiko.transport:   File "site-packages\paramiko\packet.py", line 542, in _read_timeout
ERR [20180115-02:07:34.224] thr=60  paramiko.transport:   File "site-packages\paramiko\packet.py", line 353, in readline
ERR [20180115-02:07:34.224] thr=62  paramiko.transport:   File "site-packages\paramiko\packet.py", line 353, in readline
ERR [20180115-02:07:34.224] thr=51  paramiko.transport: EOFError
ERR [20180115-02:07:34.224] thr=58  paramiko.transport:   File "site-packages\paramiko\packet.py", line 353, in readline
ERR [20180115-02:07:34.224] thr=54  paramiko.transport: EOFError
ERR [20180115-02:07:34.224] thr=61  paramiko.transport:   File "site-packages\paramiko\packet.py", line 353, in readline
ERR [20180115-02:07:34.224] thr=59  paramiko.transport:   File "site-packages\paramiko\packet.py", line 542, in _read_timeout
ERR [20180115-02:07:34.224] thr=55  paramiko.transport: EOFError
ERR [20180115-02:07:34.224] thr=57  paramiko.transport:   File "site-packages\paramiko\packet.py", line 542, in _read_timeout
ERR [20180115-02:07:34.224] thr=56  paramiko.transport: EOFError
ERR [20180115-02:07:34.224] thr=60  paramiko.transport:   File "site-packages\paramiko\packet.py", line 542, in _read_timeout
ERR [20180115-02:07:34.224] thr=62  paramiko.transport:   File "site-packages\paramiko\packet.py", line 542, in _read_timeout
ERR [20180115-02:07:34.224] thr=51  paramiko.transport: 
ERR [20180115-02:07:34.225] thr=58  paramiko.transport:   File "site-packages\paramiko\packet.py", line 542, in _read_timeout
ERR [20180115-02:07:34.225] thr=54  paramiko.transport: 
ERR [20180115-02:07:34.225] thr=61  paramiko.transport:   File "site-packages\paramiko\packet.py", line 542, in _read_timeout
ERR [20180115-02:07:34.225] thr=59  paramiko.transport: EOFError
ERR [20180115-02:07:34.225] thr=55  paramiko.transport: 
ERR [20180115-02:07:34.225] thr=57  paramiko.transport: EOFError
ERR [20180115-02:07:34.225] thr=56  paramiko.transport: 
ERR [20180115-02:07:34.225] thr=60  paramiko.transport: EOFError
ERR [20180115-02:07:34.225] thr=62  paramiko.transport: EOFError
ERR [20180115-02:07:34.225] thr=51  paramiko.transport: During handling of the above exception, another exception occurred:
ERR [20180115-02:07:34.225] thr=58  paramiko.transport: EOFError
ERR [20180115-02:07:34.225] thr=54  paramiko.transport: During handling of the above exception, another exception occurred:
ERR [20180115-02:07:34.225] thr=61  paramiko.transport: EOFError
ERR [20180115-02:07:34.225] thr=59  paramiko.transport: 
ERR [20180115-02:07:34.226] thr=55  paramiko.transport: During handling of the above exception, another exception occurred:
ERR [20180115-02:07:34.226] thr=57  paramiko.transport: 
ERR [20180115-02:07:34.226] thr=56  paramiko.transport: During handling of the above exception, another exception occurred:
ERR [20180115-02:07:34.226] thr=60  paramiko.transport: 
ERR [20180115-02:07:34.226] thr=62  paramiko.transport: 
ERR [20180115-02:07:34.226] thr=51  paramiko.transport: 
ERR [20180115-02:07:34.226] thr=58  paramiko.transport: 
ERR [20180115-02:07:34.226] thr=54  paramiko.transport: 
ERR [20180115-02:07:34.226] thr=61  paramiko.transport: 
ERR [20180115-02:07:34.226] thr=59  paramiko.transport: During handling of the above exception, another exception occurred:
ERR [20180115-02:07:34.226] thr=55  paramiko.transport: 
ERR [20180115-02:07:34.226] thr=57  paramiko.transport: During handling of the above exception, another exception occurred:
ERR [20180115-02:07:34.226] thr=56  paramiko.transport: 
ERR [20180115-02:07:34.226] thr=60  paramiko.transport: During handling of the above exception, another exception occurred:
ERR [20180115-02:07:34.226] thr=62  paramiko.transport: During handling of the above exception, another exception occurred:
ERR [20180115-02:07:34.227] thr=51  paramiko.transport: Traceback (most recent call last):
ERR [20180115-02:07:34.227] thr=58  paramiko.transport: During handling of the above exception, another exception occurred:
ERR [20180115-02:07:34.227] thr=54  paramiko.transport: Traceback (most recent call last):
ERR [20180115-02:07:34.227] thr=61  paramiko.transport: During handling of the above exception, another exception occurred:
ERR [20180115-02:07:34.227] thr=59  paramiko.transport: 
ERR [20180115-02:07:34.227] thr=55  paramiko.transport: Traceback (most recent call last):
ERR [20180115-02:07:34.227] thr=57  paramiko.transport: 
ERR [20180115-02:07:34.227] thr=56  paramiko.transport: Traceback (most recent call last):
ERR [20180115-02:07:34.227] thr=60  paramiko.transport: 
ERR [20180115-02:07:34.227] thr=62  paramiko.transport: 
ERR [20180115-02:07:34.227] thr=51  paramiko.transport:   File "site-packages\paramiko\transport.py", line 1856, in run
ERR [20180115-02:07:34.227] thr=58  paramiko.transport: 
ERR [20180115-02:07:34.227] thr=54  paramiko.transport:   File "site-packages\paramiko\transport.py", line 1856, in run
ERR [20180115-02:07:34.227] thr=61  paramiko.transport: 
ERR [20180115-02:07:34.228] thr=59  paramiko.transport: Traceback (most recent call last):
ERR [20180115-02:07:34.228] thr=55  paramiko.transport:   File "site-packages\paramiko\transport.py", line 1856, in run
ERR [20180115-02:07:34.228] thr=57  paramiko.transport: Traceback (most recent call last):
ERR [20180115-02:07:34.228] thr=56  paramiko.transport:   File "site-packages\paramiko\transport.py", line 1856, in run
ERR [20180115-02:07:34.228] thr=60  paramiko.transport: Traceback (most recent call last):
ERR [20180115-02:07:34.228] thr=62  paramiko.transport: Traceback (most recent call last):
ERR [20180115-02:07:34.228] thr=51  paramiko.transport:   File "site-packages\paramiko\transport.py", line 2008, in _check_banner
ERR [20180115-02:07:34.228] thr=58  paramiko.transport: Traceback (most recent call last):
ERR [20180115-02:07:34.228] thr=54  paramiko.transport:   File "site-packages\paramiko\transport.py", line 2008, in _check_banner
ERR [20180115-02:07:34.228] thr=61  paramiko.transport: Traceback (most recent call last):
ERR [20180115-02:07:34.228] thr=59  paramiko.transport:   File "site-packages\paramiko\transport.py", line 1856, in run
ERR [20180115-02:07:34.228] thr=55  paramiko.transport:   File "site-packages\paramiko\transport.py", line 2008, in _check_banner
ERR [20180115-02:07:34.228] thr=57  paramiko.transport:   File "site-packages\paramiko\transport.py", line 1856, in run
ERR [20180115-02:07:34.228] thr=56  paramiko.transport:   File "site-packages\paramiko\transport.py", line 2008, in _check_banner
ERR [20180115-02:07:34.229] thr=60  paramiko.transport:   File "site-packages\paramiko\transport.py", line 1856, in run
ERR [20180115-02:07:34.229] thr=62  paramiko.transport:   File "site-packages\paramiko\transport.py", line 1856, in run
ERR [20180115-02:07:34.229] thr=51  paramiko.transport: paramiko.ssh_exception.SSHException: Error reading SSH protocol banner
ERR [20180115-02:07:34.229] thr=58  paramiko.transport:   File "site-packages\paramiko\transport.py", line 1856, in run
ERR [20180115-02:07:34.229] thr=54  paramiko.transport: paramiko.ssh_exception.SSHException: Error reading SSH protocol banner
ERR [20180115-02:07:34.229] thr=61  paramiko.transport:   File "site-packages\paramiko\transport.py", line 1856, in run
ERR [20180115-02:07:34.229] thr=59  paramiko.transport:   File "site-packages\paramiko\transport.py", line 2008, in _check_banner
ERR [20180115-02:07:34.229] thr=55  paramiko.transport: paramiko.ssh_exception.SSHException: Error reading SSH protocol banner
ERR [20180115-02:07:34.229] thr=57  paramiko.transport:   File "site-packages\paramiko\transport.py", line 2008, in _check_banner
ERR [20180115-02:07:34.229] thr=56  paramiko.transport: paramiko.ssh_exception.SSHException: Error reading SSH protocol banner
ERR [20180115-02:07:34.229] thr=60  paramiko.transport:   File "site-packages\paramiko\transport.py", line 2008, in _check_banner
ERR [20180115-02:07:34.229] thr=62  paramiko.transport:   File "site-packages\paramiko\transport.py", line 2008, in _check_banner
ERR [20180115-02:07:34.229] thr=51  paramiko.transport: 
ERR [20180115-02:07:34.230] thr=58  paramiko.transport:   File "site-packages\paramiko\transport.py", line 2008, in _check_banner
ERR [20180115-02:07:34.230] thr=54  paramiko.transport: 
ERR [20180115-02:07:34.230] thr=61  paramiko.transport:   File "site-packages\paramiko\transport.py", line 2008, in _check_banner
ERR [20180115-02:07:34.230] thr=59  paramiko.transport: paramiko.ssh_exception.SSHException: Error reading SSH protocol banner
ERR [20180115-02:07:34.230] thr=55  paramiko.transport: 
ERR [20180115-02:07:34.230] thr=57  paramiko.transport: paramiko.ssh_exception.SSHException: Error reading SSH protocol banner
ERR [20180115-02:07:34.230] thr=56  paramiko.transport: 
ERR [20180115-02:07:34.230] thr=60  paramiko.transport: paramiko.ssh_exception.SSHException: Error reading SSH protocol banner
ERR [20180115-02:07:34.230] thr=62  paramiko.transport: paramiko.ssh_exception.SSHException: Error reading SSH protocol banner
ERR [20180115-02:07:34.230] thr=58  paramiko.transport: paramiko.ssh_exception.SSHException: Error reading SSH protocol banner
ERR [20180115-02:07:34.231] thr=61  paramiko.transport: paramiko.ssh_exception.SSHException: Error reading SSH protocol banner
DEB [20180115-02:07:34.231] thr=45  paramiko.transport: Remote version/idstring: SSH-2.0-OpenSSH_5.3
ERR [20180115-02:07:34.231] thr=59  paramiko.transport: 
ERR [20180115-02:07:34.231] thr=57  paramiko.transport: 
ERR [20180115-02:07:34.231] thr=60  paramiko.transport: 
ERR [20180115-02:07:34.231] thr=62  paramiko.transport: 
ERR [20180115-02:07:34.231] thr=58  paramiko.transport: 
ERR [20180115-02:07:34.232] thr=61  paramiko.transport: 
INF [20180115-02:07:34.232] thr=45  paramiko.transport: Connected (version 2.0, client OpenSSH_5.3)
DEB [20180115-02:07:34.234] thr=46  paramiko.transport: Remote version/idstring: SSH-2.0-OpenSSH_5.3
INF [20180115-02:07:34.234] thr=46  paramiko.transport: Connected (version 2.0, client OpenSSH_5.3)
DEB [20180115-02:07:34.234] thr=47  paramiko.transport: Remote version/idstring: SSH-2.0-OpenSSH_5.3
DEB [20180115-02:07:34.235] thr=44  paramiko.transport: Remote version/idstring: SSH-2.0-OpenSSH_5.3
INF [20180115-02:07:34.235] thr=47  paramiko.transport: Connected (version 2.0, client OpenSSH_5.3)
INF [20180115-02:07:34.235] thr=44  paramiko.transport: Connected (version 2.0, client OpenSSH_5.3)
DEB [20180115-02:07:34.236] thr=50  paramiko.transport: Remote version/idstring: SSH-2.0-OpenSSH_5.3
DEB [20180115-02:07:34.236] thr=48  paramiko.transport: Remote version/idstring: SSH-2.0-OpenSSH_5.3
INF [20180115-02:07:34.236] thr=50  paramiko.transport: Connected (version 2.0, client OpenSSH_5.3)
INF [20180115-02:07:34.236] thr=48  paramiko.transport: Connected (version 2.0, client OpenSSH_5.3)
DEB [20180115-02:07:34.236] thr=49  paramiko.transport: Remote version/idstring: SSH-2.0-OpenSSH_5.3
INF [20180115-02:07:34.237] thr=49  paramiko.transport: Connected (version 2.0, client OpenSSH_5.3)
DEB [20180115-02:07:34.238] thr=53  paramiko.transport: Remote version/idstring: SSH-2.0-OpenSSH_5.3
DEB [20180115-02:07:34.238] thr=52  paramiko.transport: Remote version/idstring: SSH-2.0-OpenSSH_5.3
INF [20180115-02:07:34.238] thr=53  paramiko.transport: Connected (version 2.0, client OpenSSH_5.3)
INF [20180115-02:07:34.238] thr=52  paramiko.transport: Connected (version 2.0, client OpenSSH_5.3)
DEB [20180115-02:07:34.254] thr=43  paramiko.transport: kex algos:['diffie-hellman-group-exchange-sha256', 'diffie-hellman-group-exchange-sha1', 'diffie-hellman-group14-sha1', 'diffie-hellman-group1-sha1'] server key:['ssh-rsa', 'ssh-dss'] client encrypt:['aes128-ctr', 'aes192-ctr', 'aes256-ctr', 'arcfour256', 'arcfour128', 'aes128-cbc', '3des-cbc', 'blowfish-cbc', 'cast128-cbc', 'aes192-cbc', 'aes256-cbc', 'arcfour', 'rijndael-cbc@lysator.liu.se'] server encrypt:['aes128-ctr', 'aes192-ctr', 'aes256-ctr', 'arcfour256', 'arcfour128', 'aes128-cbc', '3des-cbc', 'blowfish-cbc', 'cast128-cbc', 'aes192-cbc', 'aes256-cbc', 'arcfour', 'rijndael-cbc@lysator.liu.se'] client mac:['hmac-md5', 'hmac-sha1', 'umac-64@openssh.com', 'hmac-ripemd160', 'hmac-ripemd160@openssh.com', 'hmac-sha1-96', 'hmac-md5-96'] server mac:['hmac-md5', 'hmac-sha1', 'umac-64@openssh.com', 'hmac-ripemd160', 'hmac-ripemd160@openssh.com', 'hmac-sha1-96', 'hmac-md5-96'] client compress:['none', 'zlib@openssh.com'] server compress:['none', 'zlib@openssh.com'] client lang:[''] server lang:[''] kex follows?False
DEB [20180115-02:07:34.254] thr=45  paramiko.transport: kex algos:['diffie-hellman-group-exchange-sha256', 'diffie-hellman-group-exchange-sha1', 'diffie-hellman-group14-sha1', 'diffie-hellman-group1-sha1'] server key:['ssh-rsa', 'ssh-dss'] client encrypt:['aes128-ctr', 'aes192-ctr', 'aes256-ctr', 'arcfour256', 'arcfour128', 'aes128-cbc', '3des-cbc', 'blowfish-cbc', 'cast128-cbc', 'aes192-cbc', 'aes256-cbc', 'arcfour', 'rijndael-cbc@lysator.liu.se'] server encrypt:['aes128-ctr', 'aes192-ctr', 'aes256-ctr', 'arcfour256', 'arcfour128', 'aes128-cbc', '3des-cbc', 'blowfish-cbc', 'cast128-cbc', 'aes192-cbc', 'aes256-cbc', 'arcfour', 'rijndael-cbc@lysator.liu.se'] client mac:['hmac-md5', 'hmac-sha1', 'umac-64@openssh.com', 'hmac-ripemd160', 'hmac-ripemd160@openssh.com', 'hmac-sha1-96', 'hmac-md5-96'] server mac:['hmac-md5', 'hmac-sha1', 'umac-64@openssh.com', 'hmac-ripemd160', 'hmac-ripemd160@openssh.com', 'hmac-sha1-96', 'hmac-md5-96'] client compress:['none', 'zlib@openssh.com'] server compress:['none', 'zlib@openssh.com'] client lang:[''] server lang:[''] kex follows?False
DEB [20180115-02:07:34.254] thr=43  paramiko.transport: Kex agreed: diffie-hellman-group-exchange-sha256
DEB [20180115-02:07:34.255] thr=45  paramiko.transport: Kex agreed: diffie-hellman-group-exchange-sha256
DEB [20180115-02:07:34.255] thr=43  paramiko.transport: HostKey agreed: ssh-rsa
DEB [20180115-02:07:34.255] thr=45  paramiko.transport: HostKey agreed: ssh-rsa
DEB [20180115-02:07:34.255] thr=43  paramiko.transport: Cipher agreed: aes128-ctr
DEB [20180115-02:07:34.255] thr=46  paramiko.transport: kex algos:['diffie-hellman-group-exchange-sha256', 'diffie-hellman-group-exchange-sha1', 'diffie-hellman-group14-sha1', 'diffie-hellman-group1-sha1'] server key:['ssh-rsa', 'ssh-dss'] client encrypt:['aes128-ctr', 'aes192-ctr', 'aes256-ctr', 'arcfour256', 'arcfour128', 'aes128-cbc', '3des-cbc', 'blowfish-cbc', 'cast128-cbc', 'aes192-cbc', 'aes256-cbc', 'arcfour', 'rijndael-cbc@lysator.liu.se'] server encrypt:['aes128-ctr', 'aes192-ctr', 'aes256-ctr', 'arcfour256', 'arcfour128', 'aes128-cbc', '3des-cbc', 'blowfish-cbc', 'cast128-cbc', 'aes192-cbc', 'aes256-cbc', 'arcfour', 'rijndael-cbc@lysator.liu.se'] client mac:['hmac-md5', 'hmac-sha1', 'umac-64@openssh.com', 'hmac-ripemd160', 'hmac-ripemd160@openssh.com', 'hmac-sha1-96', 'hmac-md5-96'] server mac:['hmac-md5', 'hmac-sha1', 'umac-64@openssh.com', 'hmac-ripemd160', 'hmac-ripemd160@openssh.com', 'hmac-sha1-96', 'hmac-md5-96'] client compress:['none', 'zlib@openssh.com'] server compress:['none', 'zlib@openssh.com'] client lang:[''] server lang:[''] kex follows?False
DEB [20180115-02:07:34.256] thr=50  paramiko.transport: kex algos:['diffie-hellman-group-exchange-sha256', 'diffie-hellman-group-exchange-sha1', 'diffie-hellman-group14-sha1', 'diffie-hellman-group1-sha1'] server key:['ssh-rsa', 'ssh-dss'] client encrypt:['aes128-ctr', 'aes192-ctr', 'aes256-ctr', 'arcfour256', 'arcfour128', 'aes128-cbc', '3des-cbc', 'blowfish-cbc', 'cast128-cbc', 'aes192-cbc', 'aes256-cbc', 'arcfour', 'rijndael-cbc@lysator.liu.se'] server encrypt:['aes128-ctr', 'aes192-ctr', 'aes256-ctr', 'arcfour256', 'arcfour128', 'aes128-cbc', '3des-cbc', 'blowfish-cbc', 'cast128-cbc', 'aes192-cbc', 'aes256-cbc', 'arcfour', 'rijndael-cbc@lysator.liu.se'] client mac:['hmac-md5', 'hmac-sha1', 'umac-64@openssh.com', 'hmac-ripemd160', 'hmac-ripemd160@openssh.com', 'hmac-sha1-96', 'hmac-md5-96'] server mac:['hmac-md5', 'hmac-sha1', 'umac-64@openssh.com', 'hmac-ripemd160', 'hmac-ripemd160@openssh.com', 'hmac-sha1-96', 'hmac-md5-96'] client compress:['none', 'zlib@openssh.com'] server compress:['none', 'zlib@openssh.com'] client lang:[''] server lang:[''] kex follows?False
DEB [20180115-02:07:34.256] thr=45  paramiko.transport: Cipher agreed: aes128-ctr
DEB [20180115-02:07:34.256] thr=47  paramiko.transport: kex algos:['diffie-hellman-group-exchange-sha256', 'diffie-hellman-group-exchange-sha1', 'diffie-hellman-group14-sha1', 'diffie-hellman-group1-sha1'] server key:['ssh-rsa', 'ssh-dss'] client encrypt:['aes128-ctr', 'aes192-ctr', 'aes256-ctr', 'arcfour256', 'arcfour128', 'aes128-cbc', '3des-cbc', 'blowfish-cbc', 'cast128-cbc', 'aes192-cbc', 'aes256-cbc', 'arcfour', 'rijndael-cbc@lysator.liu.se'] server encrypt:['aes128-ctr', 'aes192-ctr', 'aes256-ctr', 'arcfour256', 'arcfour128', 'aes128-cbc', '3des-cbc', 'blowfish-cbc', 'cast128-cbc', 'aes192-cbc', 'aes256-cbc', 'arcfour', 'rijndael-cbc@lysator.liu.se'] client mac:['hmac-md5', 'hmac-sha1', 'umac-64@openssh.com', 'hmac-ripemd160', 'hmac-ripemd160@openssh.com', 'hmac-sha1-96', 'hmac-md5-96'] server mac:['hmac-md5', 'hmac-sha1', 'umac-64@openssh.com', 'hmac-ripemd160', 'hmac-ripemd160@openssh.com', 'hmac-sha1-96', 'hmac-md5-96'] client compress:['none', 'zlib@openssh.com'] server compress:['none', 'zlib@openssh.com'] client lang:[''] server lang:[''] kex follows?False
DEB [20180115-02:07:34.256] thr=48  paramiko.transport: kex algos:['diffie-hellman-group-exchange-sha256', 'diffie-hellman-group-exchange-sha1', 'diffie-hellman-group14-sha1', 'diffie-hellman-group1-sha1'] server key:['ssh-rsa', 'ssh-dss'] client encrypt:['aes128-ctr', 'aes192-ctr', 'aes256-ctr', 'arcfour256', 'arcfour128', 'aes128-cbc', '3des-cbc', 'blowfish-cbc', 'cast128-cbc', 'aes192-cbc', 'aes256-cbc', 'arcfour', 'rijndael-cbc@lysator.liu.se'] server encrypt:['aes128-ctr', 'aes192-ctr', 'aes256-ctr', 'arcfour256', 'arcfour128', 'aes128-cbc', '3des-cbc', 'blowfish-cbc', 'cast128-cbc', 'aes192-cbc', 'aes256-cbc', 'arcfour', 'rijndael-cbc@lysator.liu.se'] client mac:['hmac-md5', 'hmac-sha1', 'umac-64@openssh.com', 'hmac-ripemd160', 'hmac-ripemd160@openssh.com', 'hmac-sha1-96', 'hmac-md5-96'] server mac:['hmac-md5', 'hmac-sha1', 'umac-64@openssh.com', 'hmac-ripemd160', 'hmac-ripemd160@openssh.com', 'hmac-sha1-96', 'hmac-md5-96'] client compress:['none', 'zlib@openssh.com'] server compress:['none', 'zlib@openssh.com'] client lang:[''] server lang:[''] kex follows?False
DEB [20180115-02:07:34.256] thr=43  paramiko.transport: MAC agreed: hmac-sha1
DEB [20180115-02:07:34.256] thr=44  paramiko.transport: kex algos:['diffie-hellman-group-exchange-sha256', 'diffie-hellman-group-exchange-sha1', 'diffie-hellman-group14-sha1', 'diffie-hellman-group1-sha1'] server key:['ssh-rsa', 'ssh-dss'] client encrypt:['aes128-ctr', 'aes192-ctr', 'aes256-ctr', 'arcfour256', 'arcfour128', 'aes128-cbc', '3des-cbc', 'blowfish-cbc', 'cast128-cbc', 'aes192-cbc', 'aes256-cbc', 'arcfour', 'rijndael-cbc@lysator.liu.se'] server encrypt:['aes128-ctr', 'aes192-ctr', 'aes256-ctr', 'arcfour256', 'arcfour128', 'aes128-cbc', '3des-cbc', 'blowfish-cbc', 'cast128-cbc', 'aes192-cbc', 'aes256-cbc', 'arcfour', 'rijndael-cbc@lysator.liu.se'] client mac:['hmac-md5', 'hmac-sha1', 'umac-64@openssh.com', 'hmac-ripemd160', 'hmac-ripemd160@openssh.com', 'hmac-sha1-96', 'hmac-md5-96'] server mac:['hmac-md5', 'hmac-sha1', 'umac-64@openssh.com', 'hmac-ripemd160', 'hmac-ripemd160@openssh.com', 'hmac-sha1-96', 'hmac-md5-96'] client compress:['none', 'zlib@openssh.com'] server compress:['none', 'zlib@openssh.com'] client lang:[''] server lang:[''] kex follows?False
DEB [20180115-02:07:34.256] thr=46  paramiko.transport: Kex agreed: diffie-hellman-group-exchange-sha256
DEB [20180115-02:07:34.256] thr=50  paramiko.transport: Kex agreed: diffie-hellman-group-exchange-sha256
DEB [20180115-02:07:34.257] thr=45  paramiko.transport: MAC agreed: hmac-sha1
DEB [20180115-02:07:34.257] thr=47  paramiko.transport: Kex agreed: diffie-hellman-group-exchange-sha256
DEB [20180115-02:07:34.258] thr=49  paramiko.transport: kex algos:['diffie-hellman-group-exchange-sha256', 'diffie-hellman-group-exchange-sha1', 'diffie-hellman-group14-sha1', 'diffie-hellman-group1-sha1'] server key:['ssh-rsa', 'ssh-dss'] client encrypt:['aes128-ctr', 'aes192-ctr', 'aes256-ctr', 'arcfour256', 'arcfour128', 'aes128-cbc', '3des-cbc', 'blowfish-cbc', 'cast128-cbc', 'aes192-cbc', 'aes256-cbc', 'arcfour', 'rijndael-cbc@lysator.liu.se'] server encrypt:['aes128-ctr', 'aes192-ctr', 'aes256-ctr', 'arcfour256', 'arcfour128', 'aes128-cbc', '3des-cbc', 'blowfish-cbc', 'cast128-cbc', 'aes192-cbc', 'aes256-cbc', 'arcfour', 'rijndael-cbc@lysator.liu.se'] client mac:['hmac-md5', 'hmac-sha1', 'umac-64@openssh.com', 'hmac-ripemd160', 'hmac-ripemd160@openssh.com', 'hmac-sha1-96', 'hmac-md5-96'] server mac:['hmac-md5', 'hmac-sha1', 'umac-64@openssh.com', 'hmac-ripemd160', 'hmac-ripemd160@openssh.com', 'hmac-sha1-96', 'hmac-md5-96'] client compress:['none', 'zlib@openssh.com'] server compress:['none', 'zlib@openssh.com'] client lang:[''] server lang:[''] kex follows?False
DEB [20180115-02:07:34.258] thr=53  paramiko.transport: kex algos:['diffie-hellman-group-exchange-sha256', 'diffie-hellman-group-exchange-sha1', 'diffie-hellman-group14-sha1', 'diffie-hellman-group1-sha1'] server key:['ssh-rsa', 'ssh-dss'] client encrypt:['aes128-ctr', 'aes192-ctr', 'aes256-ctr', 'arcfour256', 'arcfour128', 'aes128-cbc', '3des-cbc', 'blowfish-cbc', 'cast128-cbc', 'aes192-cbc', 'aes256-cbc', 'arcfour', 'rijndael-cbc@lysator.liu.se'] server encrypt:['aes128-ctr', 'aes192-ctr', 'aes256-ctr', 'arcfour256', 'arcfour128', 'aes128-cbc', '3des-cbc', 'blowfish-cbc', 'cast128-cbc', 'aes192-cbc', 'aes256-cbc', 'arcfour', 'rijndael-cbc@lysator.liu.se'] client mac:['hmac-md5', 'hmac-sha1', 'umac-64@openssh.com', 'hmac-ripemd160', 'hmac-ripemd160@openssh.com', 'hmac-sha1-96', 'hmac-md5-96'] server mac:['hmac-md5', 'hmac-sha1', 'umac-64@openssh.com', 'hmac-ripemd160', 'hmac-ripemd160@openssh.com', 'hmac-sha1-96', 'hmac-md5-96'] client compress:['none', 'zlib@openssh.com'] server compress:['none', 'zlib@openssh.com'] client lang:[''] server lang:[''] kex follows?False
DEB [20180115-02:07:34.258] thr=48  paramiko.transport: Kex agreed: diffie-hellman-group-exchange-sha256
DEB [20180115-02:07:34.258] thr=52  paramiko.transport: kex algos:['diffie-hellman-group-exchange-sha256', 'diffie-hellman-group-exchange-sha1', 'diffie-hellman-group14-sha1', 'diffie-hellman-group1-sha1'] server key:['ssh-rsa', 'ssh-dss'] client encrypt:['aes128-ctr', 'aes192-ctr', 'aes256-ctr', 'arcfour256', 'arcfour128', 'aes128-cbc', '3des-cbc', 'blowfish-cbc', 'cast128-cbc', 'aes192-cbc', 'aes256-cbc', 'arcfour', 'rijndael-cbc@lysator.liu.se'] server encrypt:['aes128-ctr', 'aes192-ctr', 'aes256-ctr', 'arcfour256', 'arcfour128', 'aes128-cbc', '3des-cbc', 'blowfish-cbc', 'cast128-cbc', 'aes192-cbc', 'aes256-cbc', 'arcfour', 'rijndael-cbc@lysator.liu.se'] client mac:['hmac-md5', 'hmac-sha1', 'umac-64@openssh.com', 'hmac-ripemd160', 'hmac-ripemd160@openssh.com', 'hmac-sha1-96', 'hmac-md5-96'] server mac:['hmac-md5', 'hmac-sha1', 'umac-64@openssh.com', 'hmac-ripemd160', 'hmac-ripemd160@openssh.com', 'hmac-sha1-96', 'hmac-md5-96'] client compress:['none', 'zlib@openssh.com'] server compress:['none', 'zlib@openssh.com'] client lang:[''] server lang:[''] kex follows?False
DEB [20180115-02:07:34.258] thr=43  paramiko.transport: Compression agreed: none
DEB [20180115-02:07:34.259] thr=44  paramiko.transport: Kex agreed: diffie-hellman-group-exchange-sha256
DEB [20180115-02:07:34.259] thr=46  paramiko.transport: HostKey agreed: ssh-rsa
DEB [20180115-02:07:34.259] thr=50  paramiko.transport: HostKey agreed: ssh-rsa
DEB [20180115-02:07:34.259] thr=45  paramiko.transport: Compression agreed: none
DEB [20180115-02:07:34.259] thr=47  paramiko.transport: HostKey agreed: ssh-rsa
DEB [20180115-02:07:34.260] thr=49  paramiko.transport: Kex agreed: diffie-hellman-group-exchange-sha256
DEB [20180115-02:07:34.260] thr=53  paramiko.transport: Kex agreed: diffie-hellman-group-exchange-sha256
DEB [20180115-02:07:34.260] thr=48  paramiko.transport: HostKey agreed: ssh-rsa
DEB [20180115-02:07:34.260] thr=52  paramiko.transport: Kex agreed: diffie-hellman-group-exchange-sha256
DEB [20180115-02:07:34.261] thr=44  paramiko.transport: HostKey agreed: ssh-rsa
DEB [20180115-02:07:34.261] thr=46  paramiko.transport: Cipher agreed: aes128-ctr
DEB [20180115-02:07:34.261] thr=50  paramiko.transport: Cipher agreed: aes128-ctr
DEB [20180115-02:07:34.261] thr=47  paramiko.transport: Cipher agreed: aes128-ctr
DEB [20180115-02:07:34.261] thr=49  paramiko.transport: HostKey agreed: ssh-rsa
DEB [20180115-02:07:34.262] thr=53  paramiko.transport: HostKey agreed: ssh-rsa
DEB [20180115-02:07:34.262] thr=48  paramiko.transport: Cipher agreed: aes128-ctr
DEB [20180115-02:07:34.262] thr=52  paramiko.transport: HostKey agreed: ssh-rsa
DEB [20180115-02:07:34.262] thr=44  paramiko.transport: Cipher agreed: aes128-ctr
DEB [20180115-02:07:34.262] thr=46  paramiko.transport: MAC agreed: hmac-sha1
DEB [20180115-02:07:34.263] thr=50  paramiko.transport: MAC agreed: hmac-sha1
DEB [20180115-02:07:34.263] thr=47  paramiko.transport: MAC agreed: hmac-sha1
DEB [20180115-02:07:34.263] thr=49  paramiko.transport: Cipher agreed: aes128-ctr
DEB [20180115-02:07:34.263] thr=53  paramiko.transport: Cipher agreed: aes128-ctr
DEB [20180115-02:07:34.263] thr=48  paramiko.transport: MAC agreed: hmac-sha1
DEB [20180115-02:07:34.263] thr=52  paramiko.transport: Cipher agreed: aes128-ctr
DEB [20180115-02:07:34.263] thr=44  paramiko.transport: MAC agreed: hmac-sha1
DEB [20180115-02:07:34.264] thr=46  paramiko.transport: Compression agreed: none
DEB [20180115-02:07:34.264] thr=50  paramiko.transport: Compression agreed: none
DEB [20180115-02:07:34.264] thr=47  paramiko.transport: Compression agreed: none
DEB [20180115-02:07:34.264] thr=49  paramiko.transport: MAC agreed: hmac-sha1
DEB [20180115-02:07:34.264] thr=53  paramiko.transport: MAC agreed: hmac-sha1
DEB [20180115-02:07:34.264] thr=48  paramiko.transport: Compression agreed: none
DEB [20180115-02:07:34.264] thr=52  paramiko.transport: MAC agreed: hmac-sha1
DEB [20180115-02:07:34.265] thr=44  paramiko.transport: Compression agreed: none
DEB [20180115-02:07:34.265] thr=49  paramiko.transport: Compression agreed: none
DEB [20180115-02:07:34.265] thr=53  paramiko.transport: Compression agreed: none
DEB [20180115-02:07:34.266] thr=52  paramiko.transport: Compression agreed: none
DEB [20180115-02:07:34.267] thr=43  paramiko.transport: Got server p (2048 bits)
DEB [20180115-02:07:34.296] thr=50  paramiko.transport: Got server p (2048 bits)
DEB [20180115-02:07:34.323] thr=49  paramiko.transport: Got server p (2048 bits)
DEB [20180115-02:07:34.348] thr=53  paramiko.transport: Got server p (2048 bits)
DEB [20180115-02:07:34.374] thr=44  paramiko.transport: Got server p (2048 bits)
DEB [20180115-02:07:34.400] thr=52  paramiko.transport: Got server p (2048 bits)
DEB [20180115-02:07:34.426] thr=45  paramiko.transport: Got server p (2048 bits)
DEB [20180115-02:07:34.426] thr=48  paramiko.transport: Got server p (2048 bits)
DEB [20180115-02:07:34.485] thr=46  paramiko.transport: Got server p (2048 bits)
DEB [20180115-02:07:34.512] thr=47  paramiko.transport: Got server p (2048 bits)
DEB [20180115-02:07:34.853] thr=44  paramiko.transport: kex engine KexGexSHA256 specified hash_algo <built-in function openssl_sha256>
DEB [20180115-02:07:34.854] thr=44  paramiko.transport: Switch to new keys ...
DEB [20180115-02:07:34.855] thr=63  paramiko.transport: Attempting password auth...
DEB [20180115-02:07:34.856] thr=43  paramiko.transport: kex engine KexGexSHA256 specified hash_algo <built-in function openssl_sha256>
DEB [20180115-02:07:34.856] thr=52  paramiko.transport: kex engine KexGexSHA256 specified hash_algo <built-in function openssl_sha256>
DEB [20180115-02:07:34.856] thr=48  paramiko.transport: kex engine KexGexSHA256 specified hash_algo <built-in function openssl_sha256>
DEB [20180115-02:07:34.857] thr=53  paramiko.transport: kex engine KexGexSHA256 specified hash_algo <built-in function openssl_sha256>
DEB [20180115-02:07:34.857] thr=46  paramiko.transport: kex engine KexGexSHA256 specified hash_algo <built-in function openssl_sha256>
DEB [20180115-02:07:34.857] thr=45  paramiko.transport: kex engine KexGexSHA256 specified hash_algo <built-in function openssl_sha256>
DEB [20180115-02:07:34.857] thr=47  paramiko.transport: kex engine KexGexSHA256 specified hash_algo <built-in function openssl_sha256>
DEB [20180115-02:07:34.857] thr=49  paramiko.transport: kex engine KexGexSHA256 specified hash_algo <built-in function openssl_sha256>
DEB [20180115-02:07:34.857] thr=50  paramiko.transport: kex engine KexGexSHA256 specified hash_algo <built-in function openssl_sha256>
DEB [20180115-02:07:34.858] thr=43  paramiko.transport: Switch to new keys ...
DEB [20180115-02:07:34.858] thr=52  paramiko.transport: Switch to new keys ...
DEB [20180115-02:07:34.858] thr=48  paramiko.transport: Switch to new keys ...
DEB [20180115-02:07:34.858] thr=53  paramiko.transport: Switch to new keys ...
DEB [20180115-02:07:34.859] thr=46  paramiko.transport: Switch to new keys ...
DEB [20180115-02:07:34.859] thr=45  paramiko.transport: Switch to new keys ...
DEB [20180115-02:07:34.859] thr=47  paramiko.transport: Switch to new keys ...
DEB [20180115-02:07:34.860] thr=49  paramiko.transport: Switch to new keys ...
DEB [20180115-02:07:34.860] thr=50  paramiko.transport: Switch to new keys ...
DEB [20180115-02:07:34.860] thr=64  paramiko.transport: Attempting password auth...
DEB [20180115-02:07:34.860] thr=65  paramiko.transport: Attempting password auth...
DEB [20180115-02:07:34.861] thr=66  paramiko.transport: Attempting password auth...
DEB [20180115-02:07:34.861] thr=67  paramiko.transport: Attempting password auth...
DEB [20180115-02:07:34.861] thr=68  paramiko.transport: Attempting password auth...
DEB [20180115-02:07:34.862] thr=69  paramiko.transport: Attempting password auth...
DEB [20180115-02:07:34.862] thr=70  paramiko.transport: Attempting password auth...
DEB [20180115-02:07:34.862] thr=71  paramiko.transport: Attempting password auth...
DEB [20180115-02:07:34.863] thr=72  paramiko.transport: Attempting password auth...
DEB [20180115-02:07:34.914] thr=44  paramiko.transport: userauth is OK
DEB [20180115-02:07:34.915] thr=50  paramiko.transport: userauth is OK
DEB [20180115-02:07:34.918] thr=48  paramiko.transport: userauth is OK
DEB [20180115-02:07:34.918] thr=43  paramiko.transport: userauth is OK
DEB [20180115-02:07:34.918] thr=47  paramiko.transport: userauth is OK
DEB [20180115-02:07:34.918] thr=45  paramiko.transport: userauth is OK
DEB [20180115-02:07:34.919] thr=52  paramiko.transport: userauth is OK
DEB [20180115-02:07:34.919] thr=49  paramiko.transport: userauth is OK
DEB [20180115-02:07:34.920] thr=46  paramiko.transport: userauth is OK
DEB [20180115-02:07:34.920] thr=53  paramiko.transport: userauth is OK
INF [20180115-02:07:34.947] thr=44  paramiko.transport: Authentication (password) successful!
INF [20180115-02:07:34.948] thr=50  paramiko.transport: Authentication (password) successful!
DEB [20180115-02:07:34.948] thr=63  paramiko.transport: [chan 0] Max packet in: 32768 bytes
INF [20180115-02:07:34.948] thr=48  paramiko.transport: Authentication (password) successful!
DEB [20180115-02:07:34.948] thr=72  paramiko.transport: [chan 0] Max packet in: 32768 bytes
DEB [20180115-02:07:34.949] thr=66  paramiko.transport: [chan 0] Max packet in: 32768 bytes
INF [20180115-02:07:34.950] thr=47  paramiko.transport: Authentication (password) successful!
INF [20180115-02:07:34.951] thr=46  paramiko.transport: Authentication (password) successful!
DEB [20180115-02:07:34.951] thr=70  paramiko.transport: [chan 0] Max packet in: 32768 bytes
DEB [20180115-02:07:34.952] thr=68  paramiko.transport: [chan 0] Max packet in: 32768 bytes
INF [20180115-02:07:34.952] thr=52  paramiko.transport: Authentication (password) successful!
INF [20180115-02:07:34.952] thr=43  paramiko.transport: Authentication (password) successful!
INF [20180115-02:07:34.953] thr=45  paramiko.transport: Authentication (password) successful!
INF [20180115-02:07:34.953] thr=53  paramiko.transport: Authentication (password) successful!
INF [20180115-02:07:34.953] thr=49  paramiko.transport: Authentication (password) successful!
DEB [20180115-02:07:34.953] thr=65  paramiko.transport: [chan 0] Max packet in: 32768 bytes
DEB [20180115-02:07:34.954] thr=64  paramiko.transport: [chan 0] Max packet in: 32768 bytes
DEB [20180115-02:07:34.954] thr=67  paramiko.transport: [chan 0] Max packet in: 32768 bytes
DEB [20180115-02:07:34.954] thr=69  paramiko.transport: [chan 0] Max packet in: 32768 bytes
DEB [20180115-02:07:34.955] thr=71  paramiko.transport: [chan 0] Max packet in: 32768 bytes
DEB [20180115-02:07:34.991] thr=44  paramiko.transport: [chan 0] Max packet out: 32768 bytes
DEB [20180115-02:07:34.991] thr=44  paramiko.transport: Secsh channel 0 opened.
DEB [20180115-02:07:34.997] thr=50  paramiko.transport: [chan 0] Max packet out: 32768 bytes
DEB [20180115-02:07:34.997] thr=50  paramiko.transport: Secsh channel 0 opened.
DEB [20180115-02:07:35.002] thr=47  paramiko.transport: [chan 0] Max packet out: 32768 bytes
DEB [20180115-02:07:35.002] thr=47  paramiko.transport: Secsh channel 0 opened.
DEB [20180115-02:07:35.002] thr=52  paramiko.transport: [chan 0] Max packet out: 32768 bytes
DEB [20180115-02:07:35.002] thr=52  paramiko.transport: Secsh channel 0 opened.
DEB [20180115-02:07:35.003] thr=49  paramiko.transport: [chan 0] Max packet out: 32768 bytes
DEB [20180115-02:07:35.003] thr=49  paramiko.transport: Secsh channel 0 opened.
DEB [20180115-02:07:35.004] thr=46  paramiko.transport: [chan 0] Max packet out: 32768 bytes
DEB [20180115-02:07:35.004] thr=46  paramiko.transport: Secsh channel 0 opened.
DEB [20180115-02:07:35.004] thr=44  paramiko.transport: [chan 0] Sesch channel 0 request ok
DEB [20180115-02:07:35.005] thr=48  paramiko.transport: [chan 0] Max packet out: 32768 bytes
DEB [20180115-02:07:35.006] thr=48  paramiko.transport: Secsh channel 0 opened.
DEB [20180115-02:07:35.006] thr=50  paramiko.transport: [chan 0] Sesch channel 0 request ok
DEB [20180115-02:07:35.008] thr=53  paramiko.transport: [chan 0] Max packet out: 32768 bytes
DEB [20180115-02:07:35.008] thr=53  paramiko.transport: Secsh channel 0 opened.
DEB [20180115-02:07:35.017] thr=43  paramiko.transport: [chan 0] Max packet out: 32768 bytes
DEB [20180115-02:07:35.017] thr=43  paramiko.transport: Secsh channel 0 opened.
DEB [20180115-02:07:35.018] thr=47  paramiko.transport: [chan 0] Sesch channel 0 request ok
DEB [20180115-02:07:35.018] thr=46  paramiko.transport: [chan 0] Sesch channel 0 request ok
DEB [20180115-02:07:35.018] thr=45  paramiko.transport: [chan 0] Max packet out: 32768 bytes
DEB [20180115-02:07:35.019] thr=45  paramiko.transport: Secsh channel 0 opened.
DEB [20180115-02:07:35.019] thr=49  paramiko.transport: [chan 0] Sesch channel 0 request ok
DEB [20180115-02:07:35.020] thr=52  paramiko.transport: [chan 0] Sesch channel 0 request ok
DEB [20180115-02:07:35.020] thr=48  paramiko.transport: [chan 0] Sesch channel 0 request ok
DEB [20180115-02:07:35.021] thr=53  paramiko.transport: [chan 0] Sesch channel 0 request ok
DEB [20180115-02:07:35.025] thr=43  paramiko.transport: [chan 0] Sesch channel 0 request ok
DEB [20180115-02:07:35.026] thr=45  paramiko.transport: [chan 0] Sesch channel 0 request ok
INF [20180115-02:07:35.064] thr=66  paramiko.transport.sftp: [chan 0] Opened sftp connection (server version 3)
DEB [20180115-02:07:35.064] thr=66  paramiko.transport.sftp: [chan 0] open(b'/home/nasinha/cases/Teradata_02008743/ODBC_set.zip', 'r')
DEB [20180115-02:07:35.071] thr=66  paramiko.transport.sftp: [chan 0] open(b'/home/nasinha/cases/Teradata_02008743/ODBC_set.zip', 'r') -> 00000000
INF [20180115-02:07:35.072] thr=72  paramiko.transport.sftp: [chan 0] Opened sftp connection (server version 3)
DEB [20180115-02:07:35.072] thr=72  paramiko.transport.sftp: [chan 0] open(b'/home/nasinha/cases/Teradata_02008743/ODBC_set.zip', 'r')
DEB [20180115-02:07:35.073] thr=66  paramiko.transport.sftp: [chan 0] readv(b'00000000', [(17069416, 1219244)])
INF [20180115-02:07:35.076] thr=70  paramiko.transport.sftp: [chan 0] Opened sftp connection (server version 3)
DEB [20180115-02:07:35.076] thr=70  paramiko.transport.sftp: [chan 0] open(b'/home/nasinha/cases/Teradata_02008743/ODBC_set.zip', 'r')
INF [20180115-02:07:35.078] thr=65  paramiko.transport.sftp: [chan 0] Opened sftp connection (server version 3)
DEB [20180115-02:07:35.079] thr=65  paramiko.transport.sftp: [chan 0] open(b'/home/nasinha/cases/Teradata_02008743/ODBC_set.zip', 'r')
DEB [20180115-02:07:35.079] thr=72  paramiko.transport.sftp: [chan 0] open(b'/home/nasinha/cases/Teradata_02008743/ODBC_set.zip', 'r') -> 00000000
DEB [20180115-02:07:35.081] thr=72  paramiko.transport.sftp: [chan 0] readv(b'00000000', [(25604124, 1219244)])
INF [20180115-02:07:35.089] thr=71  paramiko.transport.sftp: [chan 0] Opened sftp connection (server version 3)
DEB [20180115-02:07:35.090] thr=71  paramiko.transport.sftp: [chan 0] open(b'/home/nasinha/cases/Teradata_02008743/ODBC_set.zip', 'r')
DEB [20180115-02:07:35.091] thr=70  paramiko.transport.sftp: [chan 0] open(b'/home/nasinha/cases/Teradata_02008743/ODBC_set.zip', 'r') -> 00000000
DEB [20180115-02:07:35.091] thr=65  paramiko.transport.sftp: [chan 0] open(b'/home/nasinha/cases/Teradata_02008743/ODBC_set.zip', 'r') -> 00000000
INF [20180115-02:07:35.092] thr=63  paramiko.transport.sftp: [chan 0] Opened sftp connection (server version 3)
INF [20180115-02:07:35.092] thr=67  paramiko.transport.sftp: [chan 0] Opened sftp connection (server version 3)
INF [20180115-02:07:35.093] thr=68  paramiko.transport.sftp: [chan 0] Opened sftp connection (server version 3)
DEB [20180115-02:07:35.093] thr=63  paramiko.transport.sftp: [chan 0] open(b'/home/nasinha/cases/Teradata_02008743/ODBC_set.zip', 'r')
DEB [20180115-02:07:35.093] thr=70  paramiko.transport.sftp: [chan 0] readv(b'00000000', [(18288660, 1219244)])
DEB [20180115-02:07:35.093] thr=67  paramiko.transport.sftp: [chan 0] open(b'/home/nasinha/cases/Teradata_02008743/ODBC_set.zip', 'r')
DEB [20180115-02:07:35.093] thr=68  paramiko.transport.sftp: [chan 0] open(b'/home/nasinha/cases/Teradata_02008743/ODBC_set.zip', 'r')
DEB [20180115-02:07:35.094] thr=65  paramiko.transport.sftp: [chan 0] readv(b'00000000', [(20727148, 1219244)])
INF [20180115-02:07:35.098] thr=64  paramiko.transport.sftp: [chan 0] Opened sftp connection (server version 3)
DEB [20180115-02:07:35.098] thr=64  paramiko.transport.sftp: [chan 0] open(b'/home/nasinha/cases/Teradata_02008743/ODBC_set.zip', 'r')
DEB [20180115-02:07:35.138] thr=71  paramiko.transport.sftp: [chan 0] open(b'/home/nasinha/cases/Teradata_02008743/ODBC_set.zip', 'r') -> 00000000
DEB [20180115-02:07:35.138] thr=68  paramiko.transport.sftp: [chan 0] open(b'/home/nasinha/cases/Teradata_02008743/ODBC_set.zip', 'r') -> 00000000
DEB [20180115-02:07:35.139] thr=63  paramiko.transport.sftp: [chan 0] open(b'/home/nasinha/cases/Teradata_02008743/ODBC_set.zip', 'r') -> 00000000
DEB [20180115-02:07:35.139] thr=71  paramiko.transport.sftp: [chan 0] readv(b'00000000', [(21946392, 1219244)])
DEB [20180115-02:07:35.140] thr=67  paramiko.transport.sftp: [chan 0] open(b'/home/nasinha/cases/Teradata_02008743/ODBC_set.zip', 'r') -> 00000000
DEB [20180115-02:07:35.140] thr=63  paramiko.transport.sftp: [chan 0] readv(b'00000000', [(15850172, 1219244)])
DEB [20180115-02:07:35.140] thr=68  paramiko.transport.sftp: [chan 0] readv(b'00000000', [(12192440, 1219244)])
DEB [20180115-02:07:35.141] thr=67  paramiko.transport.sftp: [chan 0] readv(b'00000000', [(19507904, 1219244)])
DEB [20180115-02:07:35.182] thr=64  paramiko.transport.sftp: [chan 0] open(b'/home/nasinha/cases/Teradata_02008743/ODBC_set.zip', 'r') -> 00000000
DEB [20180115-02:07:35.183] thr=64  paramiko.transport.sftp: [chan 0] readv(b'00000000', [(9753952, 1219244)])
INF [20180115-02:07:35.213] thr=69  paramiko.transport.sftp: [chan 0] Opened sftp connection (server version 3)
DEB [20180115-02:07:35.213] thr=69  paramiko.transport.sftp: [chan 0] open(b'/home/nasinha/cases/Teradata_02008743/ODBC_set.zip', 'r')
DEB [20180115-02:07:35.452] thr=69  paramiko.transport.sftp: [chan 0] open(b'/home/nasinha/cases/Teradata_02008743/ODBC_set.zip', 'r') -> 00000000
DEB [20180115-02:07:35.453] thr=69  paramiko.transport.sftp: [chan 0] readv(b'00000000', [(10973196, 1219244)])
INF [20180115-02:07:48.587] thr=72  paramiko.transport.sftp: [chan 0] sftp session closed.
DEB [20180115-02:07:48.587] thr=72  paramiko.transport: [chan 0] EOF sent (0)
DEB [20180115-02:07:48.588] thr=72  paramiko.transport.sftp: [chan 0] close(00000000)
DEB [20180115-02:07:48.981] thr=50  paramiko.transport: [chan 0] EOF received (0)
INF [20180115-02:07:49.865] thr=67  paramiko.transport.sftp: [chan 0] sftp session closed.
DEB [20180115-02:07:49.865] thr=67  paramiko.transport: [chan 0] EOF sent (0)
DEB [20180115-02:07:49.865] thr=67  paramiko.transport.sftp: [chan 0] close(00000000)
INF [20180115-02:07:49.991] thr=65  paramiko.transport.sftp: [chan 0] sftp session closed.
DEB [20180115-02:07:49.991] thr=65  paramiko.transport: [chan 0] EOF sent (0)
DEB [20180115-02:07:49.992] thr=65  paramiko.transport.sftp: [chan 0] close(00000000)
INF [20180115-02:07:50.230] thr=64  paramiko.transport.sftp: [chan 0] sftp session closed.
DEB [20180115-02:07:50.230] thr=64  paramiko.transport: [chan 0] EOF sent (0)
DEB [20180115-02:07:50.232] thr=64  paramiko.transport.sftp: [chan 0] close(00000000)
INF [20180115-02:07:50.385] thr=71  paramiko.transport.sftp: [chan 0] sftp session closed.
DEB [20180115-02:07:50.385] thr=71  paramiko.transport: [chan 0] EOF sent (0)
DEB [20180115-02:07:50.385] thr=71  paramiko.transport.sftp: [chan 0] close(00000000)
DEB [20180115-02:07:50.545] thr=53  paramiko.transport: [chan 0] EOF received (0)
DEB [20180115-02:07:50.860] thr=52  paramiko.transport: [chan 0] EOF received (0)
DEB [20180115-02:07:50.862] thr=43  paramiko.transport: [chan 0] EOF received (0)
DEB [20180115-02:07:50.863] thr=49  paramiko.transport: [chan 0] EOF received (0)
INF [20180115-02:07:51.014] thr=70  paramiko.transport.sftp: [chan 0] sftp session closed.
DEB [20180115-02:07:51.015] thr=70  paramiko.transport: [chan 0] EOF sent (0)
DEB [20180115-02:07:51.016] thr=70  paramiko.transport.sftp: [chan 0] close(00000000)
INF [20180115-02:07:51.191] thr=68  paramiko.transport.sftp: [chan 0] sftp session closed.
DEB [20180115-02:07:51.192] thr=68  paramiko.transport: [chan 0] EOF sent (0)
DEB [20180115-02:07:51.193] thr=68  paramiko.transport.sftp: [chan 0] close(00000000)
DEB [20180115-02:07:51.390] thr=47  paramiko.transport: [chan 0] EOF received (0)
INF [20180115-02:07:51.430] thr=66  paramiko.transport.sftp: [chan 0] sftp session closed.
DEB [20180115-02:07:51.430] thr=66  paramiko.transport: [chan 0] EOF sent (0)
DEB [20180115-02:07:51.431] thr=66  paramiko.transport.sftp: [chan 0] close(00000000)
DEB [20180115-02:07:51.604] thr=46  paramiko.transport: [chan 0] EOF received (0)
DEB [20180115-02:07:51.881] thr=48  paramiko.transport: [chan 0] EOF received (0)
INF [20180115-02:07:52.208] thr=63  paramiko.transport.sftp: [chan 0] sftp session closed.
DEB [20180115-02:07:52.208] thr=63  paramiko.transport: [chan 0] EOF sent (0)
DEB [20180115-02:07:52.210] thr=63  paramiko.transport.sftp: [chan 0] close(00000000)
DEB [20180115-02:07:52.441] thr=44  paramiko.transport: [chan 0] EOF received (0)
INF [20180115-02:07:53.368] thr=69  paramiko.transport.sftp: [chan 0] sftp session closed.
DEB [20180115-02:07:53.368] thr=69  paramiko.transport: [chan 0] EOF sent (0)
DEB [20180115-02:07:53.369] thr=69  paramiko.transport.sftp: [chan 0] close(00000000)
DEB [20180115-02:07:53.397] thr=73  paramiko.transport: starting thread (client mode): 0x9ad88710
DEB [20180115-02:07:53.397] thr=45  paramiko.transport: [chan 0] EOF received (0)
DEB [20180115-02:07:53.398] thr=74  paramiko.transport: starting thread (client mode): 0x9ad83198
DEB [20180115-02:07:53.398] thr=75  paramiko.transport: starting thread (client mode): 0x9ad88128
DEB [20180115-02:07:53.399] thr=76  paramiko.transport: starting thread (client mode): 0x9ad83ba8
DEB [20180115-02:07:53.399] thr=77  paramiko.transport: starting thread (client mode): 0x9ad83dd8
DEB [20180115-02:07:53.399] thr=78  paramiko.transport: starting thread (client mode): 0x9bd62438
DEB [20180115-02:07:53.399] thr=79  paramiko.transport: starting thread (client mode): 0x9ad8a710
DEB [20180115-02:07:53.400] thr=80  paramiko.transport: starting thread (client mode): 0x9bd62470
DEB [20180115-02:07:53.400] thr=81  paramiko.transport: starting thread (client mode): 0x9ad8a240
DEB [20180115-02:07:53.400] thr=82  paramiko.transport: starting thread (client mode): 0x9bd62240
DEB [20180115-02:07:53.401] thr=73  paramiko.transport: Local version/idstring: SSH-2.0-paramiko_2.4.0
DEB [20180115-02:07:53.401] thr=74  paramiko.transport: Local version/idstring: SSH-2.0-paramiko_2.4.0
DEB [20180115-02:07:53.401] thr=75  paramiko.transport: Local version/idstring: SSH-2.0-paramiko_2.4.0
DEB [20180115-02:07:53.401] thr=76  paramiko.transport: Local version/idstring: SSH-2.0-paramiko_2.4.0
DEB [20180115-02:07:53.402] thr=77  paramiko.transport: Local version/idstring: SSH-2.0-paramiko_2.4.0
DEB [20180115-02:07:53.402] thr=78  paramiko.transport: Local version/idstring: SSH-2.0-paramiko_2.4.0
DEB [20180115-02:07:53.402] thr=79  paramiko.transport: Local version/idstring: SSH-2.0-paramiko_2.4.0
DEB [20180115-02:07:53.402] thr=80  paramiko.transport: Local version/idstring: SSH-2.0-paramiko_2.4.0
DEB [20180115-02:07:53.402] thr=81  paramiko.transport: Local version/idstring: SSH-2.0-paramiko_2.4.0
DEB [20180115-02:07:53.402] thr=82  paramiko.transport: Local version/idstring: SSH-2.0-paramiko_2.4.0
DEB [20180115-02:07:53.412] thr=73  paramiko.transport: Remote version/idstring: SSH-2.0-OpenSSH_5.3
DEB [20180115-02:07:53.413] thr=75  paramiko.transport: Remote version/idstring: SSH-2.0-OpenSSH_5.3
DEB [20180115-02:07:53.413] thr=77  paramiko.transport: Remote version/idstring: SSH-2.0-OpenSSH_5.3
DEB [20180115-02:07:53.413] thr=79  paramiko.transport: Remote version/idstring: SSH-2.0-OpenSSH_5.3
INF [20180115-02:07:53.413] thr=73  paramiko.transport: Connected (version 2.0, client OpenSSH_5.3)
INF [20180115-02:07:53.413] thr=75  paramiko.transport: Connected (version 2.0, client OpenSSH_5.3)
INF [20180115-02:07:53.413] thr=77  paramiko.transport: Connected (version 2.0, client OpenSSH_5.3)
INF [20180115-02:07:53.413] thr=79  paramiko.transport: Connected (version 2.0, client OpenSSH_5.3)
DEB [20180115-02:07:53.414] thr=81  paramiko.transport: Remote version/idstring: SSH-2.0-OpenSSH_5.3
INF [20180115-02:07:53.415] thr=81  paramiko.transport: Connected (version 2.0, client OpenSSH_5.3)
DEB [20180115-02:07:53.415] thr=82  paramiko.transport: Remote version/idstring: SSH-2.0-OpenSSH_5.3
DEB [20180115-02:07:53.415] thr=78  paramiko.transport: Remote version/idstring: SSH-2.0-OpenSSH_5.3
DEB [20180115-02:07:53.415] thr=74  paramiko.transport: Remote version/idstring: SSH-2.0-OpenSSH_5.3
INF [20180115-02:07:53.415] thr=82  paramiko.transport: Connected (version 2.0, client OpenSSH_5.3)
INF [20180115-02:07:53.415] thr=78  paramiko.transport: Connected (version 2.0, client OpenSSH_5.3)
DEB [20180115-02:07:53.415] thr=80  paramiko.transport: Remote version/idstring: SSH-2.0-OpenSSH_5.3
INF [20180115-02:07:53.415] thr=74  paramiko.transport: Connected (version 2.0, client OpenSSH_5.3)
DEB [20180115-02:07:53.416] thr=76  paramiko.transport: Remote version/idstring: SSH-2.0-OpenSSH_5.3
INF [20180115-02:07:53.417] thr=80  paramiko.transport: Connected (version 2.0, client OpenSSH_5.3)
INF [20180115-02:07:53.417] thr=76  paramiko.transport: Connected (version 2.0, client OpenSSH_5.3)
DEB [20180115-02:07:53.421] thr=77  paramiko.transport: kex algos:['diffie-hellman-group-exchange-sha256', 'diffie-hellman-group-exchange-sha1', 'diffie-hellman-group14-sha1', 'diffie-hellman-group1-sha1'] server key:['ssh-rsa', 'ssh-dss'] client encrypt:['aes128-ctr', 'aes192-ctr', 'aes256-ctr', 'arcfour256', 'arcfour128', 'aes128-cbc', '3des-cbc', 'blowfish-cbc', 'cast128-cbc', 'aes192-cbc', 'aes256-cbc', 'arcfour', 'rijndael-cbc@lysator.liu.se'] server encrypt:['aes128-ctr', 'aes192-ctr', 'aes256-ctr', 'arcfour256', 'arcfour128', 'aes128-cbc', '3des-cbc', 'blowfish-cbc', 'cast128-cbc', 'aes192-cbc', 'aes256-cbc', 'arcfour', 'rijndael-cbc@lysator.liu.se'] client mac:['hmac-md5', 'hmac-sha1', 'umac-64@openssh.com', 'hmac-ripemd160', 'hmac-ripemd160@openssh.com', 'hmac-sha1-96', 'hmac-md5-96'] server mac:['hmac-md5', 'hmac-sha1', 'umac-64@openssh.com', 'hmac-ripemd160', 'hmac-ripemd160@openssh.com', 'hmac-sha1-96', 'hmac-md5-96'] client compress:['none', 'zlib@openssh.com'] server compress:['none', 'zlib@openssh.com'] client lang:[''] server lang:[''] kex follows?False
DEB [20180115-02:07:53.421] thr=73  paramiko.transport: kex algos:['diffie-hellman-group-exchange-sha256', 'diffie-hellman-group-exchange-sha1', 'diffie-hellman-group14-sha1', 'diffie-hellman-group1-sha1'] server key:['ssh-rsa', 'ssh-dss'] client encrypt:['aes128-ctr', 'aes192-ctr', 'aes256-ctr', 'arcfour256', 'arcfour128', 'aes128-cbc', '3des-cbc', 'blowfish-cbc', 'cast128-cbc', 'aes192-cbc', 'aes256-cbc', 'arcfour', 'rijndael-cbc@lysator.liu.se'] server encrypt:['aes128-ctr', 'aes192-ctr', 'aes256-ctr', 'arcfour256', 'arcfour128', 'aes128-cbc', '3des-cbc', 'blowfish-cbc', 'cast128-cbc', 'aes192-cbc', 'aes256-cbc', 'arcfour', 'rijndael-cbc@lysator.liu.se'] client mac:['hmac-md5', 'hmac-sha1', 'umac-64@openssh.com', 'hmac-ripemd160', 'hmac-ripemd160@openssh.com', 'hmac-sha1-96', 'hmac-md5-96'] server mac:['hmac-md5', 'hmac-sha1', 'umac-64@openssh.com', 'hmac-ripemd160', 'hmac-ripemd160@openssh.com', 'hmac-sha1-96', 'hmac-md5-96'] client compress:['none', 'zlib@openssh.com'] server compress:['none', 'zlib@openssh.com'] client lang:[''] server lang:[''] kex follows?False
DEB [20180115-02:07:53.421] thr=77  paramiko.transport: Kex agreed: diffie-hellman-group-exchange-sha256
DEB [20180115-02:07:53.422] thr=73  paramiko.transport: Kex agreed: diffie-hellman-group-exchange-sha256
DEB [20180115-02:07:53.422] thr=77  paramiko.transport: HostKey agreed: ssh-rsa
DEB [20180115-02:07:53.422] thr=73  paramiko.transport: HostKey agreed: ssh-rsa
DEB [20180115-02:07:53.422] thr=77  paramiko.transport: Cipher agreed: aes128-ctr
DEB [20180115-02:07:53.422] thr=75  paramiko.transport: kex algos:['diffie-hellman-group-exchange-sha256', 'diffie-hellman-group-exchange-sha1', 'diffie-hellman-group14-sha1', 'diffie-hellman-group1-sha1'] server key:['ssh-rsa', 'ssh-dss'] client encrypt:['aes128-ctr', 'aes192-ctr', 'aes256-ctr', 'arcfour256', 'arcfour128', 'aes128-cbc', '3des-cbc', 'blowfish-cbc', 'cast128-cbc', 'aes192-cbc', 'aes256-cbc', 'arcfour', 'rijndael-cbc@lysator.liu.se'] server encrypt:['aes128-ctr', 'aes192-ctr', 'aes256-ctr', 'arcfour256', 'arcfour128', 'aes128-cbc', '3des-cbc', 'blowfish-cbc', 'cast128-cbc', 'aes192-cbc', 'aes256-cbc', 'arcfour', 'rijndael-cbc@lysator.liu.se'] client mac:['hmac-md5', 'hmac-sha1', 'umac-64@openssh.com', 'hmac-ripemd160', 'hmac-ripemd160@openssh.com', 'hmac-sha1-96', 'hmac-md5-96'] server mac:['hmac-md5', 'hmac-sha1', 'umac-64@openssh.com', 'hmac-ripemd160', 'hmac-ripemd160@openssh.com', 'hmac-sha1-96', 'hmac-md5-96'] client compress:['none', 'zlib@openssh.com'] server compress:['none', 'zlib@openssh.com'] client lang:[''] server lang:[''] kex follows?False
DEB [20180115-02:07:53.422] thr=73  paramiko.transport: Cipher agreed: aes128-ctr
DEB [20180115-02:07:53.422] thr=79  paramiko.transport: kex algos:['diffie-hellman-group-exchange-sha256', 'diffie-hellman-group-exchange-sha1', 'diffie-hellman-group14-sha1', 'diffie-hellman-group1-sha1'] server key:['ssh-rsa', 'ssh-dss'] client encrypt:['aes128-ctr', 'aes192-ctr', 'aes256-ctr', 'arcfour256', 'arcfour128', 'aes128-cbc', '3des-cbc', 'blowfish-cbc', 'cast128-cbc', 'aes192-cbc', 'aes256-cbc', 'arcfour', 'rijndael-cbc@lysator.liu.se'] server encrypt:['aes128-ctr', 'aes192-ctr', 'aes256-ctr', 'arcfour256', 'arcfour128', 'aes128-cbc', '3des-cbc', 'blowfish-cbc', 'cast128-cbc', 'aes192-cbc', 'aes256-cbc', 'arcfour', 'rijndael-cbc@lysator.liu.se'] client mac:['hmac-md5', 'hmac-sha1', 'umac-64@openssh.com', 'hmac-ripemd160', 'hmac-ripemd160@openssh.com', 'hmac-sha1-96', 'hmac-md5-96'] server mac:['hmac-md5', 'hmac-sha1', 'umac-64@openssh.com', 'hmac-ripemd160', 'hmac-ripemd160@openssh.com', 'hmac-sha1-96', 'hmac-md5-96'] client compress:['none', 'zlib@openssh.com'] server compress:['none', 'zlib@openssh.com'] client lang:[''] server lang:[''] kex follows?False
DEB [20180115-02:07:53.423] thr=77  paramiko.transport: MAC agreed: hmac-sha1
DEB [20180115-02:07:53.423] thr=81  paramiko.transport: kex algos:['diffie-hellman-group-exchange-sha256', 'diffie-hellman-group-exchange-sha1', 'diffie-hellman-group14-sha1', 'diffie-hellman-group1-sha1'] server key:['ssh-rsa', 'ssh-dss'] client encrypt:['aes128-ctr', 'aes192-ctr', 'aes256-ctr', 'arcfour256', 'arcfour128', 'aes128-cbc', '3des-cbc', 'blowfish-cbc', 'cast128-cbc', 'aes192-cbc', 'aes256-cbc', 'arcfour', 'rijndael-cbc@lysator.liu.se'] server encrypt:['aes128-ctr', 'aes192-ctr', 'aes256-ctr', 'arcfour256', 'arcfour128', 'aes128-cbc', '3des-cbc', 'blowfish-cbc', 'cast128-cbc', 'aes192-cbc', 'aes256-cbc', 'arcfour', 'rijndael-cbc@lysator.liu.se'] client mac:['hmac-md5', 'hmac-sha1', 'umac-64@openssh.com', 'hmac-ripemd160', 'hmac-ripemd160@openssh.com', 'hmac-sha1-96', 'hmac-md5-96'] server mac:['hmac-md5', 'hmac-sha1', 'umac-64@openssh.com', 'hmac-ripemd160', 'hmac-ripemd160@openssh.com', 'hmac-sha1-96', 'hmac-md5-96'] client compress:['none', 'zlib@openssh.com'] server compress:['none', 'zlib@openssh.com'] client lang:[''] server lang:[''] kex follows?False
DEB [20180115-02:07:53.423] thr=75  paramiko.transport: Kex agreed: diffie-hellman-group-exchange-sha256
DEB [20180115-02:07:53.423] thr=73  paramiko.transport: MAC agreed: hmac-sha1
DEB [20180115-02:07:53.423] thr=79  paramiko.transport: Kex agreed: diffie-hellman-group-exchange-sha256
DEB [20180115-02:07:53.423] thr=77  paramiko.transport: Compression agreed: none
DEB [20180115-02:07:53.423] thr=81  paramiko.transport: Kex agreed: diffie-hellman-group-exchange-sha256
DEB [20180115-02:07:53.423] thr=75  paramiko.transport: HostKey agreed: ssh-rsa
DEB [20180115-02:07:53.423] thr=73  paramiko.transport: Compression agreed: none
DEB [20180115-02:07:53.423] thr=82  paramiko.transport: kex algos:['diffie-hellman-group-exchange-sha256', 'diffie-hellman-group-exchange-sha1', 'diffie-hellman-group14-sha1', 'diffie-hellman-group1-sha1'] server key:['ssh-rsa', 'ssh-dss'] client encrypt:['aes128-ctr', 'aes192-ctr', 'aes256-ctr', 'arcfour256', 'arcfour128', 'aes128-cbc', '3des-cbc', 'blowfish-cbc', 'cast128-cbc', 'aes192-cbc', 'aes256-cbc', 'arcfour', 'rijndael-cbc@lysator.liu.se'] server encrypt:['aes128-ctr', 'aes192-ctr', 'aes256-ctr', 'arcfour256', 'arcfour128', 'aes128-cbc', '3des-cbc', 'blowfish-cbc', 'cast128-cbc', 'aes192-cbc', 'aes256-cbc', 'arcfour', 'rijndael-cbc@lysator.liu.se'] client mac:['hmac-md5', 'hmac-sha1', 'umac-64@openssh.com', 'hmac-ripemd160', 'hmac-ripemd160@openssh.com', 'hmac-sha1-96', 'hmac-md5-96'] server mac:['hmac-md5', 'hmac-sha1', 'umac-64@openssh.com', 'hmac-ripemd160', 'hmac-ripemd160@openssh.com', 'hmac-sha1-96', 'hmac-md5-96'] client compress:['none', 'zlib@openssh.com'] server compress:['none', 'zlib@openssh.com'] client lang:[''] server lang:[''] kex follows?False
DEB [20180115-02:07:53.424] thr=79  paramiko.transport: HostKey agreed: ssh-rsa
DEB [20180115-02:07:53.424] thr=81  paramiko.transport: HostKey agreed: ssh-rsa
DEB [20180115-02:07:53.424] thr=75  paramiko.transport: Cipher agreed: aes128-ctr
DEB [20180115-02:07:53.424] thr=82  paramiko.transport: Kex agreed: diffie-hellman-group-exchange-sha256
DEB [20180115-02:07:53.424] thr=79  paramiko.transport: Cipher agreed: aes128-ctr
DEB [20180115-02:07:53.424] thr=81  paramiko.transport: Cipher agreed: aes128-ctr
DEB [20180115-02:07:53.424] thr=75  paramiko.transport: MAC agreed: hmac-sha1
DEB [20180115-02:07:53.425] thr=82  paramiko.transport: HostKey agreed: ssh-rsa
DEB [20180115-02:07:53.425] thr=79  paramiko.transport: MAC agreed: hmac-sha1
DEB [20180115-02:07:53.425] thr=81  paramiko.transport: MAC agreed: hmac-sha1
DEB [20180115-02:07:53.425] thr=75  paramiko.transport: Compression agreed: none
DEB [20180115-02:07:53.425] thr=82  paramiko.transport: Cipher agreed: aes128-ctr
DEB [20180115-02:07:53.425] thr=79  paramiko.transport: Compression agreed: none
DEB [20180115-02:07:53.425] thr=81  paramiko.transport: Compression agreed: none
DEB [20180115-02:07:53.425] thr=82  paramiko.transport: MAC agreed: hmac-sha1
DEB [20180115-02:07:53.426] thr=82  paramiko.transport: Compression agreed: none
DEB [20180115-02:07:53.426] thr=74  paramiko.transport: kex algos:['diffie-hellman-group-exchange-sha256', 'diffie-hellman-group-exchange-sha1', 'diffie-hellman-group14-sha1', 'diffie-hellman-group1-sha1'] server key:['ssh-rsa', 'ssh-dss'] client encrypt:['aes128-ctr', 'aes192-ctr', 'aes256-ctr', 'arcfour256', 'arcfour128', 'aes128-cbc', '3des-cbc', 'blowfish-cbc', 'cast128-cbc', 'aes192-cbc', 'aes256-cbc', 'arcfour', 'rijndael-cbc@lysator.liu.se'] server encrypt:['aes128-ctr', 'aes192-ctr', 'aes256-ctr', 'arcfour256', 'arcfour128', 'aes128-cbc', '3des-cbc', 'blowfish-cbc', 'cast128-cbc', 'aes192-cbc', 'aes256-cbc', 'arcfour', 'rijndael-cbc@lysator.liu.se'] client mac:['hmac-md5', 'hmac-sha1', 'umac-64@openssh.com', 'hmac-ripemd160', 'hmac-ripemd160@openssh.com', 'hmac-sha1-96', 'hmac-md5-96'] server mac:['hmac-md5', 'hmac-sha1', 'umac-64@openssh.com', 'hmac-ripemd160', 'hmac-ripemd160@openssh.com', 'hmac-sha1-96', 'hmac-md5-96'] client compress:['none', 'zlib@openssh.com'] server compress:['none', 'zlib@openssh.com'] client lang:[''] server lang:[''] kex follows?False
DEB [20180115-02:07:53.426] thr=74  paramiko.transport: Kex agreed: diffie-hellman-group-exchange-sha256
DEB [20180115-02:07:53.427] thr=78  paramiko.transport: kex algos:['diffie-hellman-group-exchange-sha256', 'diffie-hellman-group-exchange-sha1', 'diffie-hellman-group14-sha1', 'diffie-hellman-group1-sha1'] server key:['ssh-rsa', 'ssh-dss'] client encrypt:['aes128-ctr', 'aes192-ctr', 'aes256-ctr', 'arcfour256', 'arcfour128', 'aes128-cbc', '3des-cbc', 'blowfish-cbc', 'cast128-cbc', 'aes192-cbc', 'aes256-cbc', 'arcfour', 'rijndael-cbc@lysator.liu.se'] server encrypt:['aes128-ctr', 'aes192-ctr', 'aes256-ctr', 'arcfour256', 'arcfour128', 'aes128-cbc', '3des-cbc', 'blowfish-cbc', 'cast128-cbc', 'aes192-cbc', 'aes256-cbc', 'arcfour', 'rijndael-cbc@lysator.liu.se'] client mac:['hmac-md5', 'hmac-sha1', 'umac-64@openssh.com', 'hmac-ripemd160', 'hmac-ripemd160@openssh.com', 'hmac-sha1-96', 'hmac-md5-96'] server mac:['hmac-md5', 'hmac-sha1', 'umac-64@openssh.com', 'hmac-ripemd160', 'hmac-ripemd160@openssh.com', 'hmac-sha1-96', 'hmac-md5-96'] client compress:['none', 'zlib@openssh.com'] server compress:['none', 'zlib@openssh.com'] client lang:[''] server lang:[''] kex follows?False
DEB [20180115-02:07:53.427] thr=74  paramiko.transport: HostKey agreed: ssh-rsa
DEB [20180115-02:07:53.427] thr=78  paramiko.transport: Kex agreed: diffie-hellman-group-exchange-sha256
DEB [20180115-02:07:53.427] thr=74  paramiko.transport: Cipher agreed: aes128-ctr
DEB [20180115-02:07:53.427] thr=78  paramiko.transport: HostKey agreed: ssh-rsa
DEB [20180115-02:07:53.427] thr=74  paramiko.transport: MAC agreed: hmac-sha1
DEB [20180115-02:07:53.427] thr=78  paramiko.transport: Cipher agreed: aes128-ctr
DEB [20180115-02:07:53.427] thr=74  paramiko.transport: Compression agreed: none
DEB [20180115-02:07:53.427] thr=78  paramiko.transport: MAC agreed: hmac-sha1
DEB [20180115-02:07:53.427] thr=78  paramiko.transport: Compression agreed: none
DEB [20180115-02:07:53.428] thr=80  paramiko.transport: kex algos:['diffie-hellman-group-exchange-sha256', 'diffie-hellman-group-exchange-sha1', 'diffie-hellman-group14-sha1', 'diffie-hellman-group1-sha1'] server key:['ssh-rsa', 'ssh-dss'] client encrypt:['aes128-ctr', 'aes192-ctr', 'aes256-ctr', 'arcfour256', 'arcfour128', 'aes128-cbc', '3des-cbc', 'blowfish-cbc', 'cast128-cbc', 'aes192-cbc', 'aes256-cbc', 'arcfour', 'rijndael-cbc@lysator.liu.se'] server encrypt:['aes128-ctr', 'aes192-ctr', 'aes256-ctr', 'arcfour256', 'arcfour128', 'aes128-cbc', '3des-cbc', 'blowfish-cbc', 'cast128-cbc', 'aes192-cbc', 'aes256-cbc', 'arcfour', 'rijndael-cbc@lysator.liu.se'] client mac:['hmac-md5', 'hmac-sha1', 'umac-64@openssh.com', 'hmac-ripemd160', 'hmac-ripemd160@openssh.com', 'hmac-sha1-96', 'hmac-md5-96'] server mac:['hmac-md5', 'hmac-sha1', 'umac-64@openssh.com', 'hmac-ripemd160', 'hmac-ripemd160@openssh.com', 'hmac-sha1-96', 'hmac-md5-96'] client compress:['none', 'zlib@openssh.com'] server compress:['none', 'zlib@openssh.com'] client lang:[''] server lang:[''] kex follows?False
DEB [20180115-02:07:53.428] thr=76  paramiko.transport: kex algos:['diffie-hellman-group-exchange-sha256', 'diffie-hellman-group-exchange-sha1', 'diffie-hellman-group14-sha1', 'diffie-hellman-group1-sha1'] server key:['ssh-rsa', 'ssh-dss'] client encrypt:['aes128-ctr', 'aes192-ctr', 'aes256-ctr', 'arcfour256', 'arcfour128', 'aes128-cbc', '3des-cbc', 'blowfish-cbc', 'cast128-cbc', 'aes192-cbc', 'aes256-cbc', 'arcfour', 'rijndael-cbc@lysator.liu.se'] server encrypt:['aes128-ctr', 'aes192-ctr', 'aes256-ctr', 'arcfour256', 'arcfour128', 'aes128-cbc', '3des-cbc', 'blowfish-cbc', 'cast128-cbc', 'aes192-cbc', 'aes256-cbc', 'arcfour', 'rijndael-cbc@lysator.liu.se'] client mac:['hmac-md5', 'hmac-sha1', 'umac-64@openssh.com', 'hmac-ripemd160', 'hmac-ripemd160@openssh.com', 'hmac-sha1-96', 'hmac-md5-96'] server mac:['hmac-md5', 'hmac-sha1', 'umac-64@openssh.com', 'hmac-ripemd160', 'hmac-ripemd160@openssh.com', 'hmac-sha1-96', 'hmac-md5-96'] client compress:['none', 'zlib@openssh.com'] server compress:['none', 'zlib@openssh.com'] client lang:[''] server lang:[''] kex follows?False
DEB [20180115-02:07:53.428] thr=80  paramiko.transport: Kex agreed: diffie-hellman-group-exchange-sha256
DEB [20180115-02:07:53.428] thr=76  paramiko.transport: Kex agreed: diffie-hellman-group-exchange-sha256
DEB [20180115-02:07:53.428] thr=80  paramiko.transport: HostKey agreed: ssh-rsa
DEB [20180115-02:07:53.428] thr=76  paramiko.transport: HostKey agreed: ssh-rsa
DEB [20180115-02:07:53.429] thr=80  paramiko.transport: Cipher agreed: aes128-ctr
DEB [20180115-02:07:53.429] thr=76  paramiko.transport: Cipher agreed: aes128-ctr
DEB [20180115-02:07:53.429] thr=80  paramiko.transport: MAC agreed: hmac-sha1
DEB [20180115-02:07:53.429] thr=76  paramiko.transport: MAC agreed: hmac-sha1
DEB [20180115-02:07:53.429] thr=80  paramiko.transport: Compression agreed: none
DEB [20180115-02:07:53.429] thr=76  paramiko.transport: Compression agreed: none
DEB [20180115-02:07:53.434] thr=79  paramiko.transport: Got server p (2048 bits)
DEB [20180115-02:07:53.434] thr=75  paramiko.transport: Got server p (2048 bits)
DEB [20180115-02:07:53.461] thr=82  paramiko.transport: Got server p (2048 bits)
DEB [20180115-02:07:53.462] thr=73  paramiko.transport: Got server p (2048 bits)
DEB [20180115-02:07:53.462] thr=78  paramiko.transport: Got server p (2048 bits)
DEB [20180115-02:07:53.518] thr=77  paramiko.transport: Got server p (2048 bits)
DEB [20180115-02:07:53.518] thr=74  paramiko.transport: Got server p (2048 bits)
DEB [20180115-02:07:53.579] thr=76  paramiko.transport: Got server p (2048 bits)
DEB [20180115-02:07:53.650] thr=80  paramiko.transport: Got server p (2048 bits)
DEB [20180115-02:07:53.650] thr=81  paramiko.transport: Got server p (2048 bits)
DEB [20180115-02:07:53.894] thr=75  paramiko.transport: kex engine KexGexSHA256 specified hash_algo <built-in function openssl_sha256>
DEB [20180115-02:07:53.933] thr=82  paramiko.transport: kex engine KexGexSHA256 specified hash_algo <built-in function openssl_sha256>
DEB [20180115-02:07:53.972] thr=75  paramiko.transport: Switch to new keys ...
DEB [20180115-02:07:54.039] thr=79  paramiko.transport: kex engine KexGexSHA256 specified hash_algo <built-in function openssl_sha256>
DEB [20180115-02:07:54.040] thr=82  paramiko.transport: Switch to new keys ...
DEB [20180115-02:07:54.040] thr=83  paramiko.transport: Attempting password auth...
DEB [20180115-02:07:54.040] thr=79  paramiko.transport: Switch to new keys ...
DEB [20180115-02:07:54.080] thr=84  paramiko.transport: Attempting password auth...
DEB [20180115-02:07:54.080] thr=73  paramiko.transport: kex engine KexGexSHA256 specified hash_algo <built-in function openssl_sha256>
DEB [20180115-02:07:54.081] thr=77  paramiko.transport: kex engine KexGexSHA256 specified hash_algo <built-in function openssl_sha256>
DEB [20180115-02:07:54.082] thr=85  paramiko.transport: Attempting password auth...
DEB [20180115-02:07:54.083] thr=74  paramiko.transport: kex engine KexGexSHA256 specified hash_algo <built-in function openssl_sha256>
DEB [20180115-02:07:54.083] thr=76  paramiko.transport: kex engine KexGexSHA256 specified hash_algo <built-in function openssl_sha256>
DEB [20180115-02:07:54.084] thr=73  paramiko.transport: Switch to new keys ...
DEB [20180115-02:07:54.085] thr=77  paramiko.transport: Switch to new keys ...
DEB [20180115-02:07:54.085] thr=78  paramiko.transport: kex engine KexGexSHA256 specified hash_algo <built-in function openssl_sha256>
DEB [20180115-02:07:54.085] thr=80  paramiko.transport: kex engine KexGexSHA256 specified hash_algo <built-in function openssl_sha256>
DEB [20180115-02:07:54.087] thr=76  paramiko.transport: Switch to new keys ...
DEB [20180115-02:07:54.087] thr=86  paramiko.transport: Attempting password auth...
DEB [20180115-02:07:54.087] thr=81  paramiko.transport: kex engine KexGexSHA256 specified hash_algo <built-in function openssl_sha256>
DEB [20180115-02:07:54.087] thr=87  paramiko.transport: Attempting password auth...
DEB [20180115-02:07:54.088] thr=78  paramiko.transport: Switch to new keys ...
DEB [20180115-02:07:54.088] thr=74  paramiko.transport: Switch to new keys ...
DEB [20180115-02:07:54.088] thr=80  paramiko.transport: Switch to new keys ...
DEB [20180115-02:07:54.088] thr=88  paramiko.transport: Attempting password auth...
DEB [20180115-02:07:54.090] thr=81  paramiko.transport: Switch to new keys ...
DEB [20180115-02:07:54.090] thr=89  paramiko.transport: Attempting password auth...
DEB [20180115-02:07:54.090] thr=90  paramiko.transport: Attempting password auth...
DEB [20180115-02:07:54.090] thr=91  paramiko.transport: Attempting password auth...
DEB [20180115-02:07:54.091] thr=92  paramiko.transport: Attempting password auth...
DEB [20180115-02:07:54.092] thr=75  paramiko.transport: userauth is OK
DEB [20180115-02:07:54.092] thr=82  paramiko.transport: userauth is OK
DEB [20180115-02:07:54.092] thr=79  paramiko.transport: userauth is OK
INF [20180115-02:07:54.121] thr=75  paramiko.transport: Authentication (password) successful!
DEB [20180115-02:07:54.122] thr=83  paramiko.transport: [chan 0] Max packet in: 32768 bytes
DEB [20180115-02:07:54.148] thr=73  paramiko.transport: userauth is OK
DEB [20180115-02:07:54.149] thr=75  paramiko.transport: [chan 0] Max packet out: 32768 bytes
DEB [20180115-02:07:54.149] thr=75  paramiko.transport: Secsh channel 0 opened.
DEB [20180115-02:07:54.150] thr=77  paramiko.transport: userauth is OK
INF [20180115-02:07:54.150] thr=79  paramiko.transport: Authentication (password) successful!
DEB [20180115-02:07:54.151] thr=85  paramiko.transport: [chan 0] Max packet in: 32768 bytes
INF [20180115-02:07:54.151] thr=82  paramiko.transport: Authentication (password) successful!
DEB [20180115-02:07:54.151] thr=84  paramiko.transport: [chan 0] Max packet in: 32768 bytes
DEB [20180115-02:07:54.153] thr=74  paramiko.transport: userauth is OK
DEB [20180115-02:07:54.154] thr=76  paramiko.transport: userauth is OK
DEB [20180115-02:07:54.154] thr=78  paramiko.transport: userauth is OK
DEB [20180115-02:07:54.155] thr=81  paramiko.transport: userauth is OK
DEB [20180115-02:07:54.155] thr=80  paramiko.transport: userauth is OK
DEB [20180115-02:07:54.155] thr=75  paramiko.transport: [chan 0] Sesch channel 0 request ok
DEB [20180115-02:07:54.165] thr=79  paramiko.transport: [chan 0] Max packet out: 32768 bytes
DEB [20180115-02:07:54.165] thr=79  paramiko.transport: Secsh channel 0 opened.
INF [20180115-02:07:54.167] thr=73  paramiko.transport: Authentication (password) successful!
DEB [20180115-02:07:54.167] thr=86  paramiko.transport: [chan 0] Max packet in: 32768 bytes
DEB [20180115-02:07:54.167] thr=82  paramiko.transport: [chan 0] Max packet out: 32768 bytes
DEB [20180115-02:07:54.167] thr=82  paramiko.transport: Secsh channel 0 opened.
INF [20180115-02:07:54.172] thr=76  paramiko.transport: Authentication (password) successful!
INF [20180115-02:07:54.172] thr=74  paramiko.transport: Authentication (password) successful!
DEB [20180115-02:07:54.172] thr=88  paramiko.transport: [chan 0] Max packet in: 32768 bytes
DEB [20180115-02:07:54.173] thr=90  paramiko.transport: [chan 0] Max packet in: 32768 bytes
INF [20180115-02:07:54.173] thr=78  paramiko.transport: Authentication (password) successful!
INF [20180115-02:07:54.173] thr=77  paramiko.transport: Authentication (password) successful!
DEB [20180115-02:07:54.174] thr=89  paramiko.transport: [chan 0] Max packet in: 32768 bytes
INF [20180115-02:07:54.174] thr=81  paramiko.transport: Authentication (password) successful!
INF [20180115-02:07:54.174] thr=80  paramiko.transport: Authentication (password) successful!
DEB [20180115-02:07:54.175] thr=87  paramiko.transport: [chan 0] Max packet in: 32768 bytes
DEB [20180115-02:07:54.175] thr=82  paramiko.transport: [chan 0] Sesch channel 0 request ok
DEB [20180115-02:07:54.175] thr=92  paramiko.transport: [chan 0] Max packet in: 32768 bytes
DEB [20180115-02:07:54.175] thr=91  paramiko.transport: [chan 0] Max packet in: 32768 bytes
DEB [20180115-02:07:54.175] thr=79  paramiko.transport: [chan 0] Sesch channel 0 request ok
DEB [20180115-02:07:54.185] thr=73  paramiko.transport: [chan 0] Max packet out: 32768 bytes
DEB [20180115-02:07:54.185] thr=73  paramiko.transport: Secsh channel 0 opened.
DEB [20180115-02:07:54.194] thr=78  paramiko.transport: [chan 0] Max packet out: 32768 bytes
DEB [20180115-02:07:54.194] thr=78  paramiko.transport: Secsh channel 0 opened.
DEB [20180115-02:07:54.195] thr=73  paramiko.transport: [chan 0] Sesch channel 0 request ok
DEB [20180115-02:07:54.195] thr=76  paramiko.transport: [chan 0] Max packet out: 32768 bytes
DEB [20180115-02:07:54.195] thr=76  paramiko.transport: Secsh channel 0 opened.
DEB [20180115-02:07:54.214] thr=77  paramiko.transport: [chan 0] Max packet out: 32768 bytes
DEB [20180115-02:07:54.215] thr=80  paramiko.transport: [chan 0] Max packet out: 32768 bytes
DEB [20180115-02:07:54.215] thr=81  paramiko.transport: [chan 0] Max packet out: 32768 bytes
INF [20180115-02:07:54.215] thr=83  paramiko.transport.sftp: [chan 0] Opened sftp connection (server version 3)
DEB [20180115-02:07:54.215] thr=77  paramiko.transport: Secsh channel 0 opened.
DEB [20180115-02:07:54.215] thr=74  paramiko.transport: [chan 0] Max packet out: 32768 bytes
DEB [20180115-02:07:54.215] thr=80  paramiko.transport: Secsh channel 0 opened.
DEB [20180115-02:07:54.215] thr=81  paramiko.transport: Secsh channel 0 opened.
DEB [20180115-02:07:54.215] thr=83  paramiko.transport.sftp: [chan 0] open(b'/home/nasinha/cases/Teradata_02008743/ODBC_set.zip', 'r')
DEB [20180115-02:07:54.216] thr=74  paramiko.transport: Secsh channel 0 opened.
INF [20180115-02:07:54.217] thr=84  paramiko.transport.sftp: [chan 0] Opened sftp connection (server version 3)
DEB [20180115-02:07:54.218] thr=84  paramiko.transport.sftp: [chan 0] open(b'/home/nasinha/cases/Teradata_02008743/ODBC_set.zip', 'r')
DEB [20180115-02:07:54.229] thr=78  paramiko.transport: [chan 0] Sesch channel 0 request ok
DEB [20180115-02:07:54.232] thr=80  paramiko.transport: [chan 0] Sesch channel 0 request ok
DEB [20180115-02:07:54.233] thr=74  paramiko.transport: [chan 0] Sesch channel 0 request ok
DEB [20180115-02:07:54.233] thr=77  paramiko.transport: [chan 0] Sesch channel 0 request ok
DEB [20180115-02:07:54.233] thr=81  paramiko.transport: [chan 0] Sesch channel 0 request ok
DEB [20180115-02:07:54.234] thr=84  paramiko.transport.sftp: [chan 0] open(b'/home/nasinha/cases/Teradata_02008743/ODBC_set.zip', 'r') -> 00000000
DEB [20180115-02:07:54.234] thr=76  paramiko.transport: [chan 0] Sesch channel 0 request ok
DEB [20180115-02:07:54.234] thr=83  paramiko.transport.sftp: [chan 0] open(b'/home/nasinha/cases/Teradata_02008743/ODBC_set.zip', 'r') -> 00000000
DEB [20180115-02:07:54.236] thr=84  paramiko.transport.sftp: [chan 0] readv(b'00000000', [(34138832, 1219244)])
DEB [20180115-02:07:54.236] thr=83  paramiko.transport.sftp: [chan 0] readv(b'00000000', [(23165636, 1219244)])
INF [20180115-02:07:54.237] thr=85  paramiko.transport.sftp: [chan 0] Opened sftp connection (server version 3)
DEB [20180115-02:07:54.237] thr=85  paramiko.transport.sftp: [chan 0] open(b'/home/nasinha/cases/Teradata_02008743/ODBC_set.zip', 'r')
DEB [20180115-02:07:54.274] thr=85  paramiko.transport.sftp: [chan 0] open(b'/home/nasinha/cases/Teradata_02008743/ODBC_set.zip', 'r') -> 00000000
DEB [20180115-02:07:54.275] thr=85  paramiko.transport.sftp: [chan 0] readv(b'00000000', [(28042612, 1219244)])
INF [20180115-02:07:54.299] thr=86  paramiko.transport.sftp: [chan 0] Opened sftp connection (server version 3)
DEB [20180115-02:07:54.299] thr=86  paramiko.transport.sftp: [chan 0] open(b'/home/nasinha/cases/Teradata_02008743/ODBC_set.zip', 'r')
INF [20180115-02:07:54.306] thr=89  paramiko.transport.sftp: [chan 0] Opened sftp connection (server version 3)
INF [20180115-02:07:54.307] thr=92  paramiko.transport.sftp: [chan 0] Opened sftp connection (server version 3)
DEB [20180115-02:07:54.307] thr=89  paramiko.transport.sftp: [chan 0] open(b'/home/nasinha/cases/Teradata_02008743/ODBC_set.zip', 'r')
DEB [20180115-02:07:54.307] thr=92  paramiko.transport.sftp: [chan 0] open(b'/home/nasinha/cases/Teradata_02008743/ODBC_set.zip', 'r')
INF [20180115-02:07:54.342] thr=87  paramiko.transport.sftp: [chan 0] Opened sftp connection (server version 3)
DEB [20180115-02:07:54.343] thr=87  paramiko.transport.sftp: [chan 0] open(b'/home/nasinha/cases/Teradata_02008743/ODBC_set.zip', 'r')
INF [20180115-02:07:54.343] thr=90  paramiko.transport.sftp: [chan 0] Opened sftp connection (server version 3)
DEB [20180115-02:07:54.343] thr=90  paramiko.transport.sftp: [chan 0] open(b'/home/nasinha/cases/Teradata_02008743/ODBC_set.zip', 'r')
INF [20180115-02:07:54.343] thr=88  paramiko.transport.sftp: [chan 0] Opened sftp connection (server version 3)
DEB [20180115-02:07:54.344] thr=88  paramiko.transport.sftp: [chan 0] open(b'/home/nasinha/cases/Teradata_02008743/ODBC_set.zip', 'r')
INF [20180115-02:07:54.439] thr=91  paramiko.transport.sftp: [chan 0] Opened sftp connection (server version 3)
DEB [20180115-02:07:54.439] thr=91  paramiko.transport.sftp: [chan 0] open(b'/home/nasinha/cases/Teradata_02008743/ODBC_set.zip', 'r')
DEB [20180115-02:07:54.459] thr=89  paramiko.transport.sftp: [chan 0] open(b'/home/nasinha/cases/Teradata_02008743/ODBC_set.zip', 'r') -> 00000000
DEB [20180115-02:07:54.459] thr=92  paramiko.transport.sftp: [chan 0] open(b'/home/nasinha/cases/Teradata_02008743/ODBC_set.zip', 'r') -> 00000000
DEB [20180115-02:07:54.460] thr=89  paramiko.transport.sftp: [chan 0] readv(b'00000000', [(32919588, 1219244)])
DEB [20180115-02:07:54.460] thr=92  paramiko.transport.sftp: [chan 0] readv(b'00000000', [(26823368, 1219244)])
DEB [20180115-02:07:54.474] thr=90  paramiko.transport.sftp: [chan 0] open(b'/home/nasinha/cases/Teradata_02008743/ODBC_set.zip', 'r') -> 00000000
DEB [20180115-02:07:54.475] thr=86  paramiko.transport.sftp: [chan 0] open(b'/home/nasinha/cases/Teradata_02008743/ODBC_set.zip', 'r') -> 00000000
DEB [20180115-02:07:54.475] thr=88  paramiko.transport.sftp: [chan 0] open(b'/home/nasinha/cases/Teradata_02008743/ODBC_set.zip', 'r') -> 00000000
DEB [20180115-02:07:54.475] thr=87  paramiko.transport.sftp: [chan 0] open(b'/home/nasinha/cases/Teradata_02008743/ODBC_set.zip', 'r') -> 00000000
DEB [20180115-02:07:54.476] thr=90  paramiko.transport.sftp: [chan 0] readv(b'00000000', [(30481100, 1219244)])
DEB [20180115-02:07:54.476] thr=86  paramiko.transport.sftp: [chan 0] readv(b'00000000', [(24384880, 1219244)])
DEB [20180115-02:07:54.477] thr=88  paramiko.transport.sftp: [chan 0] readv(b'00000000', [(31700344, 1219244)])
DEB [20180115-02:07:54.478] thr=87  paramiko.transport.sftp: [chan 0] readv(b'00000000', [(29261856, 1219244)])
DEB [20180115-02:07:54.641] thr=91  paramiko.transport.sftp: [chan 0] open(b'/home/nasinha/cases/Teradata_02008743/ODBC_set.zip', 'r') -> 00000000
DEB [20180115-02:07:54.642] thr=91  paramiko.transport.sftp: [chan 0] readv(b'00000000', [(35358076, 1219256)])
DEB [20180115-02:18:39.845] thr=1   paramiko.transport: starting thread (client mode): 0x86304eb8
DEB [20180115-02:18:39.846] thr=1   paramiko.transport: Local version/idstring: SSH-2.0-paramiko_2.4.0
DEB [20180115-02:18:39.987] thr=1   paramiko.transport: Remote version/idstring: SSH-2.0-OpenSSH_5.3
INF [20180115-02:18:39.988] thr=1   paramiko.transport: Connected (version 2.0, client OpenSSH_5.3)
DEB [20180115-02:18:39.998] thr=1   paramiko.transport: kex algos:['diffie-hellman-group-exchange-sha256', 'diffie-hellman-group-exchange-sha1', 'diffie-hellman-group14-sha1', 'diffie-hellman-group1-sha1'] server key:['ssh-rsa', 'ssh-dss'] client encrypt:['aes128-ctr', 'aes192-ctr', 'aes256-ctr', 'arcfour256', 'arcfour128', 'aes128-cbc', '3des-cbc', 'blowfish-cbc', 'cast128-cbc', 'aes192-cbc', 'aes256-cbc', 'arcfour', 'rijndael-cbc@lysator.liu.se'] server encrypt:['aes128-ctr', 'aes192-ctr', 'aes256-ctr', 'arcfour256', 'arcfour128', 'aes128-cbc', '3des-cbc', 'blowfish-cbc', 'cast128-cbc', 'aes192-cbc', 'aes256-cbc', 'arcfour', 'rijndael-cbc@lysator.liu.se'] client mac:['hmac-md5', 'hmac-sha1', 'umac-64@openssh.com', 'hmac-ripemd160', 'hmac-ripemd160@openssh.com', 'hmac-sha1-96', 'hmac-md5-96'] server mac:['hmac-md5', 'hmac-sha1', 'umac-64@openssh.com', 'hmac-ripemd160', 'hmac-ripemd160@openssh.com', 'hmac-sha1-96', 'hmac-md5-96'] client compress:['none', 'zlib@openssh.com'] server compress:['none', 'zlib@openssh.com'] client lang:[''] server lang:[''] kex follows?False
DEB [20180115-02:18:39.998] thr=1   paramiko.transport: Kex agreed: diffie-hellman-group-exchange-sha256
DEB [20180115-02:18:39.998] thr=1   paramiko.transport: HostKey agreed: ssh-rsa
DEB [20180115-02:18:39.998] thr=1   paramiko.transport: Cipher agreed: aes128-ctr
DEB [20180115-02:18:39.998] thr=1   paramiko.transport: MAC agreed: hmac-sha1
DEB [20180115-02:18:39.998] thr=1   paramiko.transport: Compression agreed: none
DEB [20180115-02:18:40.006] thr=1   paramiko.transport: Got server p (2048 bits)
DEB [20180115-02:18:40.229] thr=1   paramiko.transport: kex engine KexGexSHA256 specified hash_algo <built-in function openssl_sha256>
DEB [20180115-02:18:40.229] thr=1   paramiko.transport: Switch to new keys ...
DEB [20180115-02:18:40.230] thr=2   paramiko.transport: Attempting password auth...
DEB [20180115-02:18:40.327] thr=1   paramiko.transport: userauth is OK
INF [20180115-02:18:40.552] thr=1   paramiko.transport: Authentication (password) successful!
DEB [20180115-02:18:40.553] thr=2   paramiko.transport: [chan 0] Max packet in: 32768 bytes
DEB [20180115-02:18:40.558] thr=1   paramiko.transport: [chan 0] Max packet out: 32768 bytes
DEB [20180115-02:18:40.559] thr=1   paramiko.transport: Secsh channel 0 opened.
DEB [20180115-02:18:40.567] thr=1   paramiko.transport: [chan 0] Sesch channel 0 request ok
INF [20180115-02:18:40.616] thr=2   paramiko.transport.sftp: [chan 0] Opened sftp connection (server version 3)
DEB [20180115-02:18:40.616] thr=2   paramiko.transport.sftp: [chan 0] open(b'dsvs', 'rb')
DEB [20180115-02:18:50.031] thr=2   paramiko.transport.sftp: [chan 0] open(b'dsss', 'rb')
DEB [20180115-02:18:53.069] thr=2   paramiko.transport.sftp: [chan 0] open(b'cdscscsc', 'rb')
DEB [20180115-02:18:58.021] thr=2   paramiko.transport.sftp: [chan 0] open(b'cadscscs', 'rb')
DEB [20180115-02:18:59.256] thr=2   paramiko.transport.sftp: [chan 0] open(b'sxcdsacs', 'rb')
DEB [20180115-02:19:00.527] thr=2   paramiko.transport.sftp: [chan 0] open(b'saac', 'rb')
DEB [20180115-02:19:02.029] thr=2   paramiko.transport.sftp: [chan 0] open(b'scsacdscs', 'rb')
DEB [20180115-02:19:03.612] thr=2   paramiko.transport.sftp: [chan 0] open(b'scacsacasd', 'rb')
DEB [20180115-02:19:05.443] thr=2   paramiko.transport.sftp: [chan 0] open(b'scdscdscscscs', 'rb')
DEB [20180115-02:19:08.007] thr=2   paramiko.transport.sftp: [chan 0] open(b'cxcscsdcdscdscdscsc', 'rb')
DEB [20180115-02:19:10.236] thr=2   paramiko.transport.sftp: [chan 0] open(b'dfwdfeffdsf', 'rb')
DEB [20180115-02:19:11.321] thr=1   paramiko.transport: EOF in transport thread
DEB [20180115-02:19:51.760] thr=1   paramiko.transport: starting thread (client mode): 0x95103390
DEB [20180115-02:19:51.761] thr=1   paramiko.transport: Local version/idstring: SSH-2.0-paramiko_2.4.0
DEB [20180115-02:19:51.778] thr=1   paramiko.transport: Remote version/idstring: SSH-2.0-OpenSSH_5.3
INF [20180115-02:19:51.778] thr=1   paramiko.transport: Connected (version 2.0, client OpenSSH_5.3)
DEB [20180115-02:19:51.788] thr=1   paramiko.transport: kex algos:['diffie-hellman-group-exchange-sha256', 'diffie-hellman-group-exchange-sha1', 'diffie-hellman-group14-sha1', 'diffie-hellman-group1-sha1'] server key:['ssh-rsa', 'ssh-dss'] client encrypt:['aes128-ctr', 'aes192-ctr', 'aes256-ctr', 'arcfour256', 'arcfour128', 'aes128-cbc', '3des-cbc', 'blowfish-cbc', 'cast128-cbc', 'aes192-cbc', 'aes256-cbc', 'arcfour', 'rijndael-cbc@lysator.liu.se'] server encrypt:['aes128-ctr', 'aes192-ctr', 'aes256-ctr', 'arcfour256', 'arcfour128', 'aes128-cbc', '3des-cbc', 'blowfish-cbc', 'cast128-cbc', 'aes192-cbc', 'aes256-cbc', 'arcfour', 'rijndael-cbc@lysator.liu.se'] client mac:['hmac-md5', 'hmac-sha1', 'umac-64@openssh.com', 'hmac-ripemd160', 'hmac-ripemd160@openssh.com', 'hmac-sha1-96', 'hmac-md5-96'] server mac:['hmac-md5', 'hmac-sha1', 'umac-64@openssh.com', 'hmac-ripemd160', 'hmac-ripemd160@openssh.com', 'hmac-sha1-96', 'hmac-md5-96'] client compress:['none', 'zlib@openssh.com'] server compress:['none', 'zlib@openssh.com'] client lang:[''] server lang:[''] kex follows?False
DEB [20180115-02:19:51.788] thr=1   paramiko.transport: Kex agreed: diffie-hellman-group-exchange-sha256
DEB [20180115-02:19:51.788] thr=1   paramiko.transport: HostKey agreed: ssh-rsa
DEB [20180115-02:19:51.788] thr=1   paramiko.transport: Cipher agreed: aes128-ctr
DEB [20180115-02:19:51.788] thr=1   paramiko.transport: MAC agreed: hmac-sha1
DEB [20180115-02:19:51.788] thr=1   paramiko.transport: Compression agreed: none
DEB [20180115-02:19:51.811] thr=1   paramiko.transport: Got server p (2048 bits)
DEB [20180115-02:19:51.934] thr=1   paramiko.transport: kex engine KexGexSHA256 specified hash_algo <built-in function openssl_sha256>
DEB [20180115-02:19:51.934] thr=1   paramiko.transport: Switch to new keys ...
DEB [20180115-02:19:51.935] thr=2   paramiko.transport: Attempting password auth...
DEB [20180115-02:19:51.987] thr=1   paramiko.transport: userauth is OK
INF [20180115-02:19:52.018] thr=1   paramiko.transport: Authentication (password) successful!
DEB [20180115-02:19:52.018] thr=2   paramiko.transport: [chan 0] Max packet in: 32768 bytes
DEB [20180115-02:19:52.044] thr=1   paramiko.transport: [chan 0] Max packet out: 32768 bytes
DEB [20180115-02:19:52.044] thr=1   paramiko.transport: Secsh channel 0 opened.
DEB [20180115-02:19:52.052] thr=1   paramiko.transport: [chan 0] Sesch channel 0 request ok
INF [20180115-02:19:52.099] thr=2   paramiko.transport.sftp: [chan 0] Opened sftp connection (server version 3)
DEB [20180115-02:19:52.099] thr=2   paramiko.transport.sftp: [chan 0] open(b'dscdscds', 'rb')
DEB [20180115-02:19:54.294] thr=2   paramiko.transport.sftp: [chan 0] open(b'cdscscsc', 'rb')
DEB [20180115-02:19:55.636] thr=2   paramiko.transport.sftp: [chan 0] open(b'kk', 'rb')
DEB [20180115-02:19:56.284] thr=2   paramiko.transport.sftp: [chan 0] open(b'kk', 'rb')
DEB [20180115-02:19:56.694] thr=2   paramiko.transport.sftp: [chan 0] open(b'kk', 'rb')
DEB [20180115-02:19:56.909] thr=2   paramiko.transport.sftp: [chan 0] open(b'k', 'rb')
DEB [20180115-02:19:57.953] thr=1   paramiko.transport: EOF in transport thread
